{"numTotalTestSuites":139,"numPassedTestSuites":114,"numFailedTestSuites":25,"numPendingTestSuites":0,"numTotalTests":412,"numPassedTests":346,"numFailedTests":66,"numPendingTests":0,"numTodoTests":0,"snapshot":{"added":0,"failure":false,"filesAdded":0,"filesRemoved":0,"filesRemovedList":[],"filesUnmatched":0,"filesUpdated":0,"matched":0,"total":0,"unchecked":0,"uncheckedKeysByFile":[],"unmatched":0,"updated":0,"didUpdate":false},"startTime":1782650652160,"success":false,"testResults":[{"assertionResults":[{"ancestorTitles":["decimal helpers"],"fullName":"decimal helpers keeps decimal input editable and filters unsupported characters","status":"passed","title":"keeps decimal input editable and filters unsupported characters","duration":3.191100000000006,"failureMessages":[],"meta":{},"tags":[]},{"ancestorTitles":["decimal helpers"],"fullName":"decimal helpers parses comma and dot decimals","status":"passed","title":"parses comma and dot decimals","duration":0.4981999999999971,"failureMessages":[],"meta":{},"tags":[]},{"ancestorTitles":["decimal helpers"],"fullName":"decimal helpers rounds money to cents","status":"passed","title":"rounds money to cents","duration":0.3022000000000844,"failureMessages":[],"meta":{},"tags":[]}],"startTime":1782650659647,"endTime":1782650659651.3022,"status":"passed","message":"","name":"f:/SSD PROJECT/project_goods/frontend/src/shared/lib/decimal.test.ts"},{"assertionResults":[{"ancestorTitles":["phoneFormatter"],"fullName":"phoneFormatter formats 12-digit UA numbers into grouped output","status":"passed","title":"formats 12-digit UA numbers into grouped output","duration":2.0194000000001324,"failureMessages":[],"meta":{},"tags":[]},{"ancestorTitles":["phoneFormatter"],"fullName":"phoneFormatter returns original value when number is too short","status":"passed","title":"returns original value when number is too short","duration":0.3019000000003871,"failureMessages":[],"meta":{},"tags":[]},{"ancestorTitles":["phoneFormatter"],"fullName":"phoneFormatter validates known UA number formats","status":"passed","title":"validates known UA number formats","duration":0.4750999999996566,"failureMessages":[],"meta":{},"tags":[]},{"ancestorTitles":["phoneFormatter"],"fullName":"phoneFormatter normalizes by stripping non-digit characters","status":"passed","title":"normalizes by stripping non-digit characters","duration":0.2411999999994805,"failureMessages":[],"meta":{},"tags":[]}],"startTime":1782650660179,"endTime":1782650660182.2412,"status":"passed","message":"","name":"f:/SSD PROJECT/project_goods/frontend/src/shared/lib/phoneFormatter.test.ts"},{"assertionResults":[{"ancestorTitles":["phone field helpers"],"fullName":"phone field helpers updatePhoneAtIndex updates primary and phones together","status":"passed","title":"updatePhoneAtIndex updates primary and phones together","duration":2.5367999999998574,"failureMessages":[],"meta":{},"tags":[]},{"ancestorTitles":["phone field helpers"],"fullName":"phone field helpers updatePhoneAtIndex updates additional phone without changing primary","status":"passed","title":"updatePhoneAtIndex updates additional phone without changing primary","duration":0.6688999999996668,"failureMessages":[],"meta":{},"tags":[]},{"ancestorTitles":["phone field helpers"],"fullName":"phone field helpers setPrimaryPhoneAtIndex moves selected phone to front","status":"passed","title":"setPrimaryPhoneAtIndex moves selected phone to front","duration":0.7343999999993684,"failureMessages":[],"meta":{},"tags":[]},{"ancestorTitles":["phone field helpers"],"fullName":"phone field helpers removePhoneAtIndex removes additional phone","status":"passed","title":"removePhoneAtIndex removes additional phone","duration":0.5743000000002212,"failureMessages":[],"meta":{},"tags":[]},{"ancestorTitles":["phone field helpers"],"fullName":"phone field helpers removePhoneAtIndex promotes next phone when removing primary","status":"passed","title":"removePhoneAtIndex promotes next phone when removing primary","duration":0.4217000000007829,"failureMessages":[],"meta":{},"tags":[]},{"ancestorTitles":["phone field helpers"],"fullName":"phone field helpers addPhoneRow appends default phone","status":"passed","title":"addPhoneRow appends default phone","duration":0.2260999999998603,"failureMessages":[],"meta":{},"tags":[]}],"startTime":1782650659678,"endTime":1782650659683.4216,"status":"passed","message":"","name":"f:/SSD PROJECT/project_goods/frontend/src/shared/lib/phones.test.ts"},{"assertionResults":[{"ancestorTitles":["NumberStepper"],"fullName":"NumberStepper accepts comma and dot decimal input without collapsing editable states","status":"passed","title":"accepts comma and dot decimal input without collapsing editable states","duration":44.19030000000021,"failureMessages":[],"meta":{},"tags":[]},{"ancestorTitles":["NumberStepper"],"fullName":"NumberStepper steps money by cents when configured with precision","status":"passed","title":"steps money by cents when configured with precision","duration":4.483900000000176,"failureMessages":[],"meta":{},"tags":[]}],"startTime":1782650659044,"endTime":1782650659092.484,"status":"passed","message":"","name":"f:/SSD PROJECT/project_goods/frontend/src/shared/ui/NumberStepper.test.tsx"},{"assertionResults":[{"ancestorTitles":["PhonesField"],"fullName":"PhonesField emits atomic phone updates when editing primary phone","status":"passed","title":"emits atomic phone updates when editing primary phone","duration":84.21169999999984,"failureMessages":[],"meta":{},"tags":[]},{"ancestorTitles":["PhonesField"],"fullName":"PhonesField promotes additional phone to primary","status":"passed","title":"promotes additional phone to primary","duration":38.04239999999936,"failureMessages":[],"meta":{},"tags":[]},{"ancestorTitles":["PhonesField"],"fullName":"PhonesField removes additional phone row","status":"passed","title":"removes additional phone row","duration":30.2437000000009,"failureMessages":[],"meta":{},"tags":[]}],"startTime":1782650658716,"endTime":1782650658869.2437,"status":"passed","message":"","name":"f:/SSD PROJECT/project_goods/frontend/src/shared/ui/PhonesField.test.tsx"},{"assertionResults":[{"ancestorTitles":["TruncatedTextTooltip"],"fullName":"TruncatedTextTooltip renders the provided text","status":"passed","title":"renders the provided text","duration":31.700199999999313,"failureMessages":[],"meta":{},"tags":[]},{"ancestorTitles":["TruncatedTextTooltip"],"fullName":"TruncatedTextTooltip does not render portal tooltip for non-clipped text (no overflow)","status":"passed","title":"does not render portal tooltip for non-clipped text (no overflow)","duration":6.465299999999843,"failureMessages":[],"meta":{},"tags":[]},{"ancestorTitles":["TruncatedTextTooltip"],"fullName":"TruncatedTextTooltip renders tooltip content when forced overflow simulation (via wide content)","status":"passed","title":"renders tooltip content when forced overflow simulation (via wide content)","duration":33.51230000000032,"failureMessages":[],"meta":{},"tags":[]},{"ancestorTitles":["TruncatedTextTooltip"],"fullName":"TruncatedTextTooltip keeps tooltip open when hovering the tooltip area (simulated)","status":"passed","title":"keeps tooltip open when hovering the tooltip area (simulated)","duration":15.586199999999735,"failureMessages":[],"meta":{},"tags":[]}],"startTime":1782650658964,"endTime":1782650659051.5862,"status":"passed","message":"","name":"f:/SSD PROJECT/project_goods/frontend/src/shared/ui/TruncatedTextTooltip.test.tsx"},{"assertionResults":[{"ancestorTitles":["filterClientsByQuery"],"fullName":"filterClientsByQuery finds clients by additional phone","status":"passed","title":"finds clients by additional phone","duration":3.6033000000006723,"failureMessages":[],"meta":{},"tags":[]}],"startTime":1782650660110,"endTime":1782650660113.6033,"status":"passed","message":"","name":"f:/SSD PROJECT/project_goods/frontend/src/entities/client/lib/filter-clients.test.ts"},{"assertionResults":[{"ancestorTitles":["client phone match helpers"],"fullName":"client phone match helpers matches clients by additional phone and normalized digits","status":"passed","title":"matches clients by additional phone and normalized digits","duration":2.107100000000173,"failureMessages":[],"meta":{},"tags":[]},{"ancestorTitles":["client phone match helpers"],"fullName":"client phone match helpers formats primary phone with compact additional label","status":"passed","title":"formats primary phone with compact additional label","duration":0.28990000000067084,"failureMessages":[],"meta":{},"tags":[]},{"ancestorTitles":["client phone match helpers"],"fullName":"client phone match helpers matches sale snapshots by additional phones with legacy fallback","status":"passed","title":"matches sale snapshots by additional phones with legacy fallback","duration":1.3046999999996842,"failureMessages":[],"meta":{},"tags":[]}],"startTime":1782650660032,"endTime":1782650660035.3047,"status":"passed","message":"","name":"f:/SSD PROJECT/project_goods/frontend/src/entities/client/lib/phone-match.test.ts"},{"assertionResults":[{"ancestorTitles":["getEffectiveClientStatusLogic"],"fullName":"getEffectiveClientStatusLogic upgrades legacy stored new by visit count","status":"passed","title":"upgrades legacy stored new by visit count","duration":1.946700000000419,"failureMessages":[],"meta":{},"tags":[]},{"ancestorTitles":["getEffectiveClientStatusLogic"],"fullName":"getEffectiveClientStatusLogic upgrades empty stored status by visit count","status":"passed","title":"upgrades empty stored status by visit count","duration":0.23340000000007421,"failureMessages":[],"meta":{},"tags":[]},{"ancestorTitles":["getEffectiveClientStatusLogic"],"fullName":"getEffectiveClientStatusLogic keeps manual overrides regardless of visits","status":"passed","title":"keeps manual overrides regardless of visits","duration":0.30349999999998545,"failureMessages":[],"meta":{},"tags":[]},{"ancestorTitles":["getEffectiveClientStatusLogic"],"fullName":"getEffectiveClientStatusLogic always keeps blacklist","status":"passed","title":"always keeps blacklist","duration":0.18150000000059663,"failureMessages":[],"meta":{},"tags":[]}],"startTime":1782650660061,"endTime":1782650660064.1814,"status":"passed","message":"","name":"f:/SSD PROJECT/project_goods/frontend/src/entities/client/model/constants.test.ts"},{"assertionResults":[{"ancestorTitles":["unbind-client-device helpers"],"fullName":"unbind-client-device helpers returns delete when device can be removed","status":"passed","title":"returns delete when device can be removed","duration":1.8480999999992491,"failureMessages":[],"meta":{},"tags":[]},{"ancestorTitles":["unbind-client-device helpers"],"fullName":"unbind-client-device helpers returns deactivate when device is used in orders","status":"passed","title":"returns deactivate when device is used in orders","duration":0.4709000000002561,"failureMessages":[],"meta":{},"tags":[]},{"ancestorTitles":["unbind-client-device helpers"],"fullName":"unbind-client-device helpers builds deactivate payload with optimistic concurrency","status":"passed","title":"builds deactivate payload with optimistic concurrency","duration":1.347899999999754,"failureMessages":[],"meta":{},"tags":[]},{"ancestorTitles":["unbind-client-device helpers"],"fullName":"unbind-client-device helpers filters active devices for one client and deduplicates by name","status":"passed","title":"filters active devices for one client and deduplicates by name","duration":0.46709999999984575,"failureMessages":[],"meta":{},"tags":[]},{"ancestorTitles":["unbind-client-device helpers"],"fullName":"unbind-client-device helpers deletes removable devices through unbind helper","status":"passed","title":"deletes removable devices through unbind helper","duration":6.260199999999713,"failureMessages":[],"meta":{},"tags":[]},{"ancestorTitles":["unbind-client-device helpers"],"fullName":"unbind-client-device helpers deactivates used devices through unbind helper","status":"passed","title":"deactivates used devices through unbind helper","duration":1.2624000000005253,"failureMessages":[],"meta":{},"tags":[]},{"ancestorTitles":["unbind-client-device helpers"],"fullName":"unbind-client-device helpers skips inactive devices","status":"passed","title":"skips inactive devices","duration":0.5325999999995474,"failureMessages":[],"meta":{},"tags":[]}],"startTime":1782650659568,"endTime":1782650659580.5327,"status":"passed","message":"","name":"f:/SSD PROJECT/project_goods/frontend/src/entities/client-device/lib/unbind-client-device.test.ts"},{"assertionResults":[{"ancestorTitles":["filterProducts"],"fullName":"filterProducts returns all products for empty query","status":"passed","title":"returns all products for empty query","duration":2.4942000000000917,"failureMessages":[],"meta":{},"tags":[]},{"ancestorTitles":["filterProducts"],"fullName":"filterProducts finds products by normalized text query","status":"passed","title":"finds products by normalized text query","duration":0.5178999999998268,"failureMessages":[],"meta":{},"tags":[]},{"ancestorTitles":["filterProducts"],"fullName":"filterProducts searches across article and serial number","status":"passed","title":"searches across article and serial number","duration":0.4708999999993466,"failureMessages":[],"meta":{},"tags":[]}],"startTime":1782650659872,"endTime":1782650659875.471,"status":"passed","message":"","name":"f:/SSD PROJECT/project_goods/frontend/src/entities/product/lib/filter-products.test.ts"},{"assertionResults":[{"ancestorTitles":["saleApi response validation"],"fullName":"saleApi response validation accepts a create sale response with sale and product","status":"failed","title":"accepts a create sale response with sale and product","duration":59.61120000000028,"failureMessages":["Error: promise rejected \"Error: Network Error\" instead of resolving\n    at _Assertion.__VITEST_RESOLVES__ (file:///F:/SSD%20PROJECT/project_goods/frontend/node_modules/@vitest/expect/dist/index.js:1710:17)\n    at _Assertion.propertyGetter (file:///F:/SSD%20PROJECT/project_goods/frontend/node_modules/chai/index.js:1570:27)\n    at Reflect.get (<anonymous>)\n    at Object.proxyGetter [as get] (file:///F:/SSD%20PROJECT/project_goods/frontend/node_modules/chai/index.js:1659:22)\n    at F:/SSD PROJECT/project_goods/frontend/src/entities/sale/api/saleApi.test.ts:78:44\n    at file:///F:/SSD%20PROJECT/project_goods/frontend/node_modules/@vitest/runner/dist/chunk-artifact.js:302:11\n    at file:///F:/SSD%20PROJECT/project_goods/frontend/node_modules/@vitest/runner/dist/chunk-artifact.js:1903:26\n    at file:///F:/SSD%20PROJECT/project_goods/frontend/node_modules/@vitest/runner/dist/chunk-artifact.js:2326:20\n    at new Promise (<anonymous>)\n    at runWithCancel (file:///F:/SSD%20PROJECT/project_goods/frontend/node_modules/@vitest/runner/dist/chunk-artifact.js:2323:10)"],"meta":{},"tags":[]},{"ancestorTitles":["saleApi response validation"],"fullName":"saleApi response validation rejects a create sale response without a valid sale","status":"failed","title":"rejects a create sale response without a valid sale","duration":10.576199999999972,"failureMessages":["Error: expected [Function] to throw error including 'Unexpected create sale response from …' but got 'Network Error'\n    at _Assertion.__VITEST_REJECTS__ (file:///F:/SSD%20PROJECT/project_goods/frontend/node_modules/@vitest/expect/dist/index.js:1747:17)\n    at _Assertion.propertyGetter (file:///F:/SSD%20PROJECT/project_goods/frontend/node_modules/chai/index.js:1570:27)\n    at Reflect.get (<anonymous>)\n    at Object.proxyGetter [as get] (file:///F:/SSD%20PROJECT/project_goods/frontend/node_modules/chai/index.js:1659:22)\n    at F:/SSD PROJECT/project_goods/frontend/src/entities/sale/api/saleApi.test.ts:89:44\n    at file:///F:/SSD%20PROJECT/project_goods/frontend/node_modules/@vitest/runner/dist/chunk-artifact.js:302:11\n    at file:///F:/SSD%20PROJECT/project_goods/frontend/node_modules/@vitest/runner/dist/chunk-artifact.js:1903:26\n    at file:///F:/SSD%20PROJECT/project_goods/frontend/node_modules/@vitest/runner/dist/chunk-artifact.js:2326:20\n    at new Promise (<anonymous>)\n    at runWithCancel (file:///F:/SSD%20PROJECT/project_goods/frontend/node_modules/@vitest/runner/dist/chunk-artifact.js:2323:10)"],"meta":{},"tags":[]},{"ancestorTitles":["saleApi response validation"],"fullName":"saleApi response validation accepts a direct sale workspace update response","status":"failed","title":"accepts a direct sale workspace update response","duration":4.722699999999804,"failureMessages":["Error: promise rejected \"Error: Network Error\" instead of resolving\n    at _Assertion.__VITEST_RESOLVES__ (file:///F:/SSD%20PROJECT/project_goods/frontend/node_modules/@vitest/expect/dist/index.js:1710:17)\n    at _Assertion.propertyGetter (file:///F:/SSD%20PROJECT/project_goods/frontend/node_modules/chai/index.js:1570:27)\n    at Reflect.get (<anonymous>)\n    at Object.proxyGetter [as get] (file:///F:/SSD%20PROJECT/project_goods/frontend/node_modules/chai/index.js:1659:22)\n    at F:/SSD PROJECT/project_goods/frontend/src/entities/sale/api/saleApi.test.ts:97:66\n    at file:///F:/SSD%20PROJECT/project_goods/frontend/node_modules/@vitest/runner/dist/chunk-artifact.js:302:11\n    at file:///F:/SSD%20PROJECT/project_goods/frontend/node_modules/@vitest/runner/dist/chunk-artifact.js:1903:26\n    at file:///F:/SSD%20PROJECT/project_goods/frontend/node_modules/@vitest/runner/dist/chunk-artifact.js:2326:20\n    at new Promise (<anonymous>)\n    at runWithCancel (file:///F:/SSD%20PROJECT/project_goods/frontend/node_modules/@vitest/runner/dist/chunk-artifact.js:2323:10)"],"meta":{},"tags":[]},{"ancestorTitles":["saleApi response validation"],"fullName":"saleApi response validation rejects invalid sale workspace update responses","status":"failed","title":"rejects invalid sale workspace update responses","duration":5.490599999999631,"failureMessages":["Error: expected [Function] to throw error including 'Unexpected sale workspace update resp…' but got 'Network Error'\n    at _Assertion.__VITEST_REJECTS__ (file:///F:/SSD%20PROJECT/project_goods/frontend/node_modules/@vitest/expect/dist/index.js:1747:17)\n    at _Assertion.propertyGetter (file:///F:/SSD%20PROJECT/project_goods/frontend/node_modules/chai/index.js:1570:27)\n    at Reflect.get (<anonymous>)\n    at Object.proxyGetter [as get] (file:///F:/SSD%20PROJECT/project_goods/frontend/node_modules/chai/index.js:1659:22)\n    at F:/SSD PROJECT/project_goods/frontend/src/entities/sale/api/saleApi.test.ts:105:66\n    at file:///F:/SSD%20PROJECT/project_goods/frontend/node_modules/@vitest/runner/dist/chunk-artifact.js:302:11\n    at file:///F:/SSD%20PROJECT/project_goods/frontend/node_modules/@vitest/runner/dist/chunk-artifact.js:1903:26\n    at file:///F:/SSD%20PROJECT/project_goods/frontend/node_modules/@vitest/runner/dist/chunk-artifact.js:2326:20\n    at new Promise (<anonymous>)\n    at runWithCancel (file:///F:/SSD%20PROJECT/project_goods/frontend/node_modules/@vitest/runner/dist/chunk-artifact.js:2323:10)"],"meta":{},"tags":[]},{"ancestorTitles":["saleApi response validation"],"fullName":"saleApi response validation rejects wrapped sale workspace update responses","status":"failed","title":"rejects wrapped sale workspace update responses","duration":4.8069000000000415,"failureMessages":["Error: expected [Function] to throw error including 'Unexpected sale workspace update resp…' but got 'Network Error'\n    at _Assertion.__VITEST_REJECTS__ (file:///F:/SSD%20PROJECT/project_goods/frontend/node_modules/@vitest/expect/dist/index.js:1747:17)\n    at _Assertion.propertyGetter (file:///F:/SSD%20PROJECT/project_goods/frontend/node_modules/chai/index.js:1570:27)\n    at Reflect.get (<anonymous>)\n    at Object.proxyGetter [as get] (file:///F:/SSD%20PROJECT/project_goods/frontend/node_modules/chai/index.js:1659:22)\n    at F:/SSD PROJECT/project_goods/frontend/src/entities/sale/api/saleApi.test.ts:115:66\n    at file:///F:/SSD%20PROJECT/project_goods/frontend/node_modules/@vitest/runner/dist/chunk-artifact.js:302:11\n    at file:///F:/SSD%20PROJECT/project_goods/frontend/node_modules/@vitest/runner/dist/chunk-artifact.js:1903:26\n    at file:///F:/SSD%20PROJECT/project_goods/frontend/node_modules/@vitest/runner/dist/chunk-artifact.js:2326:20\n    at new Promise (<anonymous>)\n    at runWithCancel (file:///F:/SSD%20PROJECT/project_goods/frontend/node_modules/@vitest/runner/dist/chunk-artifact.js:2323:10)"],"meta":{},"tags":[]}],"startTime":1782650654979,"endTime":1782650655063.807,"status":"failed","message":"","name":"f:/SSD PROJECT/project_goods/frontend/src/entities/sale/api/saleApi.test.ts"},{"assertionResults":[{"ancestorTitles":["renderPrintTemplate"],"fullName":"renderPrintTemplate renders supported print variables","status":"passed","title":"renders supported print variables","duration":2.6395000000002256,"failureMessages":[],"meta":{},"tags":[]},{"ancestorTitles":["renderPrintTemplate"],"fullName":"renderPrintTemplate renders English empty table fallbacks","status":"passed","title":"renders English empty table fallbacks","duration":0.6759000000001834,"failureMessages":[],"meta":{},"tags":[]},{"ancestorTitles":["renderPrintTemplate"],"fullName":"renderPrintTemplate leaves unknown variables visible","status":"passed","title":"leaves unknown variables visible","duration":0.31679999999960273,"failureMessages":[],"meta":{},"tags":[]},{"ancestorTitles":["renderPrintTemplate"],"fullName":"renderPrintTemplate renders tables and barcode without dropping surrounding html","status":"passed","title":"renders tables and barcode without dropping surrounding html","duration":0.47590000000036525,"failureMessages":[],"meta":{},"tags":[]},{"ancestorTitles":["renderPrintTemplate"],"fullName":"renderPrintTemplate uses the explicit barcode value and renders label variables","status":"passed","title":"uses the explicit barcode value and renders label variables","duration":2.262499999999818,"failureMessages":[],"meta":{},"tags":[]},{"ancestorTitles":["renderPrintTemplate"],"fullName":"renderPrintTemplate removes editor token wrappers from rendered output","status":"passed","title":"removes editor token wrappers from rendered output","duration":0.38770000000022264,"failureMessages":[],"meta":{},"tags":[]},{"ancestorTitles":["renderPrintLayout"],"fullName":"renderPrintLayout renders supported layout blocks to stable html","status":"passed","title":"renders supported layout blocks to stable html","duration":1.2452000000002954,"failureMessages":[],"meta":{},"tags":[]},{"ancestorTitles":["renderPrintLayout"],"fullName":"renderPrintLayout escapes literal html while preserving variables","status":"passed","title":"escapes literal html while preserving variables","duration":0.30050000000028376,"failureMessages":[],"meta":{},"tags":[]},{"ancestorTitles":["renderPrintLayout"],"fullName":"renderPrintLayout renders paragraph level classes for font sizing","status":"passed","title":"renders paragraph level classes for font sizing","duration":0.29539999999997235,"failureMessages":[],"meta":{},"tags":[]},{"ancestorTitles":["renderPrintLayout"],"fullName":"renderPrintLayout defaults missing paragraph level to level 3 in rendered output","status":"passed","title":"defaults missing paragraph level to level 3 in rendered output","duration":0.27890000000024884,"failureMessages":[],"meta":{},"tags":[]},{"ancestorTitles":["renderPrintLayout"],"fullName":"renderPrintLayout renders text weight classes for heading and paragraph blocks","status":"passed","title":"renders text weight classes for heading and paragraph blocks","duration":0.20520000000033178,"failureMessages":[],"meta":{},"tags":[]},{"ancestorTitles":["renderPrintLayout"],"fullName":"renderPrintLayout does not add weight class for legacy text blocks without weight","status":"passed","title":"does not add weight class for legacy text blocks without weight","duration":0.19759999999951106,"failureMessages":[],"meta":{},"tags":[]},{"ancestorTitles":["normalizePrintLayoutBlocks"],"fullName":"normalizePrintLayoutBlocks adds default level 3 to legacy paragraph blocks","status":"passed","title":"adds default level 3 to legacy paragraph blocks","duration":1.5322999999998501,"failureMessages":[],"meta":{},"tags":[]},{"ancestorTitles":["normalizePrintLayoutBlocks"],"fullName":"normalizePrintLayoutBlocks preserves valid text weight and drops invalid values","status":"passed","title":"preserves valid text weight and drops invalid values","duration":0.8314000000000306,"failureMessages":[],"meta":{},"tags":[]},{"ancestorTitles":["normalizePrintLayoutBlocks"],"fullName":"normalizePrintLayoutBlocks normalizes nested column paragraph blocks","status":"passed","title":"normalizes nested column paragraph blocks","duration":1.006199999999808,"failureMessages":[],"meta":{},"tags":[]},{"ancestorTitles":["normalizeContentMargins"],"fullName":"normalizeContentMargins clamps custom margins and keeps label defaults when missing","status":"passed","title":"clamps custom margins and keeps label defaults when missing","duration":0.40540000000055443,"failureMessages":[],"meta":{},"tags":[]},{"ancestorTitles":["normalizePrintFormsForView"],"fullName":"normalizePrintFormsForView normalizes legacy paragraph levels when loading layout forms","status":"passed","title":"normalizes legacy paragraph levels when loading layout forms","duration":1.0802000000003318,"failureMessages":[],"meta":{},"tags":[]},{"ancestorTitles":["normalizePrintFormsForView"],"fullName":"normalizePrintFormsForView generates content from layout blocks","status":"passed","title":"generates content from layout blocks","duration":1.0708999999997104,"failureMessages":[],"meta":{},"tags":[]},{"ancestorTitles":["normalizePrintFormsForView"],"fullName":"normalizePrintFormsForView keeps legacy custom html unchanged","status":"passed","title":"keeps legacy custom html unchanged","duration":0.8364000000001397,"failureMessages":[],"meta":{},"tags":[]},{"ancestorTitles":["normalizePrintFormsForView"],"fullName":"normalizePrintFormsForView applies legacy label content margins by default","status":"passed","title":"applies legacy label content margins by default","duration":0.5216999999993277,"failureMessages":[],"meta":{},"tags":[]},{"ancestorTitles":["normalizePrintFormsForView"],"fullName":"normalizePrintFormsForView applies zero document content margins by default","status":"passed","title":"applies zero document content margins by default","duration":0.7157999999999447,"failureMessages":[],"meta":{},"tags":[]},{"ancestorTitles":["normalizePrintFormsForView"],"fullName":"normalizePrintFormsForView adds the default label size to label forms","status":"passed","title":"adds the default label size to label forms","duration":0.8293999999996231,"failureMessages":[],"meta":{},"tags":[]},{"ancestorTitles":["normalizePrintFormsForView"],"fullName":"normalizePrintFormsForView keeps the built-in barcode default horizontal and label-focused","status":"passed","title":"keeps the built-in barcode default horizontal and label-focused","duration":0.810099999999693,"failureMessages":[],"meta":{},"tags":[]},{"ancestorTitles":["normalizePrintFormsForView"],"fullName":"normalizePrintFormsForView adds warehouse-barcode form by copying layout settings from the current barcode form","status":"passed","title":"adds warehouse-barcode form by copying layout settings from the current barcode form","duration":0.5244999999995343,"failureMessages":[],"meta":{},"tags":[]},{"ancestorTitles":["normalizePrintFormsForView"],"fullName":"normalizePrintFormsForView maps warehouse label template data from product serial fields","status":"passed","title":"maps warehouse label template data from product serial fields","duration":0.19250000000010914,"failureMessages":[],"meta":{},"tags":[]},{"ancestorTitles":["normalizePrintFormsForView"],"fullName":"normalizePrintFormsForView default Barcode form: page size label, 40x25mm, landscape, renders inside .print-label","status":"passed","title":"default Barcode form: page size label, 40x25mm, landscape, renders inside .print-label","duration":0.6295000000000073,"failureMessages":[],"meta":{},"tags":[]},{"ancestorTitles":["normalizePrintFormsForView"],"fullName":"normalizePrintFormsForView updates the old built-in barcode form without replacing custom barcode forms","status":"passed","title":"updates the old built-in barcode form without replacing custom barcode forms","duration":0.5417999999999665,"failureMessages":[],"meta":{},"tags":[]},{"ancestorTitles":["normalizePrintFormsForView"],"fullName":"normalizePrintFormsForView updates recognizable legacy standard forms only","status":"passed","title":"updates recognizable legacy standard forms only","duration":0.4416000000001077,"failureMessages":[],"meta":{},"tags":[]},{"ancestorTitles":["normalizePrintFormsForView"],"fullName":"normalizePrintFormsForView keeps built-in defaults in English","status":"passed","title":"keeps built-in defaults in English","duration":0.2672000000002299,"failureMessages":[],"meta":{},"tags":[]},{"ancestorTitles":["normalizePrintFormsForView"],"fullName":"normalizePrintFormsForView keeps invoice defaults aligned with client requisites","status":"passed","title":"keeps invoice defaults aligned with client requisites","duration":0.5615999999999985,"failureMessages":[],"meta":{},"tags":[]}],"startTime":1782650659240,"endTime":1782650659263.5615,"status":"passed","message":"","name":"f:/SSD PROJECT/project_goods/frontend/src/entities/settings/model/printForms.test.ts"},{"assertionResults":[{"ancestorTitles":["supplier phone form helpers"],"fullName":"supplier phone form helpers reads phones array and falls back to legacy phone","status":"passed","title":"reads phones array and falls back to legacy phone","duration":2.57970000000023,"failureMessages":[],"meta":{},"tags":[]},{"ancestorTitles":["supplier phone form helpers"],"fullName":"supplier phone form helpers maps supplier to form with phones list","status":"passed","title":"maps supplier to form with phones list","duration":0.6352999999999156,"failureMessages":[],"meta":{},"tags":[]},{"ancestorTitles":["supplier phone form helpers"],"fullName":"supplier phone form helpers mapSupplierFormToPayload keeps primary first and dedupes phones","status":"passed","title":"mapSupplierFormToPayload keeps primary first and dedupes phones","duration":0.7427000000006956,"failureMessages":[],"meta":{},"tags":[]}],"startTime":1782650659754,"endTime":1782650659757.7427,"status":"passed","message":"","name":"f:/SSD PROJECT/project_goods/frontend/src/entities/supplier/model/forms.test.ts"},{"assertionResults":[{"ancestorTitles":["dashboard-navigation"],"fullName":"dashboard-navigation parses and builds a round-trip location","status":"passed","title":"parses and builds a round-trip location","duration":4.788399999999456,"failureMessages":[],"meta":{},"tags":[]},{"ancestorTitles":["dashboard-navigation"],"fullName":"dashboard-navigation derives orders tab from createOrder when ordersTab is absent","status":"passed","title":"derives orders tab from createOrder when ordersTab is absent","duration":0.7026000000005297,"failureMessages":[],"meta":{},"tags":[]},{"ancestorTitles":["dashboard-navigation"],"fullName":"dashboard-navigation keeps accounting tab only on the accounting page","status":"passed","title":"keeps accounting tab only on the accounting page","duration":0.6711999999997715,"failureMessages":[],"meta":{},"tags":[]},{"ancestorTitles":["dashboard-navigation"],"fullName":"dashboard-navigation builds sidebar hrefs through getDashboardHref","status":"passed","title":"builds sidebar hrefs through getDashboardHref","duration":0.5419999999994616,"failureMessages":[],"meta":{},"tags":[]},{"ancestorTitles":["dashboard-navigation"],"fullName":"dashboard-navigation uses pushState by default and replaceState when requested","status":"passed","title":"uses pushState by default and replaceState when requested","duration":3.446700000000419,"failureMessages":[],"meta":{},"tags":[]},{"ancestorTitles":["dashboard-navigation"],"fullName":"dashboard-navigation skips history updates when the href is unchanged","status":"passed","title":"skips history updates when the href is unchanged","duration":0.8082000000003973,"failureMessages":[],"meta":{},"tags":[]}],"startTime":1782650659329,"endTime":1782650659339.808,"status":"passed","message":"","name":"f:/SSD PROJECT/project_goods/frontend/src/pages/dashboard/model/dashboard-navigation.test.ts"},{"assertionResults":[{"ancestorTitles":["DashboardPage sync control"],"fullName":"DashboardPage sync control hard reloads the app when Last sync is clicked","status":"failed","title":"hard reloads the app when Last sync is clicked","duration":38.994799999999486,"failureMessages":["Error: No QueryClient set, use QueryClientProvider to set one\n    at useQueryClient (file:///f:/SSD%20PROJECT/project_goods/frontend/node_modules/@tanstack/react-query/build/modern/QueryClientProvider.js:15:11)\n    at useMutation (file:///f:/SSD%20PROJECT/project_goods/frontend/node_modules/@tanstack/react-query/build/modern/useMutation.js:13:18)\n    at useDashboardPage (F:/SSD PROJECT/project_goods/frontend/src/pages/dashboard/model/useDashboardPage.ts:160:33)\n    at DashboardPage (F:/SSD PROJECT/project_goods/frontend/src/pages/dashboard/ui/DashboardPage.tsx:210:30)\n    at Object.react_stack_bottom_frame (f:\\SSD PROJECT\\project_goods\\frontend\\node_modules\\react-dom\\cjs\\react-dom-client.development.js:25904:20)\n    at renderWithHooks (f:\\SSD PROJECT\\project_goods\\frontend\\node_modules\\react-dom\\cjs\\react-dom-client.development.js:7662:22)\n    at updateFunctionComponent (f:\\SSD PROJECT\\project_goods\\frontend\\node_modules\\react-dom\\cjs\\react-dom-client.development.js:10166:19)\n    at beginWork (f:\\SSD PROJECT\\project_goods\\frontend\\node_modules\\react-dom\\cjs\\react-dom-client.development.js:11778:18)\n    at runWithFiberInDEV (f:\\SSD PROJECT\\project_goods\\frontend\\node_modules\\react-dom\\cjs\\react-dom-client.development.js:874:13)\n    at performUnitOfWork (f:\\SSD PROJECT\\project_goods\\frontend\\node_modules\\react-dom\\cjs\\react-dom-client.development.js:17641:22)"],"meta":{},"tags":[]},{"ancestorTitles":["DashboardPage auth recovery"],"fullName":"DashboardPage auth recovery keeps the workspace open when session check returns 401 and a snapshot exists","status":"failed","title":"keeps the workspace open when session check returns 401 and a snapshot exists","duration":4.560800000000199,"failureMessages":["Error: No QueryClient set, use QueryClientProvider to set one\n    at useQueryClient (file:///f:/SSD%20PROJECT/project_goods/frontend/node_modules/@tanstack/react-query/build/modern/QueryClientProvider.js:15:11)\n    at useMutation (file:///f:/SSD%20PROJECT/project_goods/frontend/node_modules/@tanstack/react-query/build/modern/useMutation.js:13:18)\n    at useDashboardPage (F:/SSD PROJECT/project_goods/frontend/src/pages/dashboard/model/useDashboardPage.ts:160:33)\n    at DashboardPage (F:/SSD PROJECT/project_goods/frontend/src/pages/dashboard/ui/DashboardPage.tsx:210:30)\n    at Object.react_stack_bottom_frame (f:\\SSD PROJECT\\project_goods\\frontend\\node_modules\\react-dom\\cjs\\react-dom-client.development.js:25904:20)\n    at renderWithHooks (f:\\SSD PROJECT\\project_goods\\frontend\\node_modules\\react-dom\\cjs\\react-dom-client.development.js:7662:22)\n    at updateFunctionComponent (f:\\SSD PROJECT\\project_goods\\frontend\\node_modules\\react-dom\\cjs\\react-dom-client.development.js:10166:19)\n    at beginWork (f:\\SSD PROJECT\\project_goods\\frontend\\node_modules\\react-dom\\cjs\\react-dom-client.development.js:11778:18)\n    at runWithFiberInDEV (f:\\SSD PROJECT\\project_goods\\frontend\\node_modules\\react-dom\\cjs\\react-dom-client.development.js:874:13)\n    at performUnitOfWork (f:\\SSD PROJECT\\project_goods\\frontend\\node_modules\\react-dom\\cjs\\react-dom-client.development.js:17641:22)"],"meta":{},"tags":[]},{"ancestorTitles":["DashboardPage browser history"],"fullName":"DashboardPage browser history pushes history entries for in-app navigation and restores state on popstate","status":"failed","title":"pushes history entries for in-app navigation and restores state on popstate","duration":12.222399999999652,"failureMessages":["Error: No QueryClient set, use QueryClientProvider to set one\n    at useQueryClient (file:///f:/SSD%20PROJECT/project_goods/frontend/node_modules/@tanstack/react-query/build/modern/QueryClientProvider.js:15:11)\n    at useMutation (file:///f:/SSD%20PROJECT/project_goods/frontend/node_modules/@tanstack/react-query/build/modern/useMutation.js:13:18)\n    at useDashboardPage (F:/SSD PROJECT/project_goods/frontend/src/pages/dashboard/model/useDashboardPage.ts:160:33)\n    at DashboardPage (F:/SSD PROJECT/project_goods/frontend/src/pages/dashboard/ui/DashboardPage.tsx:210:30)\n    at Object.react_stack_bottom_frame (f:\\SSD PROJECT\\project_goods\\frontend\\node_modules\\react-dom\\cjs\\react-dom-client.development.js:25904:20)\n    at renderWithHooks (f:\\SSD PROJECT\\project_goods\\frontend\\node_modules\\react-dom\\cjs\\react-dom-client.development.js:7662:22)\n    at updateFunctionComponent (f:\\SSD PROJECT\\project_goods\\frontend\\node_modules\\react-dom\\cjs\\react-dom-client.development.js:10166:19)\n    at beginWork (f:\\SSD PROJECT\\project_goods\\frontend\\node_modules\\react-dom\\cjs\\react-dom-client.development.js:11778:18)\n    at runWithFiberInDEV (f:\\SSD PROJECT\\project_goods\\frontend\\node_modules\\react-dom\\cjs\\react-dom-client.development.js:874:13)\n    at performUnitOfWork (f:\\SSD PROJECT\\project_goods\\frontend\\node_modules\\react-dom\\cjs\\react-dom-client.development.js:17641:22)"],"meta":{},"tags":[]},{"ancestorTitles":["DashboardPage last sync reload"],"fullName":"DashboardPage last sync reload clicking Last sync hard reloads the page and preserves login state","status":"failed","title":"clicking Last sync hard reloads the page and preserves login state","duration":3.940400000000409,"failureMessages":["Error: No QueryClient set, use QueryClientProvider to set one\n    at useQueryClient (file:///f:/SSD%20PROJECT/project_goods/frontend/node_modules/@tanstack/react-query/build/modern/QueryClientProvider.js:15:11)\n    at useMutation (file:///f:/SSD%20PROJECT/project_goods/frontend/node_modules/@tanstack/react-query/build/modern/useMutation.js:13:18)\n    at useDashboardPage (F:/SSD PROJECT/project_goods/frontend/src/pages/dashboard/model/useDashboardPage.ts:160:33)\n    at DashboardPage (F:/SSD PROJECT/project_goods/frontend/src/pages/dashboard/ui/DashboardPage.tsx:210:30)\n    at Object.react_stack_bottom_frame (f:\\SSD PROJECT\\project_goods\\frontend\\node_modules\\react-dom\\cjs\\react-dom-client.development.js:25904:20)\n    at renderWithHooks (f:\\SSD PROJECT\\project_goods\\frontend\\node_modules\\react-dom\\cjs\\react-dom-client.development.js:7662:22)\n    at updateFunctionComponent (f:\\SSD PROJECT\\project_goods\\frontend\\node_modules\\react-dom\\cjs\\react-dom-client.development.js:10166:19)\n    at beginWork (f:\\SSD PROJECT\\project_goods\\frontend\\node_modules\\react-dom\\cjs\\react-dom-client.development.js:11778:18)\n    at runWithFiberInDEV (f:\\SSD PROJECT\\project_goods\\frontend\\node_modules\\react-dom\\cjs\\react-dom-client.development.js:874:13)\n    at performUnitOfWork (f:\\SSD PROJECT\\project_goods\\frontend\\node_modules\\react-dom\\cjs\\react-dom-client.development.js:17641:22)"],"meta":{},"tags":[]}],"startTime":1782650657670,"endTime":1782650657729.9404,"status":"failed","message":"","name":"f:/SSD PROJECT/project_goods/frontend/src/pages/dashboard/ui/DashboardPage.test.tsx"},{"assertionResults":[{"ancestorTitles":["accounting model helpers"],"fullName":"accounting model helpers summarizes cashbox totals and finance overview rows","status":"passed","title":"summarizes cashbox totals and finance overview rows","duration":3.152200000000448,"failureMessages":[],"meta":{},"tags":[]},{"ancestorTitles":["accounting model helpers"],"fullName":"accounting model helpers calculates balance after each transaction from current balances","status":"passed","title":"calculates balance after each transaction from current balances","duration":0.5698000000002139,"failureMessages":[],"meta":{},"tags":[]},{"ancestorTitles":["accounting model helpers"],"fullName":"accounting model helpers filters, sorts, and counts active transaction filters","status":"passed","title":"filters, sorts, and counts active transaction filters","duration":0.5393000000003667,"failureMessages":[],"meta":{},"tags":[]},{"ancestorTitles":["accounting model helpers"],"fullName":"accounting model helpers normalizes currency activity maps without dropping required defaults","status":"passed","title":"normalizes currency activity maps without dropping required defaults","duration":0.30050000000028376,"failureMessages":[],"meta":{},"tags":[]},{"ancestorTitles":["accounting model helpers"],"fullName":"accounting model helpers hides disabled empty USD balances and shows existing disabled USD as withdraw-only","status":"passed","title":"hides disabled empty USD balances and shows existing disabled USD as withdraw-only","duration":0.5398999999997613,"failureMessages":[],"meta":{},"tags":[]},{"ancestorTitles":["accounting model helpers"],"fullName":"accounting model helpers allows transaction currencies according to per-cashbox currency settings","status":"passed","title":"allows transaction currencies according to per-cashbox currency settings","duration":0.5167000000001281,"failureMessages":[],"meta":{},"tags":[]},{"ancestorTitles":["accounting model helpers"],"fullName":"accounting model helpers allows cancelling an eligible transfer on the same business day","status":"passed","title":"allows cancelling an eligible transfer on the same business day","duration":1.6450000000004366,"failureMessages":[],"meta":{},"tags":[]},{"ancestorTitles":["accounting model helpers"],"fullName":"accounting model helpers hides cancellation for transfers from a previous business day","status":"passed","title":"hides cancellation for transfers from a previous business day","duration":0.43589999999949214,"failureMessages":[],"meta":{},"tags":[]},{"ancestorTitles":["accounting model helpers"],"fullName":"accounting model helpers rejects cancellation for ineligible transaction states","status":"passed","title":"rejects cancellation for ineligible transaction states","duration":0.41489999999976135,"failureMessages":[],"meta":{},"tags":[]},{"ancestorTitles":["accounting model helpers"],"fullName":"accounting model helpers validates whether a transfer can be performed between two different cashboxes","status":"passed","title":"validates whether a transfer can be performed between two different cashboxes","duration":0.4091000000007625,"failureMessages":[],"meta":{},"tags":[]},{"ancestorTitles":["accounting model helpers"],"fullName":"accounting model helpers parses order token only from documented payment/refund note patterns","status":"passed","title":"parses order token only from documented payment/refund note patterns","duration":0.7199000000000524,"failureMessages":[],"meta":{},"tags":[]}],"startTime":1782650659416,"endTime":1782650659425.72,"status":"passed","message":"","name":"f:/SSD PROJECT/project_goods/frontend/src/widgets/dashboard/model/accounting.test.ts"},{"assertionResults":[{"ancestorTitles":["analytics-date-range"],"fullName":"analytics-date-range validates and normalizes date ranges","status":"passed","title":"validates and normalizes date ranges","duration":2.5882000000001426,"failureMessages":[],"meta":{},"tags":[]},{"ancestorTitles":["analytics-date-range"],"fullName":"analytics-date-range counts active date filters","status":"passed","title":"counts active date filters","duration":0.511199999999917,"failureMessages":[],"meta":{},"tags":[]},{"ancestorTitles":["analytics-date-range"],"fullName":"analytics-date-range filters sales by date range","status":"passed","title":"filters sales by date range","duration":0.30869999999958964,"failureMessages":[],"meta":{},"tags":[]},{"ancestorTitles":["analytics-date-range"],"fullName":"analytics-date-range formats date range labels","status":"passed","title":"formats date range labels","duration":0.6734999999998763,"failureMessages":[],"meta":{},"tags":[]}],"startTime":1782650659492,"endTime":1782650659496.6736,"status":"passed","message":"","name":"f:/SSD PROJECT/project_goods/frontend/src/widgets/dashboard/model/analytics-date-range.test.ts"},{"assertionResults":[{"ancestorTitles":["getStoredClientCardTab"],"fullName":"getStoredClientCardTab restores devices tab from local storage","status":"passed","title":"restores devices tab from local storage","duration":1.806800000000294,"failureMessages":[],"meta":{},"tags":[]},{"ancestorTitles":["getClientStatsMap"],"fullName":"getClientStatsMap uses line items and discounts instead of salePrice * quantity","status":"passed","title":"uses line items and discounts instead of salePrice * quantity","duration":0.6715999999996711,"failureMessages":[],"meta":{},"tags":[]},{"ancestorTitles":["getClientStatsMap"],"fullName":"getClientStatsMap aggregates multiple sales for the same client","status":"passed","title":"aggregates multiple sales for the same client","duration":0.4124000000001615,"failureMessages":[],"meta":{},"tags":[]}],"startTime":1782650659950,"endTime":1782650659953.4124,"status":"passed","message":"","name":"f:/SSD PROJECT/project_goods/frontend/src/widgets/dashboard/model/clients-workspace.test.ts"},{"assertionResults":[{"ancestorTitles":["create order product helpers"],"fullName":"create order product helpers prioritizes exact serial stock matches","status":"passed","title":"prioritizes exact serial stock matches","duration":6.804000000000087,"failureMessages":[],"meta":{},"tags":[]},{"ancestorTitles":["create order product helpers"],"fullName":"create order product helpers returns stock article/name matches before catalog fallback","status":"passed","title":"returns stock article/name matches before catalog fallback","duration":1.2430999999996857,"failureMessages":[],"meta":{},"tags":[]},{"ancestorTitles":["create order product helpers"],"fullName":"create order product helpers treats serials from the opened sale as current when currentSaleId is provided","status":"passed","title":"treats serials from the opened sale as current when currentSaleId is provided","duration":0.7826999999997497,"failureMessages":[],"meta":{},"tags":[]},{"ancestorTitles":["create order product helpers"],"fullName":"create order product helpers excludes occupied and unavailable stock suggestions","status":"passed","title":"excludes occupied and unavailable stock suggestions","duration":0.9364000000005035,"failureMessages":[],"meta":{},"tags":[]},{"ancestorTitles":["create order product helpers"],"fullName":"create order product helpers hides catalog fallback that duplicates an unavailable stock model","status":"passed","title":"hides catalog fallback that duplicates an unavailable stock model","duration":0.448500000000422,"failureMessages":[],"meta":{},"tags":[]},{"ancestorTitles":["create order product helpers"],"fullName":"create order product helpers keeps catalog fallback for catalog-only products","status":"passed","title":"keeps catalog fallback for catalog-only products","duration":0.5414000000000669,"failureMessages":[],"meta":{},"tags":[]},{"ancestorTitles":["create order product helpers"],"fullName":"create order product helpers maps create-order sale items to linked line items","status":"passed","title":"maps create-order sale items to linked line items","duration":0.5164999999997235,"failureMessages":[],"meta":{},"tags":[]},{"ancestorTitles":["create order product helpers"],"fullName":"create order product helpers keeps catalog product ids separate from stock product ids","status":"passed","title":"keeps catalog product ids separate from stock product ids","duration":0.2925999999997657,"failureMessages":[],"meta":{},"tags":[]}],"startTime":1782650659368,"endTime":1782650659379.5166,"status":"passed","message":"","name":"f:/SSD PROJECT/project_goods/frontend/src/widgets/dashboard/model/create-order-products.test.ts"},{"assertionResults":[{"ancestorTitles":["getEffectiveDashboardWidgetSettings"],"fullName":"getEffectiveDashboardWidgetSettings defaults collapsed to false","status":"passed","title":"defaults collapsed to false","duration":2.2806000000000495,"failureMessages":[],"meta":{},"tags":[]},{"ancestorTitles":["getEffectiveDashboardWidgetSettings"],"fullName":"getEffectiveDashboardWidgetSettings reads collapsed override when provided","status":"passed","title":"reads collapsed override when provided","duration":0.29879999999957363,"failureMessages":[],"meta":{},"tags":[]}],"startTime":1782650660187,"endTime":1782650660190.2988,"status":"passed","message":"","name":"f:/SSD PROJECT/project_goods/frontend/src/widgets/dashboard/model/dashboard-widget-settings.test.ts"},{"assertionResults":[{"ancestorTitles":["patchLineItemsById"],"fullName":"patchLineItemsById updates only service by id and does not touch product with same filtered index","status":"passed","title":"updates only service by id and does not touch product with same filtered index","duration":2.2001000000000204,"failureMessages":[],"meta":{},"tags":[]},{"ancestorTitles":["canRemoveLineItemAfterPayment"],"fullName":"canRemoveLineItemAfterPayment allows removal after a partial refund leaves paid amount matching the next total","status":"passed","title":"allows removal after a partial refund leaves paid amount matching the next total","duration":0.8288000000002285,"failureMessages":[],"meta":{},"tags":[]},{"ancestorTitles":["canRemoveLineItemAfterPayment"],"fullName":"canRemoveLineItemAfterPayment blocks removal when the paid amount would exceed the next total","status":"passed","title":"blocks removal when the paid amount would exceed the next total","duration":0.3654999999998836,"failureMessages":[],"meta":{},"tags":[]},{"ancestorTitles":["canRemoveLineItemAfterPayment"],"fullName":"canRemoveLineItemAfterPayment allows removal for an unpaid order","status":"passed","title":"allows removal for an unpaid order","duration":0.3186999999998079,"failureMessages":[],"meta":{},"tags":[]},{"ancestorTitles":["canRemoveLineItemAfterPayment"],"fullName":"canRemoveLineItemAfterPayment does not treat bound serials as a payment blocker","status":"passed","title":"does not treat bound serials as a payment blocker","duration":0.23319999999966967,"failureMessages":[],"meta":{},"tags":[]}],"startTime":1782650659851,"endTime":1782650659855.3655,"status":"passed","message":"","name":"f:/SSD PROJECT/project_goods/frontend/src/widgets/dashboard/model/line-item-ops.test.ts"},{"assertionResults":[{"ancestorTitles":["shouldCreateMissingServiceOnSubmit"],"fullName":"shouldCreateMissingServiceOnSubmit returns true for a missing service without selected id and exact suggestion","status":"passed","title":"returns true for a missing service without selected id and exact suggestion","duration":1.7490999999999985,"failureMessages":[],"meta":{},"tags":[]},{"ancestorTitles":["shouldCreateMissingServiceOnSubmit"],"fullName":"shouldCreateMissingServiceOnSubmit returns false when service is already selected","status":"passed","title":"returns false when service is already selected","duration":0.2758000000003449,"failureMessages":[],"meta":{},"tags":[]},{"ancestorTitles":["shouldCreateMissingServiceOnSubmit"],"fullName":"shouldCreateMissingServiceOnSubmit returns false when exact suggestion exists (case-insensitive)","status":"passed","title":"returns false when exact suggestion exists (case-insensitive)","duration":0.2305000000005748,"failureMessages":[],"meta":{},"tags":[]},{"ancestorTitles":["buildMissingServicePayload"],"fullName":"buildMissingServicePayload builds payload with trimmed name and string price","status":"passed","title":"builds payload with trimmed name and string price","duration":1.2235000000000582,"failureMessages":[],"meta":{},"tags":[]}],"startTime":1782650659906,"endTime":1782650659910.2234,"status":"passed","message":"","name":"f:/SSD PROJECT/project_goods/frontend/src/widgets/dashboard/model/missingService.test.ts"},{"assertionResults":[{"ancestorTitles":["order line serial helpers"],"fullName":"order line serial helpers marks serials already bound to the current sale as unavailable","status":"passed","title":"marks serials already bound to the current sale as unavailable","duration":2.861499999999978,"failureMessages":[],"meta":{},"tags":[]},{"ancestorTitles":["order line serial helpers"],"fullName":"order line serial helpers builds atomic serialized product line items","status":"passed","title":"builds atomic serialized product line items","duration":0.42450000000008004,"failureMessages":[],"meta":{},"tags":[]}],"startTime":1782650660000,"endTime":1782650660003.4246,"status":"passed","message":"","name":"f:/SSD PROJECT/project_goods/frontend/src/widgets/dashboard/model/order-line-serials.test.ts"},{"assertionResults":[{"ancestorTitles":["print-form-local-overrides"],"fullName":"print-form-local-overrides stores and reads overrides per employee","status":"passed","title":"stores and reads overrides per employee","duration":3.2712000000001353,"failureMessages":[],"meta":{},"tags":[]},{"ancestorTitles":["print-form-local-overrides"],"fullName":"print-form-local-overrides persists layout overrides for all forms on save","status":"passed","title":"persists layout overrides for all forms on save","duration":1.7565000000004147,"failureMessages":[],"meta":{},"tags":[]},{"ancestorTitles":["print-form-local-overrides"],"fullName":"print-form-local-overrides merges local layout overrides into server forms","status":"passed","title":"merges local layout overrides into server forms","duration":1.496299999999792,"failureMessages":[],"meta":{},"tags":[]},{"ancestorTitles":["print-form-local-overrides"],"fullName":"print-form-local-overrides returns normalized server forms when employeeId is missing","status":"passed","title":"returns normalized server forms when employeeId is missing","duration":1.1072999999996682,"failureMessages":[],"meta":{},"tags":[]}],"startTime":1782650659491,"endTime":1782650659499.1074,"status":"passed","message":"","name":"f:/SSD PROJECT/project_goods/frontend/src/widgets/dashboard/model/print-form-local-overrides.test.ts"},{"assertionResults":[{"ancestorTitles":["product model aggregation"],"fullName":"product model aggregation matches products by exact normalized name and aggregates stock by warehouse","status":"passed","title":"matches products by exact normalized name and aggregates stock by warehouse","duration":3.6234000000004016,"failureMessages":[],"meta":{},"tags":[]},{"ancestorTitles":["product model aggregation"],"fullName":"product model aggregation returns an empty read-only model when no stock rows match","status":"passed","title":"returns an empty read-only model when no stock rows match","duration":0.4305999999996857,"failureMessages":[],"meta":{},"tags":[]},{"ancestorTitles":["product model aggregation"],"fullName":"product model aggregation maps modal price fields to the model update payload","status":"passed","title":"maps modal price fields to the model update payload","duration":0.34879999999975553,"failureMessages":[],"meta":{},"tags":[]}],"startTime":1782650659752,"endTime":1782650659756.4307,"status":"passed","message":"","name":"f:/SSD PROJECT/project_goods/frontend/src/widgets/dashboard/model/product-model.test.ts"},{"assertionResults":[{"ancestorTitles":["rapid-sale-line-items"],"fullName":"rapid-sale-line-items returns only selectable stock suggestions","status":"passed","title":"returns only selectable stock suggestions","duration":6.367500000000291,"failureMessages":[],"meta":{},"tags":[]},{"ancestorTitles":["rapid-sale-line-items"],"fullName":"rapid-sale-line-items builds mixed product and service line items","status":"passed","title":"builds mixed product and service line items","duration":2.4574000000002343,"failureMessages":[],"meta":{},"tags":[]},{"ancestorTitles":["rapid-sale-line-items"],"fullName":"rapid-sale-line-items validates draft requirements","status":"passed","title":"validates draft requirements","duration":0.4610000000002401,"failureMessages":[],"meta":{},"tags":[]}],"startTime":1782650659649,"endTime":1782650659658.461,"status":"passed","message":"","name":"f:/SSD PROJECT/project_goods/frontend/src/widgets/dashboard/model/rapid-sale-line-items.test.ts"},{"assertionResults":[{"ancestorTitles":["sale-client-display"],"fullName":"sale-client-display shows rapid sale label for rapid sales","status":"passed","title":"shows rapid sale label for rapid sales","duration":1.9760999999998603,"failureMessages":[],"meta":{},"tags":[]},{"ancestorTitles":["sale-client-display"],"fullName":"sale-client-display includes rapid sale search aliases","status":"passed","title":"includes rapid sale search aliases","duration":0.8464999999996508,"failureMessages":[],"meta":{},"tags":[]}],"startTime":1782650659996,"endTime":1782650659998.8464,"status":"passed","message":"","name":"f:/SSD PROJECT/project_goods/frontend/src/widgets/dashboard/model/sale-client-display.test.ts"},{"assertionResults":[{"ancestorTitles":["sales analytics"],"fullName":"sales analytics uses line items and discounts for sale totals","status":"passed","title":"uses line items and discounts for sale totals","duration":2.042000000000371,"failureMessages":[],"meta":{},"tags":[]},{"ancestorTitles":["sales analytics"],"fullName":"sales analytics builds current-month revenue, payment and stock metrics","status":"passed","title":"builds current-month revenue, payment and stock metrics","duration":6.096799999999348,"failureMessages":[],"meta":{},"tags":[]},{"ancestorTitles":["sales analytics"],"fullName":"sales analytics filters analytics by custom date range with a single chart series","status":"passed","title":"filters analytics by custom date range with a single chart series","duration":3.0114000000003216,"failureMessages":[],"meta":{},"tags":[]},{"ancestorTitles":["sales analytics"],"fullName":"sales analytics returns stable empty-state values without records","status":"passed","title":"returns stable empty-state values without records","duration":1.0371000000004642,"failureMessages":[],"meta":{},"tags":[]}],"startTime":1782650659301,"endTime":1782650659313.037,"status":"passed","message":"","name":"f:/SSD PROJECT/project_goods/frontend/src/widgets/dashboard/model/sales-analytics.test.ts"},{"assertionResults":[{"ancestorTitles":["settings panel model"],"fullName":"settings panel model validates required and optional company fields","status":"passed","title":"validates required and optional company fields","duration":2.9601000000002387,"failureMessages":[],"meta":{},"tags":[]},{"ancestorTitles":["settings panel model"],"fullName":"settings panel model uses company fields in preview values and falls back to demo data","status":"passed","title":"uses company fields in preview values and falls back to demo data","duration":1.9688000000005559,"failureMessages":[],"meta":{},"tags":[]},{"ancestorTitles":["settings panel model"],"fullName":"settings panel model exposes company, print form, dashboard and backup tabs","status":"passed","title":"exposes company, print form, dashboard and backup tabs","duration":0.3914999999997235,"failureMessages":[],"meta":{},"tags":[]},{"ancestorTitles":["settings panel model"],"fullName":"settings panel model reads a stored visible tab and falls back for hidden or invalid values","status":"passed","title":"reads a stored visible tab and falls back for hidden or invalid values","duration":0.5534000000006927,"failureMessages":[],"meta":{},"tags":[]},{"ancestorTitles":["settings panel model"],"fullName":"settings panel model falls back when localStorage is unavailable","status":"passed","title":"falls back when localStorage is unavailable","duration":1.3463000000001557,"failureMessages":[],"meta":{},"tags":[]}],"startTime":1782650659499,"endTime":1782650659506.3462,"status":"passed","message":"","name":"f:/SSD PROJECT/project_goods/frontend/src/widgets/dashboard/model/settings-panel.test.ts"},{"assertionResults":[{"ancestorTitles":["stock balance"],"fullName":"stock balance hides issued stock by strict product id","status":"passed","title":"hides issued stock by strict product id","duration":2.9977000000008047,"failureMessages":[],"meta":{},"tags":[]},{"ancestorTitles":["stock balance"],"fullName":"stock balance hides issued stock by exact serial only","status":"passed","title":"hides issued stock by exact serial only","duration":0.5846000000001368,"failureMessages":[],"meta":{},"tags":[]},{"ancestorTitles":["stock balance"],"fullName":"stock balance does not link stock by similar product names","status":"passed","title":"does not link stock by similar product names","duration":0.4272000000000844,"failureMessages":[],"meta":{},"tags":[]},{"ancestorTitles":["stock balance"],"fullName":"stock balance maps warehouse and location by id, purchase place, then fallback","status":"passed","title":"maps warehouse and location by id, purchase place, then fallback","duration":1.8757999999997992,"failureMessages":[],"meta":{},"tags":[]},{"ancestorTitles":["stock balance"],"fullName":"stock balance uses supplier order supplier before purchase place fallback","status":"passed","title":"uses supplier order supplier before purchase place fallback","duration":0.6372000000001208,"failureMessages":[],"meta":{},"tags":[]},{"ancestorTitles":["stock balance"],"fullName":"stock balance links supplier order only through exact product provenance","status":"passed","title":"links supplier order only through exact product provenance","duration":0.6732999999994718,"failureMessages":[],"meta":{},"tags":[]},{"ancestorTitles":["stock balance"],"fullName":"stock balance does not infer supplier order from matching name or catalog product","status":"passed","title":"does not infer supplier order from matching name or catalog product","duration":0.5442000000002736,"failureMessages":[],"meta":{},"tags":[]},{"ancestorTitles":["stock balance"],"fullName":"stock balance ignores product provenance that points to a missing supplier order item","status":"passed","title":"ignores product provenance that points to a missing supplier order item","duration":0.26960000000053697,"failureMessages":[],"meta":{},"tags":[]}],"startTime":1782650659701,"endTime":1782650659709.2695,"status":"passed","message":"","name":"f:/SSD PROJECT/project_goods/frontend/src/widgets/dashboard/model/stock-balance.test.ts"},{"assertionResults":[{"ancestorTitles":["supplier-order-utils"],"fullName":"supplier-order-utils builds supplier order number with item postfix","status":"passed","title":"builds supplier order number with item postfix","duration":2.2713000000003376,"failureMessages":[],"meta":{},"tags":[]},{"ancestorTitles":["supplier-order-utils"],"fullName":"supplier-order-utils updates only selected item and keeps others unchanged","status":"passed","title":"updates only selected item and keeps others unchanged","duration":3.926900000000387,"failureMessages":[],"meta":{},"tags":[]},{"ancestorTitles":["supplier-order-utils"],"fullName":"supplier-order-utils returns active supplier suggestions by name or phone","status":"passed","title":"returns active supplier suggestions by name or phone","duration":0.6682000000000698,"failureMessages":[],"meta":{},"tags":[]},{"ancestorTitles":["supplier-order-utils"],"fullName":"supplier-order-utils builds totals and outstanding amount","status":"passed","title":"builds totals and outstanding amount","duration":1.5363999999999578,"failureMessages":[],"meta":{},"tags":[]},{"ancestorTitles":["supplier-order-utils"],"fullName":"supplier-order-utils finds popular products by quantity, value, and frequency","status":"passed","title":"finds popular products by quantity, value, and frequency","duration":0.5799999999999272,"failureMessages":[],"meta":{},"tags":[]},{"ancestorTitles":["supplier-order-utils"],"fullName":"supplier-order-utils detects low and high unit prices plus product price ranges","status":"passed","title":"detects low and high unit prices plus product price ranges","duration":0.772000000000844,"failureMessages":[],"meta":{},"tags":[]},{"ancestorTitles":["supplier-order-utils"],"fullName":"supplier-order-utils summarizes supplier spend and pending amount","status":"passed","title":"summarizes supplier spend and pending amount","duration":0.3514999999997599,"failureMessages":[],"meta":{},"tags":[]},{"ancestorTitles":["supplier-order-utils"],"fullName":"supplier-order-utils calculates overdue and late-risk orders with an injected date","status":"passed","title":"calculates overdue and late-risk orders with an injected date","duration":0.3139000000001033,"failureMessages":[],"meta":{},"tags":[]},{"ancestorTitles":["supplier-order-utils"],"fullName":"supplier-order-utils returns empty analytics for no supplier orders","status":"passed","title":"returns empty analytics for no supplier orders","duration":0.3829999999998108,"failureMessages":[],"meta":{},"tags":[]}],"startTime":1782650659438,"endTime":1782650659448.383,"status":"passed","message":"","name":"f:/SSD PROJECT/project_goods/frontend/src/widgets/dashboard/model/supplier-order-utils.test.ts"},{"assertionResults":[{"ancestorTitles":["supplier-orders-workspace"],"fullName":"supplier-orders-workspace parses persisted filters with legacy deliveryDate fallback","status":"passed","title":"parses persisted filters with legacy deliveryDate fallback","duration":2.52179999999953,"failureMessages":[],"meta":{},"tags":[]},{"ancestorTitles":["supplier-orders-workspace"],"fullName":"supplier-orders-workspace falls back to default filters for invalid persisted JSON","status":"passed","title":"falls back to default filters for invalid persisted JSON","duration":0.5119999999997162,"failureMessages":[],"meta":{},"tags":[]},{"ancestorTitles":["supplier-orders-workspace"],"fullName":"supplier-orders-workspace normalizes persisted columns to known keys only","status":"passed","title":"normalizes persisted columns to known keys only","duration":0.4257000000006883,"failureMessages":[],"meta":{},"tags":[]},{"ancestorTitles":["supplier-orders-workspace"],"fullName":"supplier-orders-workspace filters by query, status, payment status, and date range","status":"passed","title":"filters by query, status, payment status, and date range","duration":0.6058999999995649,"failureMessages":[],"meta":{},"tags":[]},{"ancestorTitles":["supplier-orders-workspace"],"fullName":"supplier-orders-workspace filters to starred supplier orders only","status":"passed","title":"filters to starred supplier orders only","duration":0.5906000000004497,"failureMessages":[],"meta":{},"tags":[]},{"ancestorTitles":["supplier-orders-workspace"],"fullName":"supplier-orders-workspace builds grouped item rows with display numbers","status":"passed","title":"builds grouped item rows with display numbers","duration":0.4639999999999418,"failureMessages":[],"meta":{},"tags":[]}],"startTime":1782650659849,"endTime":1782650659854.464,"status":"passed","message":"","name":"f:/SSD PROJECT/project_goods/frontend/src/widgets/dashboard/model/supplier-orders-workspace.test.ts"},{"assertionResults":[{"ancestorTitles":["warehouse information"],"fullName":"warehouse information counts location usage from all product records","status":"passed","title":"counts location usage from all product records","duration":2.926400000000285,"failureMessages":[],"meta":{},"tags":[]},{"ancestorTitles":["warehouse information"],"fullName":"warehouse information groups products, locations and suppliers including inactive warehouses","status":"passed","title":"groups products, locations and suppliers including inactive warehouses","duration":3.2887000000000626,"failureMessages":[],"meta":{},"tags":[]},{"ancestorTitles":["warehouse information"],"fullName":"warehouse information filters stock rows by purchase date and updates summaries","status":"passed","title":"filters stock rows by purchase date and updates summaries","duration":0.7671000000000276,"failureMessages":[],"meta":{},"tags":[]},{"ancestorTitles":["warehouse information"],"fullName":"warehouse information sorts latest purchase date ascending and descending","status":"passed","title":"sorts latest purchase date ascending and descending","duration":0.8347999999996318,"failureMessages":[],"meta":{},"tags":[]},{"ancestorTitles":["warehouse information"],"fullName":"warehouse information matches supplier filters by partial supplier text","status":"passed","title":"matches supplier filters by partial supplier text","duration":0.8833999999997104,"failureMessages":[],"meta":{},"tags":[]}],"startTime":1782650659560,"endTime":1782650659568.8833,"status":"passed","message":"","name":"f:/SSD PROJECT/project_goods/frontend/src/widgets/dashboard/model/warehouse-information.test.ts"},{"assertionResults":[{"ancestorTitles":["warehouse-panel receipts filtering"],"fullName":"warehouse-panel receipts filtering keeps only receipts linked to starred supplier orders","status":"passed","title":"keeps only receipts linked to starred supplier orders","duration":2.610899999999674,"failureMessages":[],"meta":{},"tags":[]},{"ancestorTitles":["warehouse-panel receipts filtering"],"fullName":"warehouse-panel receipts filtering filters receipts by status","status":"passed","title":"filters receipts by status","duration":0.5680999999995038,"failureMessages":[],"meta":{},"tags":[]},{"ancestorTitles":["warehouse-panel receipts filtering"],"fullName":"warehouse-panel receipts filtering combines status and favorites filters","status":"passed","title":"combines status and favorites filters","duration":0.3287000000000262,"failureMessages":[],"meta":{},"tags":[]}],"startTime":1782650660006,"endTime":1782650660010.3286,"status":"passed","message":"","name":"f:/SSD PROJECT/project_goods/frontend/src/widgets/dashboard/model/warehouse-panel.test.ts"},{"assertionResults":[{"ancestorTitles":["warehouse-serial-filter"],"fullName":"warehouse-serial-filter returns first active warehouse as default","status":"passed","title":"returns first active warehouse as default","duration":2.612199999999575,"failureMessages":[],"meta":{},"tags":[]},{"ancestorTitles":["warehouse-serial-filter"],"fullName":"warehouse-serial-filter returns active warehouse options only","status":"passed","title":"returns active warehouse options only","duration":1.6013000000002648,"failureMessages":[],"meta":{},"tags":[]},{"ancestorTitles":["warehouse-serial-filter"],"fullName":"warehouse-serial-filter matches products by warehouseId and purchasePlace fallback","status":"passed","title":"matches products by warehouseId and purchasePlace fallback","duration":0.7671000000000276,"failureMessages":[],"meta":{},"tags":[]},{"ancestorTitles":["warehouse-serial-filter"],"fullName":"warehouse-serial-filter filters products by selected warehouse","status":"passed","title":"filters products by selected warehouse","duration":0.5171000000000276,"failureMessages":[],"meta":{},"tags":[]}],"startTime":1782650660156,"endTime":1782650660161.517,"status":"passed","message":"","name":"f:/SSD PROJECT/project_goods/frontend/src/widgets/dashboard/model/warehouse-serial-filter.test.ts"},{"assertionResults":[{"ancestorTitles":["weather-scene-params"],"fullName":"weather-scene-params resolves wind tiers from km/h speed","status":"passed","title":"resolves wind tiers from km/h speed","duration":1.8652000000001863,"failureMessages":[],"meta":{},"tags":[]},{"ancestorTitles":["weather-scene-params"],"fullName":"weather-scene-params maps wind direction to compass points","status":"passed","title":"maps wind direction to compass points","duration":0.3506999999999607,"failureMessages":[],"meta":{},"tags":[]},{"ancestorTitles":["weather-scene-params"],"fullName":"weather-scene-params scales rain and snow particle counts by intensity","status":"passed","title":"scales rain and snow particle counts by intensity","duration":0.41049999999995634,"failureMessages":[],"meta":{},"tags":[]},{"ancestorTitles":["weather-scene-params"],"fullName":"weather-scene-params enables wind streaks and slant for windy conditions","status":"passed","title":"enables wind streaks and slant for windy conditions","duration":1.1130999999995765,"failureMessages":[],"meta":{},"tags":[]}],"startTime":1782650659832,"endTime":1782650659836.113,"status":"passed","message":"","name":"f:/SSD PROJECT/project_goods/frontend/src/widgets/dashboard/model/weather-scene-params.test.ts"},{"assertionResults":[{"ancestorTitles":["AccountingCashboxesView"],"fullName":"AccountingCashboxesView renders totals, cashbox balances, management controls and action callbacks","status":"passed","title":"renders totals, cashbox balances, management controls and action callbacks","duration":395.9216999999999,"failureMessages":[],"meta":{},"tags":[]},{"ancestorTitles":["AccountingCashboxesView"],"fullName":"AccountingCashboxesView scrolls the operation panel into view when starting a cashbox transaction","status":"passed","title":"scrolls the operation panel into view when starting a cashbox transaction","duration":60.31880000000001,"failureMessages":[],"meta":{},"tags":[]},{"ancestorTitles":["AccountingCashboxesView"],"fullName":"AccountingCashboxesView hides unauthorized controls and renders empty balances","status":"passed","title":"hides unauthorized controls and renders empty balances","duration":17.13799999999992,"failureMessages":[],"meta":{},"tags":[]},{"ancestorTitles":["AccountingCashboxesView"],"fullName":"AccountingCashboxesView updates transaction form fields and save state","status":"passed","title":"updates transaction form fields and save state","duration":88.71799999999985,"failureMessages":[],"meta":{},"tags":[]},{"ancestorTitles":["AccountingCashboxesView"],"fullName":"AccountingCashboxesView updates transaction note","status":"passed","title":"updates transaction note","duration":15.928600000000188,"failureMessages":[],"meta":{},"tags":[]},{"ancestorTitles":["AccountingCashboxesView"],"fullName":"AccountingCashboxesView disables unavailable operation fields and shows saving/no-currency states","status":"passed","title":"disables unavailable operation fields and shows saving/no-currency states","duration":38.070199999999204,"failureMessages":[],"meta":{},"tags":[]},{"ancestorTitles":["AccountingCashboxesView"],"fullName":"AccountingCashboxesView disables target cashbox when withdrawing","status":"passed","title":"disables target cashbox when withdrawing","duration":13.987900000000081,"failureMessages":[],"meta":{},"tags":[]},{"ancestorTitles":["AccountingCashboxesView"],"fullName":"AccountingCashboxesView limits operation type options to granted permissions","status":"passed","title":"limits operation type options to granted permissions","duration":27.68419999999969,"failureMessages":[],"meta":{},"tags":[]},{"ancestorTitles":["AccountingCashboxesView"],"fullName":"AccountingCashboxesView reorders cashboxes through drag and drop and handles ignored drops","status":"passed","title":"reorders cashboxes through drag and drop and handles ignored drops","duration":33.29290000000037,"failureMessages":[],"meta":{},"tags":[]}],"startTime":1782650657316,"endTime":1782650658007.293,"status":"passed","message":"","name":"f:/SSD PROJECT/project_goods/frontend/src/widgets/dashboard/ui/accounting/AccountingCashboxesView.test.tsx"},{"assertionResults":[{"ancestorTitles":["AccountingPanel"],"fullName":"AccountingPanel renders loading state","status":"failed","title":"renders loading state","duration":41.30090000000018,"failureMessages":["Error: No QueryClient set, use QueryClientProvider to set one\n    at useQueryClient (file:///f:/SSD%20PROJECT/project_goods/frontend/node_modules/@tanstack/react-query/build/modern/QueryClientProvider.js:15:11)\n    at useBaseQuery (file:///f:/SSD%20PROJECT/project_goods/frontend/node_modules/@tanstack/react-query/build/modern/useBaseQuery.js:30:18)\n    at useQuery (file:///f:/SSD%20PROJECT/project_goods/frontend/node_modules/@tanstack/react-query/build/modern/useQuery.js:7:10)\n    at useCashboxesQuery (F:/SSD PROJECT/project_goods/frontend/src/entities/finance/api/financeApi.ts:201:3)\n    at useAccountingFinanceData (F:/SSD PROJECT/project_goods/frontend/src/widgets/dashboard/ui/accounting/useAccountingFinanceData.ts:41:32)\n    at AccountingPanel (F:/SSD PROJECT/project_goods/frontend/src/widgets/dashboard/ui/accounting/AccountingPanel.tsx:87:7)\n    at Object.react_stack_bottom_frame (f:\\SSD PROJECT\\project_goods\\frontend\\node_modules\\react-dom\\cjs\\react-dom-client.development.js:25904:20)\n    at renderWithHooks (f:\\SSD PROJECT\\project_goods\\frontend\\node_modules\\react-dom\\cjs\\react-dom-client.development.js:7662:22)\n    at updateFunctionComponent (f:\\SSD PROJECT\\project_goods\\frontend\\node_modules\\react-dom\\cjs\\react-dom-client.development.js:10166:19)\n    at beginWork (f:\\SSD PROJECT\\project_goods\\frontend\\node_modules\\react-dom\\cjs\\react-dom-client.development.js:11778:18)"],"meta":{},"tags":[]},{"ancestorTitles":["AccountingPanel"],"fullName":"AccountingPanel drives cashbox operations from the cashboxes view","status":"failed","title":"drives cashbox operations from the cashboxes view","duration":6.26929999999993,"failureMessages":["Error: No QueryClient set, use QueryClientProvider to set one\n    at useQueryClient (file:///f:/SSD%20PROJECT/project_goods/frontend/node_modules/@tanstack/react-query/build/modern/QueryClientProvider.js:15:11)\n    at useBaseQuery (file:///f:/SSD%20PROJECT/project_goods/frontend/node_modules/@tanstack/react-query/build/modern/useBaseQuery.js:30:18)\n    at useQuery (file:///f:/SSD%20PROJECT/project_goods/frontend/node_modules/@tanstack/react-query/build/modern/useQuery.js:7:10)\n    at useCashboxesQuery (F:/SSD PROJECT/project_goods/frontend/src/entities/finance/api/financeApi.ts:201:3)\n    at useAccountingFinanceData (F:/SSD PROJECT/project_goods/frontend/src/widgets/dashboard/ui/accounting/useAccountingFinanceData.ts:41:32)\n    at AccountingPanel (F:/SSD PROJECT/project_goods/frontend/src/widgets/dashboard/ui/accounting/AccountingPanel.tsx:87:7)\n    at Object.react_stack_bottom_frame (f:\\SSD PROJECT\\project_goods\\frontend\\node_modules\\react-dom\\cjs\\react-dom-client.development.js:25904:20)\n    at renderWithHooks (f:\\SSD PROJECT\\project_goods\\frontend\\node_modules\\react-dom\\cjs\\react-dom-client.development.js:7662:22)\n    at updateFunctionComponent (f:\\SSD PROJECT\\project_goods\\frontend\\node_modules\\react-dom\\cjs\\react-dom-client.development.js:10166:19)\n    at beginWork (f:\\SSD PROJECT\\project_goods\\frontend\\node_modules\\react-dom\\cjs\\react-dom-client.development.js:11778:18)"],"meta":{},"tags":[]},{"ancestorTitles":["AccountingPanel"],"fullName":"AccountingPanel resolves remembered and fallback cashbox targets","status":"failed","title":"resolves remembered and fallback cashbox targets","duration":6.172500000000127,"failureMessages":["Error: No QueryClient set, use QueryClientProvider to set one\n    at useQueryClient (file:///f:/SSD%20PROJECT/project_goods/frontend/node_modules/@tanstack/react-query/build/modern/QueryClientProvider.js:15:11)\n    at useBaseQuery (file:///f:/SSD%20PROJECT/project_goods/frontend/node_modules/@tanstack/react-query/build/modern/useBaseQuery.js:30:18)\n    at useQuery (file:///f:/SSD%20PROJECT/project_goods/frontend/node_modules/@tanstack/react-query/build/modern/useQuery.js:7:10)\n    at useCashboxesQuery (F:/SSD PROJECT/project_goods/frontend/src/entities/finance/api/financeApi.ts:201:3)\n    at useAccountingFinanceData (F:/SSD PROJECT/project_goods/frontend/src/widgets/dashboard/ui/accounting/useAccountingFinanceData.ts:41:32)\n    at AccountingPanel (F:/SSD PROJECT/project_goods/frontend/src/widgets/dashbo
[...]
u001b[36m<span>\u001b[39m\n                  \u001b[0m14:00\u001b[0m\n                \u001b[36m</span>\u001b[39m\n                \u001b[36m<p>\u001b[39m\n                  \u001b[36m<strong>\u001b[39m\n                    \u001b[0mM\u001b[0m\n                  \u001b[36m</strong>\u001b[39m\n                  \u001b[36m<small\u001b[39m\n                    \u001b[33mclass\u001b[39m=\u001b[32m\"order-timeline-message-manual\"\u001b[39m\n                  \u001b[36m>\u001b[39m\n                    \u001b[0myesterday\u001b[0m\n                  \u001b[36m</small>\u001b[39m\n                \u001b[36m</p>\u001b[39m\n              \u001b[36m</div>\u001b[39m\n            \u001b[36m</div>\u001b[39m\n            \u001b[36m<div\u001b[39m\n              \u001b[33mclass\u001b[39m=\u001b[32m\"order-timeline-composer\"\u001b[39m\n            \u001b[36m>\u001b[39m\n              \u001b[36m<textarea\u001b[39m\n                \u001b[33mplaceholder\u001b[39m=\u001b[32m\"Comment\"\u001b[39m\n                \u001b[33mrows\u001b[39m=\u001b[32m\"2\"\u001b[39m\n              \u001b[36m/>\u001b[39m\n              \u001b[36m<button\u001b[39m\n                \u001b[33mclass\u001b[39m=\u001b[32m\"primary-button\"\u001b[39m\n                \u001b[33mdisabled\u001b[39m=\u001b[32m\"\"\u001b[39m\n                \u001b[33mtype\u001b[39m=\u001b[32m\"button\"\u001b[39m\n              \u001b[36m>\u001b[39m\n                \u001b[0mAdd\u001b[0m\n              \u001b[36m</button>\u001b[39m\n            \u001b[36m</div>\u001b[39m\n          \u001b[36m</div>\u001b[39m\n        \u001b[36m</section>\u001b[39m\n        \u001b[36m<section\u001b[39m\n          \u001b[33mclass\u001b[39m=\u001b[32m\"order-detail-panel order-detail-line-items-panel order-detail-products-panel\"\u001b[39m\n        \u001b[36m>\u001b[39m\n          \u001b[36m<button\u001b[39m\n            \u001b[33maria-expanded\u001b[39m=\u001b[32m\"true\"\u001b[39m\n            \u001b[33mclass\u001b[39m=\u001b[32m\"order-detail-collapse-button\"\u001b[39m\n            \u001b[33mtype\u001b[39m=\u001b[32m\"button\"\u001b[39m\n          \u001b[36m>\u001b[39m\n            \u001b[36m<span>\u001b[39m\n              \u001b[0mProducts\u001b[0m\n            \u001b[36m</span>\u001b[39m\n            \u001b[36m<span\u001b[39m\n              \u001b[33mclass\u001b[39m=\u001b[32m\"order-detail-collapse-icon\"\u001b[39m\n            \u001b[36m>\u001b[39m\n              \u001b[0mвЊѓ\u001b[0m\n            \u001b[36m</span>\u001b[39m\n          \u001b[36m</button>\u001b[39m\n          \u001b[36m<div\u001b[39m\n            \u001b[33mclass\u001b[39m=\u001b[32m\"order-line-items\"\u001b[39m\n          \u001b[36m>\u001b[39m\n            \u001b[36m<div\u001b[39m\n              \u001b[33mclass\u001b[39m=\u001b[32m\"order-detail-table order-detail-table-wide\"\u001b[39m\n              \u001b[33mstyle\u001b[39m=\u001b[32m\"grid-template-columns: minmax(0, 1fr) 150px 140px 104px 120px 110px;\"\u001b[39m\n            \u001b[36m>\u001b[39m\n              \u001b[36m<div\u001b[39m\n                \u001b[33mclass\u001b[39m=\u001b[32m\"order-detail-table-header\"\u001b[39m\n              \u001b[36m>\u001b[39m\n                \u001b[0mName\u001b[0m\n              \u001b[36m</div>\u001b[39m\n              \u001b[36m<div\u001b[39m\n                \u001b[33mclass\u001b[39m=\u001b[32m\"order-detail-table-header\"\u001b[39m\n              \u001b[36m>\u001b[39m\n                \u001b[0mSerial number\u001b[0m\n              \u001b[36m</div>\u001b[39m\n              \u001b[36m<div\u001b[39m\n                \u001b[33mclass\u001b[39m=\u001b[32m\"order-detail-table-header\"\u001b[39m\n              \u001b[36m>\u001b[39m\n                \u001b[0mPrice\u001b[0m\n              \u001b[36m</div>\u001b[39m\n              \u001b[36m<div\u001b[39m\n                \u001b[33mclass\u001b[39m=\u001b[32m\"order-detail-table-header\"\u001b[39m\n              \u001b[36m>\u001b[39m\n                \u001b[0mQty\u001b[0m\n              \u001b[36m</div>\u001b[39m\n              \u001b[36m<div\u001b[39m\n                \u001b[33mclass\u001b[39m=\u001b[32m\"order-detail-table-header\"\u001b[39m\n              \u001b[36m>\u001b[39m\n                \u001b[0mWarranty\u001b[0m\n              \u001b[36m</div>\u001b[39m\n              \u001b[36m<div\u001b[39m\n                \u001b[33mclass\u001b[39m=\u001b[32m\"order-detail-table-header\"\u001b[39m\n              \u001b[36m>\u001b[39m\n                \u001b[0mAction\u001b[0m\n              \u001b[36m</div>\u001b[39m\n              \u001b[36m<div\u001b[39m\n                \u001b[33mclass\u001b[39m=\u001b[32m\"order-line-items-empty\"\u001b[39m\n              \u001b[36m>\u001b[39m\n                \u001b[0mNo products added.\u001b[0m\n              \u001b[36m</div>\u001b[39m\n            \u001b[36m</div>\u001b[39m\n            \u001b[36m<div\u001b[39m\n              \u001b[33mclass\u001b[39m=\u001b[32m\"order-line-items-form\"\u001b[39m\n            \u001b[36m>\u001b[39m\n              \u001b[36m<div\u001b[39m\n                \u001b[33mclass\u001b[39m=\u001b[32m\"order-line-items-entry-row order-line-items-entry-row-product\"\u001b[39m\n              \u001b[36m>\u001b[39m\n                \u001b[36m<input\u001b[39m\n                  \u001b[33mplaceholder\u001b[39m=\u001b[32m\"Name, serial or article\"\u001b[39m\n                  \u001b[33mvalue\u001b[39m=\u001b[32m\"\"\u001b[39m\n                \u001b[36m/>\u001b[39m\n                \u001b[36m<div\u001b[39m\n                  \u001b[33mclass\u001b[39m=\u001b[32m\"number-stepper\"\u001b[39m\n                \u001b[36m>\u001b[39m\n                  \u001b[36m<input\u001b[39m\n                    \u001b[33minputmode\u001b[39m=\u001b[32m\"decimal\"\u001b[39m\n                    \u001b[33mplaceholder\u001b[39m=\u001b[32m\"Price\"\u001b[39m\n                    \u001b[33mtype\u001b[39m=\u001b[32m\"text\"\u001b[39m\n                    \u001b[33mvalue\u001b[39m=\u001b[32m\"\"\u001b[39m\n                  \u001b[36m/>\u001b[39m\n                  \u001b[36m<div\u001b[39m\n                    \u001b[33maria-hidden\u001b[39m=\u001b[32m\"true\"\u001b[39m\n                    \u001b[33mclass\u001b[39m=\u001b[32m\"number-stepper-controls\"\u001b[39m\n                  \u001b[36m>\u001b[39m\n                    \u001b[36m<button\u001b[39m\n                      \u001b[33mtabindex\u001b[39m=\u001b[32m\"-1\"\u001b[39m\n                      \u001b[33mtype\u001b[39m=\u001b[32m\"button\"\u001b[39m\n                    \u001b[36m>\u001b[39m\n                      \u001b[0m+\u001b[0m\n                    \u001b[36m</button>\u001b[39m\n                    \u001b[36m<button\u001b[39m\n                      \u001b[33mdisabled\u001b[39m=\u001b[32m\"\"\u001b[39m\n                      \u001b[33mtabindex\u001b[39m=\u001b[32m\"-1\"\u001b[39m\n                      \u001b[33mtype\u001b[39m=\u001b[32m\"button\"\u001b[39m\n                    \u001b[36m>\u001b[39m\n                      \u001b[0m-\u001b[0m\n                    \u001b[36m</button>\u001b[39m\n                  \u001b[36m</div>\u001b[39m\n                \u001b[36m</div>\u001b[39m\n                \u001b[36m<div\u001b[39m\n                  \u001b[33mclass\u001b[39m=\u001b[32m\"number-stepper\"\u001b[39m\n                \u001b[36m>\u001b[39m\n                  \u001b[36m<input\u001b[39m\n                    \u001b[33minputmode\u001b[39m=\u001b[32m\"decimal\"\u001b[39m\n                    \u001b[33mplaceholder\u001b[39m=\u001b[32m\"Qty\"\u001b[39m\n                    \u001b[33mtype\u001b[39m=\u001b[32m\"text\"\u001b[39m\n                    \u001b[33mvalue\u001b[39m=\u001b[32m\"1\"\u001b[39m\n                  \u001b[36m/>\u001b[39m\n                  \u001b[36m<div\u001b[39m\n                    \u001b[33maria-hidden\u001b[39m=\u001b[32m\"true\"\u001b[39m\n                    \u001b[33mclass\u001b[39m=\u001b[32m\"number-stepper-controls\"\u001b[39m\n                  \u001b[36m>\u001b[39m\n                    \u001b[36m<button\u001b[39m\n                      \u001b[33mtabindex\u001b[39m=\u001b[32m\"-1\"\u001b[39m\n                      \u001b[33mtype\u001b[39m=\u001b[32m\"button\"\u001b[39m\n                    \u001b[36m>\u001b[39m\n                      \u001b[0m+\u001b[0m\n                    \u001b[36m</button>\u001b[39m\n                    \u001b[36m<button\u001b[39m\n                      \u001b[33mdisabled\u001b[39m=\u001b[32m\"\"\u001b[39m\n                      \u001b[33mtabindex\u001b[39m=\u001b[32m\"-1\"\u001b[39m\n                      \u001b[33mtype\u001b[39m=\u001b[32m\"button\"\u001b[39m\n                    \u001b[36m>\u001b[39m\n                      \u001b[0m-\u001b[0m\n                    \u001b[36m</button>\u001b[39m\n                  \u001b[36m</div>\u001b[39m\n                \u001b[36m</div>\u001b[39m\n                \u001b[36m<select>\u001b[39m\n                  \u001b[36m<option\u001b[39m\n                    \u001b[33mvalue\u001b[39m=\u001b[32m\"0\"\u001b[39m\n                  \u001b[36m>\u001b[39m\n                    \u001b[0mNone\u001b[0m\n                  \u001b[36m</option>\u001b[39m\n                  \u001b[36m<option\u001b[39m\n                    \u001b[33mvalue\u001b[39m=\u001b[32m\"1\"\u001b[39m\n                  \u001b[36m>\u001b[39m\n                    \u001b[0m30 day\u001b[0m\n                  \u001b[36m</option>\u001b[39m\n                  \u001b[36m<option\u001b[39m\n                    \u001b[33mvalue\u001b[39m=\u001b[32m\"3\"\u001b[39m\n                  \u001b[36m>\u001b[39m\n                    \u001b[0m3 month\u001b[0m\n                  \u001b[36m</option>\u001b[39m\n                  \u001b[36m<option\u001b[39m\n                    \u001b[33mvalue\u001b[39m=\u001b[32m\"6\"\u001b[39m\n                  \u001b[36m>\u001b[39m\n                    \u001b[0m6 month\u001b[0m\n                  \u001b[36m</option>\u001b[39m\n                  \u001b[36m<option\u001b[39m\n                    \u001b[33mvalue\u001b[39m=\u001b[32m\"12\"\u001b[39m\n                  \u001b[36m>\u001b[39m\n                    \u001b[0m1 year\u001b[0m\n                  \u001b[36m</option>\u001b[39m\n                  \u001b[36m<option\u001b[39m\n                    \u001b[33mvalue\u001b[39m=\u001b[32m\"24\"\u001b[39m\n                  \u001b[36m>\u001b[39m\n                    \u001b[0m2 year\u001b[0m\n                  \u001b[36m</option>\u001b[39m\n                  \u001b[36m<option\u001b[39m\n                    \u001b[33mvalue\u001b[39m=\u001b[32m\"36\"\u001b[39m\n                  \u001b[36m>\u001b[39m\n                    \u001b[0m3 year\u001b[0m\n                  \u001b[36m</option>\u001b[39m\n                \u001b[36m</select>\u001b[39m\n                \u001b[36m<button\u001b[39m\n                  \u001b[33mclass\u001b[39m=\u001b[32m\"primary-button\"\u001b[39m\n                  \u001b[33mtype\u001b[39m=\u001b[32m\"button\"\u001b[39m\n                \u001b[36m>\u001b[39m\n                  \u001b[0mAdd product\u001b[0m\n                \u001b[36m</button>\u001b[39m\n              \u001b[36m</div>\u001b[39m\n            \u001b[36m</div>\u001b[39m\n          \u001b[36m</div>\u001b[39m\n        \u001b[36m</section>\u001b[39m\n        \u001b[36m<section\u001b[39m\n          \u001b[33mclass\u001b[39m=\u001b[32m\"order-detail-panel order-detail-line-items-panel\"\u001b[39m\n        \u001b[36m>\u001b[39m\n          \u001b[36m<button\u001b[39m\n            \u001b[33maria-expanded\u001b[39m=\u001b[32m\"false\"\u001b[39m\n            \u001b[33mclass\u001b[39m=\u001b[32m\"order-detail-collapse-button\"\u001b[39m\n            \u001b[33mtype\u001b[39m=\u001b[32m\"button\"\u001b[39m\n          \u001b[36m>\u001b[39m\n            \u001b[36m<span>\u001b[39m\n              \u001b[0mServices\u001b[0m\n            \u001b[36m</span>\u001b[39m\n            \u001b[36m<span\u001b[39m\n              \u001b[33mclass\u001b[39m=\u001b[32m\"order-detail-collapse-icon\"\u001b[39m\n            \u001b[36m>\u001b[39m\n              \u001b[0mвЊ„\u001b[0m\n            \u001b[36m</span>\u001b[39m\n          \u001b[36m</button>\u001b[39m\n        \u001b[36m</section>\u001b[39m\n        \u001b[36m<section\u001b[39m\n          \u001b[33mclass\u001b[39m=\u001b[32m\"order-detail-panel order-detail-payment-panel\"\u001b[39m\n        \u001b[36m>\u001b[39m\n          \u001b[36m<h3>\u001b[39m\n            \u001b[0mPayment\u001b[0m\n          \u001b[36m</h3>\u001b[39m\n          \u001b[36m<dl\u001b[39m\n            \u001b[33mclass\u001b[39m=\u001b[32m\"order-payment-list\"\u001b[39m\n          \u001b[36m>\u001b[39m\n            \u001b[36m<div>\u001b[39m\n              \u001b[36m<dt>\u001b[39m\n                \u001b[0mRepair cost\u001b[0m\n              \u001b[36m</dt>\u001b[39m\n              \u001b[36m<dd>\u001b[39m\n                \u001b[0m0,00 ₴\u001b[0m\n              \u001b[36m</dd>\u001b[39m\n            \u001b[36m</div>\u001b[39m\n            \u001b[36m<div>\u001b[39m\n              \u001b[36m<dt>\u001b[39m\n                \u001b[36m<span\u001b[39m\n                  \u001b[33mclass\u001b[39m=\u001b[32m\"payment-summary-discount-label\"\u001b[39m\n                \u001b[36m>\u001b[39m\n                  \u001b[0mDiscount\u001b[0m\n                  \u001b[36m<span\u001b[39m\n                    \u001b[33mclass\u001b[39m=\u001b[32m\"payment-summary-discount-badge\"\u001b[39m\n                  \u001b[36m>\u001b[39m\n                    \u001b[0mв‚ґ\u001b[0m\n                  \u001b[36m</span>\u001b[39m\n                \u001b[36m</span>\u001b[39m\n              \u001b[36m</dt>\u001b[39m\n              \u001b[36m<dd>\u001b[39m\n                \u001b[36m<div\u001b[39m\n                  \u001b[33mclass\u001b[39m=\u001b[32m\"order-payment-discount-control\"\u001b[39m\n                \u001b[36m>\u001b[39m\n                  \u001b[36m<input\u001b[39m\n                    \u001b[33minputmode\u001b[39m=\u001b[32m\"decimal\"\u001b[39m\n                    \u001b[33mtype\u001b[39m=\u001b[32m\"text\"\u001b[39m\n                    \u001b[33mvalue\u001b[39m=\u001b[32m\"0\"\u001b[39m\n                  \u001b[36m/>\u001b[39m\n                  \u001b[36m<button\u001b[39m\n                    \u001b[33maria-label\u001b[39m=\u001b[32m\"Toggle discount mode\"\u001b[39m\n                    \u001b[33mclass\u001b[39m=\u001b[32m\"order-payment-discount-mode\"\u001b[39m\n                    \u001b[33mtype\u001b[39m=\u001b[32m\"button\"\u001b[39m\n                  \u001b[36m>\u001b[39m\n                    \u001b[0mв‚ґ\u001b[0m\n                  \u001b[36m</button>\u001b[39m\n                \u001b[36m</div>\u001b[39m\n              \u001b[36m</dd>\u001b[39m\n            \u001b[36m</div>\u001b[39m\n            \u001b[36m<div>\u001b[39m\n              \u001b[36m<dt>\u001b[39m\n                \u001b[0mPaid\u001b[0m\n              \u001b[36m</dt>\u001b[39m\n              \u001b[36m<dd>\u001b[39m\n                \u001b[0m0,00 ₴\u001b[0m\n              \u001b[36m</dd>\u001b[39m\n            \u001b[36m</div>\u001b[39m\n            \u001b[36m<div>\u001b[39m\n              \u001b[36m<dt>\u001b[39m\n                \u001b[0mTo pay\u001b[0m\n              \u001b[36m</dt>\u001b[39m\n              \u001b[36m<dd>\u001b[39m\n                \u001b[0m0,00 ₴\u001b[0m\n              \u001b[36m</dd>\u001b[39m\n            \u001b[36m</div>\u001b[39m\n          \u001b[36m</dl>\u001b[39m\n          \u001b[36m<button\u001b[39m\n            \u001b[33mclass\u001b[39m=\u001b[32m\"primary-button\"\u001b[39m\n            \u001b[33mdisabled\u001b[39m=\u001b[32m\"\"\u001b[39m\n            \u001b[33mtype\u001b[39m=\u001b[32m\"button\"\u001b[39m\n          \u001b[36m>\u001b[39m\n            \u001b[0mPaid\u001b[0m\n          \u001b[36m</button>\u001b[39m\n        \u001b[36m</section>\u001b[39m\n        \u001b[36m<section\u001b[39m\n          \u001b[33mclass\u001b[39m=\u001b[32m\"order-detail-panel order-detail-related-panel\"\u001b[39m\n        \u001b[36m>\u001b[39m\n          \u001b[36m<div\u001b[39m\n            \u001b[33mclass\u001b[39m=\u001b[32m\"order-related-tabs\"\u001b[39m\n          \u001b[36m>\u001b[39m\n            \u001b[36m<button\u001b[39m\n              \u001b[33mclass\u001b[39m=\u001b[32m\"order-related-tab order-related-tab-active\"\u001b[39m\n              \u001b[33mtype\u001b[39m=\u001b[32m\"button\"\u001b[39m\n            \u001b[36m>\u001b[39m\n              \u001b[0mOrders\u001b[0m\n            \u001b[36m</button>\u001b[39m\n            \u001b[36m<button\u001b[39m\n              \u001b[33mclass\u001b[39m=\u001b[32m\"order-related-tab\"\u001b[39m\n              \u001b[33mtype\u001b[39m=\u001b[32m\"button\"\u001b[39m\n            \u001b[36m>\u001b[39m\n              \u001b[0mSales\u001b[0m\n            \u001b[36m</button>\u001b[39m\n            \u001b[36m<button\u001b[39m\n              \u001b[33mclass\u001b[39m=\u001b[32m\"order-related-tab\"\u001b[39m\n              \u001b[33mtype\u001b[39m=\u001b[32m\"button\"\u001b[39m\n            \u001b[36m>\u001b[39m\n              \u001b[0mSupplier Order\u001b[0m\n            \u001b[36m</button>\u001b[39m\n            \u001b[36m<button\u001b[39m\n              \u001b[33mclass\u001b[39m=\u001b[32m\"order-related-tab\"\u001b[39m\n              \u001b[33mtype\u001b[39m=\u001b[32m\"button\"\u001b[39m\n            \u001b[36m>\u001b[39m\n              \u001b[0mInformation\u001b[0m\n            \u001b[36m</button>\u001b[39m\n          \u001b[36m</div>\u001b[39m\n          \u001b[36m<div\u001b[39m\n            \u001b[33mclass\u001b[39m=\u001b[32m\"order-related-list\"\u001b[39m\n          \u001b[36m>\u001b[39m\n            \u001b[36m<p>\u001b[39m\n              \u001b[0mNo orders for this client.\u001b[0m\n            \u001b[36m</p>\u001b[39m\n          \u001b[36m</div>\u001b[39m\n        \u001b[36m</section>\u001b[39m\n      \u001b[36m</div>\u001b[39m\n    \u001b[36m</article>\u001b[39m\n  \u001b[36m</div>\u001b[39m\n\u001b[36m</body>\u001b[39m\n    at Object.getElementError (f:\\SSD PROJECT\\project_goods\\frontend\\node_modules\\@testing-library\\dom\\dist\\config.js:37:19)\n    at f:\\SSD PROJECT\\project_goods\\frontend\\node_modules\\@testing-library\\dom\\dist\\query-helpers.js:76:38\n    at f:\\SSD PROJECT\\project_goods\\frontend\\node_modules\\@testing-library\\dom\\dist\\query-helpers.js:109:15\n    at F:/SSD PROJECT/project_goods/frontend/src/widgets/dashboard/ui/orders/order-detail/OrderDetailCard.test.tsx:1227:25\n    at file:///F:/SSD%20PROJECT/project_goods/frontend/node_modules/@vitest/runner/dist/chunk-artifact.js:302:11\n    at file:///F:/SSD%20PROJECT/project_goods/frontend/node_modules/@vitest/runner/dist/chunk-artifact.js:1903:26\n    at file:///F:/SSD%20PROJECT/project_goods/frontend/node_modules/@vitest/runner/dist/chunk-artifact.js:2326:20\n    at new Promise (<anonymous>)\n    at runWithCancel (file:///F:/SSD%20PROJECT/project_goods/frontend/node_modules/@vitest/runner/dist/chunk-artifact.js:2323:10)\n    at file:///F:/SSD%20PROJECT/project_goods/frontend/node_modules/@vitest/runner/dist/chunk-artifact.js:2305:20"],"meta":{},"tags":[]},{"ancestorTitles":["OrderDetailCard product entry"],"fullName":"OrderDetailCard product entry keeps repair card editable while still blocking comment add without orders.chat","status":"passed","title":"keeps repair card editable while still blocking comment add without orders.chat","duration":20.59310000000005,"failureMessages":[],"meta":{},"tags":[]},{"ancestorTitles":["OrderDetailCard product entry"],"fullName":"OrderDetailCard product entry renders related orders and sales as browser links while preserving plain left click handling","status":"passed","title":"renders related orders and sales as browser links while preserving plain left click handling","duration":88.43479999999909,"failureMessages":[],"meta":{},"tags":[]}],"startTime":1782650655951,"endTime":1782650661282.4348,"status":"failed","message":"","name":"f:/SSD PROJECT/project_goods/frontend/src/widgets/dashboard/ui/orders/order-detail/OrderDetailCard.test.tsx"}]}