{"numTotalTestSuites":130,"numPassedTestSuites":98,"numFailedTestSuites":32,"numPendingTestSuites":0,"numTotalTests":372,"numPassedTests":269,"numFailedTests":103,"numPendingTests":0,"numTodoTests":0,"snapshot":{"added":0,"failure":false,"filesAdded":0,"filesRemoved":0,"filesRemovedList":[],"filesUnmatched":0,"filesUpdated":0,"matched":0,"total":0,"unchecked":0,"uncheckedKeysByFile":[],"unmatched":0,"updated":0,"didUpdate":false},"startTime":1782369337183,"success":false,"testResults":[{"assertionResults":[{"ancestorTitles":["decimal helpers"],"fullName":"decimal helpers keeps decimal input editable and filters unsupported characters","status":"passed","title":"keeps decimal input editable and filters unsupported characters","duration":5.636700000002747,"failureMessages":[],"meta":{},"tags":[]},{"ancestorTitles":["decimal helpers"],"fullName":"decimal helpers parses comma and dot decimals","status":"passed","title":"parses comma and dot decimals","duration":1.27469999999812,"failureMessages":[],"meta":{},"tags":[]},{"ancestorTitles":["decimal helpers"],"fullName":"decimal helpers rounds money to cents","status":"passed","title":"rounds money to cents","duration":0.7452000000012049,"failureMessages":[],"meta":{},"tags":[]}],"startTime":1782369360809,"endTime":1782369360816.745,"status":"passed","message":"","name":"c:/Users/murzi/Desktop/project/project_goods/frontend/src/shared/lib/decimal.test.ts"},{"assertionResults":[{"ancestorTitles":["phoneFormatter"],"fullName":"phoneFormatter formats 12-digit UA numbers into grouped output","status":"passed","title":"formats 12-digit UA numbers into grouped output","duration":4.169300000001385,"failureMessages":[],"meta":{},"tags":[]},{"ancestorTitles":["phoneFormatter"],"fullName":"phoneFormatter returns original value when number is too short","status":"passed","title":"returns original value when number is too short","duration":0.6046000000023923,"failureMessages":[],"meta":{},"tags":[]},{"ancestorTitles":["phoneFormatter"],"fullName":"phoneFormatter validates known UA number formats","status":"passed","title":"validates known UA number formats","duration":1.728399999999965,"failureMessages":[],"meta":{},"tags":[]},{"ancestorTitles":["phoneFormatter"],"fullName":"phoneFormatter normalizes by stripping non-digit characters","status":"passed","title":"normalizes by stripping non-digit characters","duration":0.6069999999999709,"failureMessages":[],"meta":{},"tags":[]}],"startTime":1782369360892,"endTime":1782369360899.607,"status":"passed","message":"","name":"c:/Users/murzi/Desktop/project/project_goods/frontend/src/shared/lib/phoneFormatter.test.ts"},{"assertionResults":[{"ancestorTitles":["phone field helpers"],"fullName":"phone field helpers updatePhoneAtIndex updates primary and phones together","status":"passed","title":"updatePhoneAtIndex updates primary and phones together","duration":6.7453999999997905,"failureMessages":[],"meta":{},"tags":[]},{"ancestorTitles":["phone field helpers"],"fullName":"phone field helpers updatePhoneAtIndex updates additional phone without changing primary","status":"passed","title":"updatePhoneAtIndex updates additional phone without changing primary","duration":0.970499999999447,"failureMessages":[],"meta":{},"tags":[]},{"ancestorTitles":["phone field helpers"],"fullName":"phone field helpers setPrimaryPhoneAtIndex moves selected phone to front","status":"passed","title":"setPrimaryPhoneAtIndex moves selected phone to front","duration":1.108700000000681,"failureMessages":[],"meta":{},"tags":[]},{"ancestorTitles":["phone field helpers"],"fullName":"phone field helpers removePhoneAtIndex removes additional phone","status":"passed","title":"removePhoneAtIndex removes additional phone","duration":0.9814000000005763,"failureMessages":[],"meta":{},"tags":[]},{"ancestorTitles":["phone field helpers"],"fullName":"phone field helpers removePhoneAtIndex promotes next phone when removing primary","status":"passed","title":"removePhoneAtIndex promotes next phone when removing primary","duration":0.6445999999996275,"failureMessages":[],"meta":{},"tags":[]},{"ancestorTitles":["phone field helpers"],"fullName":"phone field helpers addPhoneRow appends default phone","status":"passed","title":"addPhoneRow appends default phone","duration":0.7169000000030792,"failureMessages":[],"meta":{},"tags":[]}],"startTime":1782369360742,"endTime":1782369360753.7168,"status":"passed","message":"","name":"c:/Users/murzi/Desktop/project/project_goods/frontend/src/shared/lib/phones.test.ts"},{"assertionResults":[{"ancestorTitles":["NumberStepper"],"fullName":"NumberStepper accepts comma and dot decimal input without collapsing editable states","status":"passed","title":"accepts comma and dot decimal input without collapsing editable states","duration":109.6945999999989,"failureMessages":[],"meta":{},"tags":[]},{"ancestorTitles":["NumberStepper"],"fullName":"NumberStepper steps money by cents when configured with precision","status":"passed","title":"steps money by cents when configured with precision","duration":10.636899999997695,"failureMessages":[],"meta":{},"tags":[]}],"startTime":1782369357918,"endTime":1782369358039.637,"status":"passed","message":"","name":"c:/Users/murzi/Desktop/project/project_goods/frontend/src/shared/ui/NumberStepper.test.tsx"},{"assertionResults":[{"ancestorTitles":["PhonesField"],"fullName":"PhonesField emits atomic phone updates when editing primary phone","status":"passed","title":"emits atomic phone updates when editing primary phone","duration":647.4429999999993,"failureMessages":[],"meta":{},"tags":[]},{"ancestorTitles":["PhonesField"],"fullName":"PhonesField promotes additional phone to primary","status":"failed","title":"promotes additional phone to primary","duration":464.4984000000004,"failureMessages":["TestingLibraryElementError: Unable to find an accessible element with the role \"button\" and name \"Set as primary phone\"\n\nHere are the accessible roles:\n\n  textbox:\n\n  Name \"\":\n  \u001b[36m<input\u001b[39m\n    \u001b[33mplaceholder\u001b[39m=\u001b[32m\"clients.card.fields.primaryPhonePlaceholder\"\u001b[39m\n    \u001b[33mvalue\u001b[39m=\u001b[32m\"+380501111111\"\u001b[39m\n  \u001b[36m/>\u001b[39m\n\n  Name \"\":\n  \u001b[36m<input\u001b[39m\n    \u001b[33mplaceholder\u001b[39m=\u001b[32m\"\"\u001b[39m\n    \u001b[33mvalue\u001b[39m=\u001b[32m\"+380502222222\"\u001b[39m\n  \u001b[36m/>\u001b[39m\n\n  --------------------------------------------------\n  button:\n\n  Name \"clients.card.removePhoneAriaLabel\":\n  \u001b[36m<button\u001b[39m\n    \u001b[33maria-label\u001b[39m=\u001b[32m\"clients.card.removePhoneAriaLabel\"\u001b[39m\n    \u001b[33mclass\u001b[39m=\u001b[32m\"ghost-button\"\u001b[39m\n    \u001b[33mtype\u001b[39m=\u001b[32m\"button\"\u001b[39m\n  \u001b[36m/>\u001b[39m\n\n  Name \"clients.card.setPrimaryPhoneAriaLabel\":\n  \u001b[36m<button\u001b[39m\n    \u001b[33maria-label\u001b[39m=\u001b[32m\"clients.card.setPrimaryPhoneAriaLabel\"\u001b[39m\n    \u001b[33mclass\u001b[39m=\u001b[32m\"ghost-button phone-primary-action\"\u001b[39m\n    \u001b[33mtitle\u001b[39m=\u001b[32m\"clients.card.setPrimaryPhone\"\u001b[39m\n    \u001b[33mtype\u001b[39m=\u001b[32m\"button\"\u001b[39m\n  \u001b[36m/>\u001b[39m\n\n  Name \"clients.card.removePhoneAriaLabel\":\n  \u001b[36m<button\u001b[39m\n    \u001b[33maria-label\u001b[39m=\u001b[32m\"clients.card.removePhoneAriaLabel\"\u001b[39m\n    \u001b[33mclass\u001b[39m=\u001b[32m\"ghost-button\"\u001b[39m\n    \u001b[33mtype\u001b[39m=\u001b[32m\"button\"\u001b[39m\n  \u001b[36m/>\u001b[39m\n\n  Name \"clients.card.addPhone\":\n  \u001b[36m<button\u001b[39m\n    \u001b[33mclass\u001b[39m=\u001b[32m\"ghost-button\"\u001b[39m\n    \u001b[33mtype\u001b[39m=\u001b[32m\"button\"\u001b[39m\n  \u001b[36m/>\u001b[39m\n\n  --------------------------------------------------\n\nIgnored nodes: comments, script, style\n\u001b[36m<body>\u001b[39m\n  \u001b[36m<div>\u001b[39m\n    \u001b[36m<div\u001b[39m\n      \u001b[33mclass\u001b[39m=\u001b[32m\"field field-wide phones-field\"\u001b[39m\n    \u001b[36m>\u001b[39m\n      \u001b[36m<span>\u001b[39m\n        \u001b[0mclients.card.fields.phones\u001b[0m\n      \u001b[36m</span>\u001b[39m\n      \u001b[36m<div\u001b[39m\n        \u001b[33mclass\u001b[39m=\u001b[32m\"phone-row\"\u001b[39m\n      \u001b[36m>\u001b[39m\n        \u001b[36m<input\u001b[39m\n          \u001b[33mplaceholder\u001b[39m=\u001b[32m\"clients.card.fields.primaryPhonePlaceholder\"\u001b[39m\n          \u001b[33mvalue\u001b[39m=\u001b[32m\"+380501111111\"\u001b[39m\n        \u001b[36m/>\u001b[39m\n        \u001b[36m<small\u001b[39m\n          \u001b[33mclass\u001b[39m=\u001b[32m\"phone-row-label\"\u001b[39m\n        \u001b[36m>\u001b[39m\n          \u001b[0mclients.card.fields.primaryPhone\u001b[0m\n        \u001b[36m</small>\u001b[39m\n        \u001b[36m<div\u001b[39m\n          \u001b[33mclass\u001b[39m=\u001b[32m\"phone-row-actions\"\u001b[39m\n        \u001b[36m>\u001b[39m\n          \u001b[36m<button\u001b[39m\n            \u001b[33maria-label\u001b[39m=\u001b[32m\"clients.card.removePhoneAriaLabel\"\u001b[39m\n            \u001b[33mclass\u001b[39m=\u001b[32m\"ghost-button\"\u001b[39m\n            \u001b[33mtype\u001b[39m=\u001b[32m\"button\"\u001b[39m\n          \u001b[36m>\u001b[39m\n            \u001b[0m−\u001b[0m\n          \u001b[36m</button>\u001b[39m\n        \u001b[36m</div>\u001b[39m\n      \u001b[36m</div>\u001b[39m\n      \u001b[36m<div\u001b[39m\n        \u001b[33mclass\u001b[39m=\u001b[32m\"phone-row\"\u001b[39m\n      \u001b[36m>\u001b[39m\n        \u001b[36m<input\u001b[39m\n          \u001b[33mplaceholder\u001b[39m=\u001b[32m\"\"\u001b[39m\n          \u001b[33mvalue\u001b[39m=\u001b[32m\"+380502222222\"\u001b[39m\n        \u001b[36m/>\u001b[39m\n        \u001b[36m<small\u001b[39m\n          \u001b[33mclass\u001b[39m=\u001b[32m\"phone-row-label\"\u001b[39m\n        \u001b[36m>\u001b[39m\n          \u001b[0mclients.card.fields.additionalPhone\u001b[0m\n        \u001b[36m</small>\u001b[39m\n        \u001b[36m<div\u001b[39m\n          \u001b[33mclass\u001b[39m=\u001b[32m\"phone-row-actions\"\u001b[39m\n        \u001b[36m>\u001b[39m\n          \u001b[36m<button\u001b[39m\n            \u001b[33maria-label\u001b[39m=\u001b[32m\"clients.card.setPrimaryPhoneAriaLabel\"\u001b[39m\n            \u001b[33mclass\u001b[39m=\u001b[32m\"ghost-button phone-primary-action\"\u001b[39m\n            \u001b[33mtitle\u001b[39m=\u001b[32m\"clients.card.setPrimaryPhone\"\u001b[39m\n            \u001b[33mtype\u001b[39m=\u001b[32m\"button\"\u001b[39m\n          \u001b[36m>\u001b[39m\n            \u001b[0m★\u001b[0m\n          \u001b[36m</button>\u001b[39m\n          \u001b[36m<button\u001b[39m\n            \u001b[33maria-label\u001b[39m=\u001b[32m\"clients.card.removePhoneAriaLabel\"\u001b[39m\n            \u001b[33mclass\u001b[39m=\u001b[32m\"ghost-button\"\u001b[39m\n            \u001b[33mtype\u001b[39m=\u001b[32m\"button\"\u001b[39m\n          \u001b[36m>\u001b[39m\n            \u001b[0m−\u001b[0m\n          \u001b[36m</button>\u001b[39m\n        \u001b[36m</div>\u001b[39m\n      \u001b[36m</div>\u001b[39m\n      \u001b[36m<div>\u001b[39m\n        \u001b[36m<button\u001b[39m\n          \u001b[33mclass\u001b[39m=\u001b[32m\"ghost-button\"\u001b[39m\n          \u001b[33mtype\u001b[39m=\u001b[32m\"button\"\u001b[39m\n        \u001b[36m>\u001b[39m\n          \u001b[0mclients.card.addPhone\u001b[0m\n        \u001b[36m</button>\u001b[39m\n      \u001b[36m</div>\u001b[39m\n    \u001b[36m</div>\u001b[39m\n  \u001b[36m</div>\u001b[39m\n\u001b[36m</body>\u001b[39m\n    at Object.getElementError (c:\\Users\\murzi\\Desktop\\project\\project_goods\\frontend\\node_modules\\@testing-library\\dom\\dist\\config.js:37:19)\n    at c:\\Users\\murzi\\Desktop\\project\\project_goods\\frontend\\node_modules\\@testing-library\\dom\\dist\\query-helpers.js:76:38\n    at c:\\Users\\murzi\\Desktop\\project\\project_goods\\frontend\\node_modules\\@testing-library\\dom\\dist\\query-helpers.js:52:17\n    at c:\\Users\\murzi\\Desktop\\project\\project_goods\\frontend\\node_modules\\@testing-library\\dom\\dist\\query-helpers.js:95:19\n    at C:/Users/murzi/Desktop/project/project_goods/frontend/src/shared/ui/PhonesField.test.tsx:43:14\n    at file:///C:/Users/murzi/Desktop/project/project_goods/frontend/node_modules/@vitest/runner/dist/chunk-artifact.js:302:11\n    at file:///C:/Users/murzi/Desktop/project/project_goods/frontend/node_modules/@vitest/runner/dist/chunk-artifact.js:1903:26\n    at file:///C:/Users/murzi/Desktop/project/project_goods/frontend/node_modules/@vitest/runner/dist/chunk-artifact.js:2326:20\n    at new Promise (<anonymous>)\n    at runWithCancel (file:///C:/Users/murzi/Desktop/project/project_goods/frontend/node_modules/@vitest/runner/dist/chunk-artifact.js:2323:10)"],"meta":{},"tags":[]},{"ancestorTitles":["PhonesField"],"fullName":"PhonesField removes additional phone row","status":"failed","title":"removes additional phone row","duration":22.44789999999921,"failureMessages":["TestingLibraryElementError: Unable to find an element with the text: Phones. This could be because the text is broken up by multiple elements. In this case, you can provide a function for your text matcher to make your matcher more flexible.\n\nIgnored nodes: comments, script, style\n\u001b[36m<body>\u001b[39m\n  \u001b[36m<div>\u001b[39m\n    \u001b[36m<div\u001b[39m\n      \u001b[33mclass\u001b[39m=\u001b[32m\"field field-wide phones-field\"\u001b[39m\n    \u001b[36m>\u001b[39m\n      \u001b[36m<span>\u001b[39m\n        \u001b[0mclients.card.fields.phones\u001b[0m\n      \u001b[36m</span>\u001b[39m\n      \u001b[36m<div\u001b[39m\n        \u001b[33mclass\u001b[39m=\u001b[32m\"phone-row\"\u001b[39m\n      \u001b[36m>\u001b[39m\n        \u001b[36m<input\u001b[39m\n          \u001b[33mplaceholder\u001b[39m=\u001b[32m\"clients.card.fields.primaryPhonePlaceholder\"\u001b[39m\n          \u001b[33mvalue\u001b[39m=\u001b[32m\"+380501111111\"\u001b[39m\n        \u001b[36m/>\u001b[39m\n        \u001b[36m<small\u001b[39m\n          \u001b[33mclass\u001b[39m=\u001b[32m\"phone-row-label\"\u001b[39m\n        \u001b[36m>\u001b[39m\n          \u001b[0mclients.card.fields.primaryPhone\u001b[0m\n        \u001b[36m</small>\u001b[39m\n        \u001b[36m<div\u001b[39m\n          \u001b[33mclass\u001b[39m=\u001b[32m\"phone-row-actions\"\u001b[39m\n        \u001b[36m>\u001b[39m\n          \u001b[36m<button\u001b[39m\n            \u001b[33maria-label\u001b[39m=\u001b[32m\"clients.card.removePhoneAriaLabel\"\u001b[39m\n            \u001b[33mclass\u001b[39m=\u001b[32m\"ghost-button\"\u001b[39m\n            \u001b[33mtype\u001b[39m=\u001b[32m\"button\"\u001b[39m\n          \u001b[36m>\u001b[39m\n            \u001b[0m−\u001b[0m\n          \u001b[36m</button>\u001b[39m\n        \u001b[36m</div>\u001b[39m\n      \u001b[36m</div>\u001b[39m\n      \u001b[36m<div\u001b[39m\n        \u001b[33mclass\u001b[39m=\u001b[32m\"phone-row\"\u001b[39m\n      \u001b[36m>\u001b[39m\n        \u001b[36m<input\u001b[39m\n          \u001b[33mplaceholder\u001b[39m=\u001b[32m\"\"\u001b[39m\n          \u001b[33mvalue\u001b[39m=\u001b[32m\"+380502222222\"\u001b[39m\n        \u001b[36m/>\u001b[39m\n        \u001b[36m<small\u001b[39m\n          \u001b[33mclass\u001b[39m=\u001b[32m\"phone-row-label\"\u001b[39m\n        \u001b[36m>\u001b[39m\n          \u001b[0mclients.card.fields.additionalPhone\u001b[0m\n        \u001b[36m</small>\u001b[39m\n        \u001b[36m<div\u001b[39m\n          \u001b[33mclass\u001b[39m=\u001b[32m\"phone-row-actions\"\u001b[39m\n        \u001b[36m>\u001b[39m\n          \u001b[36m<button\u001b[39m\n            \u001b[33maria-label\u001b[39m=\u001b[32m\"clients.card.setPrimaryPhoneAriaLabel\"\u001b[39m\n            \u001b[33mclass\u001b[39m=\u001b[32m\"ghost-button phone-primary-action\"\u001b[39m\n            \u001b[33mtitle\u001b[39m=\u001b[32m\"clients.card.setPrimaryPhone\"\u001b[39m\n            \u001b[33mtype\u001b[39m=\u001b[32m\"button\"\u001b[39m\n          \u001b[36m>\u001b[39m\n            \u001b[0m★\u001b[0m\n          \u001b[36m</button>\u001b[39m\n          \u001b[36m<button\u001b[39m\n            \u001b[33maria-label\u001b[39m=\u001b[32m\"clients.card.removePhoneAriaLabel\"\u001b[39m\n            \u001b[33mclass\u001b[39m=\u001b[32m\"ghost-button\"\u001b[39m\n            \u001b[33mtype\u001b[39m=\u001b[32m\"button\"\u001b[39m\n          \u001b[36m>\u001b[39m\n            \u001b[0m−\u001b[0m\n          \u001b[36m</button>\u001b[39m\n        \u001b[36m</div>\u001b[39m\n      \u001b[36m</div>\u001b[39m\n      \u001b[36m<div>\u001b[39m\n        \u001b[36m<button\u001b[39m\n          \u001b[33mclass\u001b[39m=\u001b[32m\"ghost-button\"\u001b[39m\n          \u001b[33mtype\u001b[39m=\u001b[32m\"button\"\u001b[39m\n        \u001b[36m>\u001b[39m\n          \u001b[0mclients.card.addPhone\u001b[0m\n        \u001b[36m</button>\u001b[39m\n      \u001b[36m</div>\u001b[39m\n    \u001b[36m</div>\u001b[39m\n  \u001b[36m</div>\u001b[39m\n\u001b[36m</body>\u001b[39m\n    at Object.getElementError (c:\\Users\\murzi\\Desktop\\project\\project_goods\\frontend\\node_modules\\@testing-library\\dom\\dist\\config.js:37:19)\n    at c:\\Users\\murzi\\Desktop\\project\\project_goods\\frontend\\node_modules\\@testing-library\\dom\\dist\\query-helpers.js:76:38\n    at c:\\Users\\murzi\\Desktop\\project\\project_goods\\frontend\\node_modules\\@testing-library\\dom\\dist\\query-helpers.js:52:17\n    at c:\\Users\\murzi\\Desktop\\project\\project_goods\\frontend\\node_modules\\@testing-library\\dom\\dist\\query-helpers.js:95:19\n    at C:/Users/murzi/Desktop/project/project_goods/frontend/src/shared/ui/PhonesField.test.tsx:63:32\n    at file:///C:/Users/murzi/Desktop/project/project_goods/frontend/node_modules/@vitest/runner/dist/chunk-artifact.js:302:11\n    at file:///C:/Users/murzi/Desktop/project/project_goods/frontend/node_modules/@vitest/runner/dist/chunk-artifact.js:1903:26\n    at file:///C:/Users/murzi/Desktop/project/project_goods/frontend/node_modules/@vitest/runner/dist/chunk-artifact.js:2326:20\n    at new Promise (<anonymous>)\n    at runWithCancel (file:///C:/Users/murzi/Desktop/project/project_goods/frontend/node_modules/@vitest/runner/dist/chunk-artifact.js:2323:10)"],"meta":{},"tags":[]}],"startTime":1782369350102,"endTime":1782369351236.448,"status":"failed","message":"","name":"c:/Users/murzi/Desktop/project/project_goods/frontend/src/shared/ui/PhonesField.test.tsx"},{"assertionResults":[{"ancestorTitles":["TruncatedTextTooltip"],"fullName":"TruncatedTextTooltip renders the provided text","status":"passed","title":"renders the provided text","duration":50.149499999999534,"failureMessages":[],"meta":{},"tags":[]},{"ancestorTitles":["TruncatedTextTooltip"],"fullName":"TruncatedTextTooltip does not render portal tooltip for non-clipped text (no overflow)","status":"passed","title":"does not render portal tooltip for non-clipped text (no overflow)","duration":13.742000000002008,"failureMessages":[],"meta":{},"tags":[]},{"ancestorTitles":["TruncatedTextTooltip"],"fullName":"TruncatedTextTooltip renders tooltip content when forced overflow simulation (via wide content)","status":"passed","title":"renders tooltip content when forced overflow simulation (via wide content)","duration":62.22899999999936,"failureMessages":[],"meta":{},"tags":[]},{"ancestorTitles":["TruncatedTextTooltip"],"fullName":"TruncatedTextTooltip keeps tooltip open when hovering the tooltip area (simulated)","status":"passed","title":"keeps tooltip open when hovering the tooltip area (simulated)","duration":33.47099999999773,"failureMessages":[],"meta":{},"tags":[]}],"startTime":1782369358177,"endTime":1782369358337.471,"status":"passed","message":"","name":"c:/Users/murzi/Desktop/project/project_goods/frontend/src/shared/ui/TruncatedTextTooltip.test.tsx"},{"assertionResults":[{"ancestorTitles":["getEffectiveClientStatusLogic"],"fullName":"getEffectiveClientStatusLogic upgrades legacy stored new by visit count","status":"passed","title":"upgrades legacy stored new by visit count","duration":4.687099999999191,"failureMessages":[],"meta":{},"tags":[]},{"ancestorTitles":["getEffectiveClientStatusLogic"],"fullName":"getEffectiveClientStatusLogic upgrades empty stored status by visit count","status":"passed","title":"upgrades empty stored status by visit count","duration":0.501299999999901,"failureMessages":[],"meta":{},"tags":[]},{"ancestorTitles":["getEffectiveClientStatusLogic"],"fullName":"getEffectiveClientStatusLogic keeps manual overrides regardless of visits","status":"passed","title":"keeps manual overrides regardless of visits","duration":0.5504999999975553,"failureMessages":[],"meta":{},"tags":[]},{"ancestorTitles":["getEffectiveClientStatusLogic"],"fullName":"getEffectiveClientStatusLogic always keeps blacklist","status":"passed","title":"always keeps blacklist","duration":0.4683999999979278,"failureMessages":[],"meta":{},"tags":[]}],"startTime":1782369360741,"endTime":1782369360747.4685,"status":"passed","message":"","name":"c:/Users/murzi/Desktop/project/project_goods/frontend/src/entities/client/model/constants.test.ts"},{"assertionResults":[{"ancestorTitles":["filterClientsByQuery"],"fullName":"filterClientsByQuery finds clients by additional phone","status":"passed","title":"finds clients by additional phone","duration":6.950099999998201,"failureMessages":[],"meta":{},"tags":[]}],"startTime":1782369360463,"endTime":1782369360469.9502,"status":"passed","message":"","name":"c:/Users/murzi/Desktop/project/project_goods/frontend/src/entities/client/lib/filter-clients.test.ts"},{"assertionResults":[{"ancestorTitles":["client phone match helpers"],"fullName":"client phone match helpers matches clients by additional phone and normalized digits","status":"passed","title":"matches clients by additional phone and normalized digits","duration":5.205299999997806,"failureMessages":[],"meta":{},"tags":[]},{"ancestorTitles":["client phone match helpers"],"fullName":"client phone match helpers formats primary phone with compact additional label","status":"passed","title":"formats primary phone with compact additional label","duration":0.6841999999996915,"failureMessages":[],"meta":{},"tags":[]},{"ancestorTitles":["client phone match helpers"],"fullName":"client phone match helpers matches sale snapshots by additional phones with legacy fallback","status":"passed","title":"matches sale snapshots by additional phones with legacy fallback","duration":2.9673000000002503,"failureMessages":[],"meta":{},"tags":[]}],"startTime":1782369360423,"endTime":1782369360431.9673,"status":"passed","message":"","name":"c:/Users/murzi/Desktop/project/project_goods/frontend/src/entities/client/lib/phone-match.test.ts"},{"assertionResults":[{"ancestorTitles":["unbind-client-device helpers"],"fullName":"unbind-client-device helpers returns delete when device can be removed","status":"passed","title":"returns delete when device can be removed","duration":4.586100000000442,"failureMessages":[],"meta":{},"tags":[]},{"ancestorTitles":["unbind-client-device helpers"],"fullName":"unbind-client-device helpers returns deactivate when device is used in orders","status":"passed","title":"returns deactivate when device is used in orders","duration":0.7894999999989523,"failureMessages":[],"meta":{},"tags":[]},{"ancestorTitles":["unbind-client-device helpers"],"fullName":"unbind-client-device helpers builds deactivate payload with optimistic concurrency","status":"passed","title":"builds deactivate payload with optimistic concurrency","duration":2.189600000001519,"failureMessages":[],"meta":{},"tags":[]},{"ancestorTitles":["unbind-client-device helpers"],"fullName":"unbind-client-device helpers filters active devices for one client and deduplicates by name","status":"passed","title":"filters active devices for one client and deduplicates by name","duration":1.0542000000023108,"failureMessages":[],"meta":{},"tags":[]},{"ancestorTitles":["unbind-client-device helpers"],"fullName":"unbind-client-device helpers deletes removable devices through unbind helper","status":"passed","title":"deletes removable devices through unbind helper","duration":6.589100000001054,"failureMessages":[],"meta":{},"tags":[]},{"ancestorTitles":["unbind-client-device helpers"],"fullName":"unbind-client-device helpers deactivates used devices through unbind helper","status":"passed","title":"deactivates used devices through unbind helper","duration":2.4167000000015832,"failureMessages":[],"meta":{},"tags":[]},{"ancestorTitles":["unbind-client-device helpers"],"fullName":"unbind-client-device helpers skips inactive devices","status":"passed","title":"skips inactive devices","duration":1.296200000000681,"failureMessages":[],"meta":{},"tags":[]}],"startTime":1782369359774,"endTime":1782369359793.2961,"status":"passed","message":"","name":"c:/Users/murzi/Desktop/project/project_goods/frontend/src/entities/client-device/lib/unbind-client-device.test.ts"},{"assertionResults":[{"ancestorTitles":["filterProducts"],"fullName":"filterProducts returns all products for empty query","status":"passed","title":"returns all products for empty query","duration":6.553400000000693,"failureMessages":[],"meta":{},"tags":[]},{"ancestorTitles":["filterProducts"],"fullName":"filterProducts finds products by normalized text query","status":"passed","title":"finds products by normalized text query","duration":1.5531000000009954,"failureMessages":[],"meta":{},"tags":[]},{"ancestorTitles":["filterProducts"],"fullName":"filterProducts searches across article and serial number","status":"passed","title":"searches across article and serial number","duration":1.8012999999991735,"failureMessages":[],"meta":{},"tags":[]}],"startTime":1782369360347,"endTime":1782369360357.8013,"status":"passed","message":"","name":"c:/Users/murzi/Desktop/project/project_goods/frontend/src/entities/product/lib/filter-products.test.ts"},{"assertionResults":[{"ancestorTitles":["saleApi response validation"],"fullName":"saleApi response validation accepts a create sale response with sale and product","status":"failed","title":"accepts a create sale response with sale and product","duration":7.166400000000067,"failureMessages":["TypeError: __vite_ssr_import_0__.vi.mocked(...).mockResolvedValueOnce is not a function\n    at C:/Users/murzi/Desktop/project/project_goods/frontend/src/entities/sale/api/saleApi.test.ts:70:31\n    at file:///C:/Users/murzi/Desktop/project/project_goods/frontend/node_modules/@vitest/runner/dist/chunk-artifact.js:302:11\n    at file:///C:/Users/murzi/Desktop/project/project_goods/frontend/node_modules/@vitest/runner/dist/chunk-artifact.js:1903:26\n    at file:///C:/Users/murzi/Desktop/project/project_goods/frontend/node_modules/@vitest/runner/dist/chunk-artifact.js:2326:20\n    at new Promise (<anonymous>)\n    at runWithCancel (file:///C:/Users/murzi/Desktop/project/project_goods/frontend/node_modules/@vitest/runner/dist/chunk-artifact.js:2323:10)\n    at file:///C:/Users/murzi/Desktop/project/project_goods/frontend/node_modules/@vitest/runner/dist/chunk-artifact.js:2305:20\n    at new Promise (<anonymous>)\n    at runWithTimeout (file:///C:/Users/murzi/Desktop/project/project_goods/frontend/node_modules/@vitest/runner/dist/chunk-artifact.js:2272:10)\n    at file:///C:/Users/murzi/Desktop/project/project_goods/frontend/node_modules/@vitest/runner/dist/chunk-artifact.js:2955:64"],"meta":{},"tags":[]},{"ancestorTitles":["saleApi response validation"],"fullName":"saleApi response validation rejects a create sale response without a valid sale","status":"failed","title":"rejects a create sale response without a valid sale","duration":1.3258000000005268,"failureMessages":["TypeError: __vite_ssr_import_0__.vi.mocked(...).mockResolvedValueOnce is not a function\n    at C:/Users/murzi/Desktop/project/project_goods/frontend/src/entities/sale/api/saleApi.test.ts:81:31\n    at file:///C:/Users/murzi/Desktop/project/project_goods/frontend/node_modules/@vitest/runner/dist/chunk-artifact.js:302:11\n    at file:///C:/Users/murzi/Desktop/project/project_goods/frontend/node_modules/@vitest/runner/dist/chunk-artifact.js:1903:26\n    at file:///C:/Users/murzi/Desktop/project/project_goods/frontend/node_modules/@vitest/runner/dist/chunk-artifact.js:2326:20\n    at new Promise (<anonymous>)\n    at runWithCancel (file:///C:/Users/murzi/Desktop/project/project_goods/frontend/node_modules/@vitest/runner/dist/chunk-artifact.js:2323:10)\n    at file:///C:/Users/murzi/Desktop/project/project_goods/frontend/node_modules/@vitest/runner/dist/chunk-artifact.js:2305:20\n    at new Promise (<anonymous>)\n    at runWithTimeout (file:///C:/Users/murzi/Desktop/project/project_goods/frontend/node_modules/@vitest/runner/dist/chunk-artifact.js:2272:10)\n    at file:///C:/Users/murzi/Desktop/project/project_goods/frontend/node_modules/@vitest/runner/dist/chunk-artifact.js:2955:64"],"meta":{},"tags":[]},{"ancestorTitles":["saleApi response validation"],"fullName":"saleApi response validation accepts a direct sale workspace update response","status":"failed","title":"accepts a direct sale workspace update response","duration":1.2885000000005675,"failureMessages":["TypeError: __vite_ssr_import_0__.vi.mocked(...).mockResolvedValueOnce is not a function\n    at C:/Users/murzi/Desktop/project/project_goods/frontend/src/entities/sale/api/saleApi.test.ts:91:32\n    at file:///C:/Users/murzi/Desktop/project/project_goods/frontend/node_modules/@vitest/runner/dist/chunk-artifact.js:302:11\n    at file:///C:/Users/murzi/Desktop/project/project_goods/frontend/node_modules/@vitest/runner/dist/chunk-artifact.js:1903:26\n    at file:///C:/Users/murzi/Desktop/project/project_goods/frontend/node_modules/@vitest/runner/dist/chunk-artifact.js:2326:20\n    at new Promise (<anonymous>)\n    at runWithCancel (file:///C:/Users/murzi/Desktop/project/project_goods/frontend/node_modules/@vitest/runner/dist/chunk-artifact.js:2323:10)\n    at file:///C:/Users/murzi/Desktop/project/project_goods/frontend/node_modules/@vitest/runner/dist/chunk-artifact.js:2305:20\n    at new Promise (<anonymous>)\n    at runWithTimeout (file:///C:/Users/murzi/Desktop/project/project_goods/frontend/node_modules/@vitest/runner/dist/chunk-artifact.js:2272:10)\n    at file:///C:/Users/murzi/Desktop/project/project_goods/frontend/node_modules/@vitest/runner/dist/chunk-artifact.js:2955:64"],"meta":{},"tags":[]},{"ancestorTitles":["saleApi response validation"],"fullName":"saleApi response validation rejects invalid sale workspace update responses","status":"failed","title":"rejects invalid sale workspace update responses","duration":1.4344999999993888,"failureMessages":["TypeError: __vite_ssr_import_0__.vi.mocked(...).mockResolvedValueOnce is not a function\n    at C:/Users/murzi/Desktop/project/project_goods/frontend/src/entities/sale/api/saleApi.test.ts:97:32\n    at file:///C:/Users/murzi/Desktop/project/project_goods/frontend/node_modules/@vitest/runner/dist/chunk-artifact.js:302:11\n    at file:///C:/Users/murzi/Desktop/project/project_goods/frontend/node_modules/@vitest/runner/dist/chunk-artifact.js:1903:26\n    at file:///C:/Users/murzi/Desktop/project/project_goods/frontend/node_modules/@vitest/runner/dist/chunk-artifact.js:2326:20\n    at new Promise (<anonymous>)\n    at runWithCancel (file:///C:/Users/murzi/Desktop/project/project_goods/frontend/node_modules/@vitest/runner/dist/chunk-artifact.js:2323:10)\n    at file:///C:/Users/murzi/Desktop/project/project_goods/frontend/node_modules/@vitest/runner/dist/chunk-artifact.js:2305:20\n    at new Promise (<anonymous>)\n    at runWithTimeout (file:///C:/Users/murzi/Desktop/project/project_goods/frontend/node_modules/@vitest/runner/dist/chunk-artifact.js:2272:10)\n    at file:///C:/Users/murzi/Desktop/project/project_goods/frontend/node_modules/@vitest/runner/dist/chunk-artifact.js:2955:64"],"meta":{},"tags":[]},{"ancestorTitles":["saleApi response validation"],"fullName":"saleApi response validation rejects wrapped sale workspace update responses","status":"failed","title":"rejects wrapped sale workspace update responses","duration":1.277299999999741,"failureMessages":["TypeError: __vite_ssr_import_0__.vi.mocked(...).mockResolvedValueOnce is not a function\n    at C:/Users/murzi/Desktop/project/project_goods/frontend/src/entities/sale/api/saleApi.test.ts:107:32\n    at file:///C:/Users/murzi/Desktop/project/project_goods/frontend/node_modules/@vitest/runner/dist/chunk-artifact.js:302:11\n    at file:///C:/Users/murzi/Desktop/project/project_goods/frontend/node_modules/@vitest/runner/dist/chunk-artifact.js:1903:26\n    at file:///C:/Users/murzi/Desktop/project/project_goods/frontend/node_modules/@vitest/runner/dist/chunk-artifact.js:2326:20\n    at new Promise (<anonymous>)\n    at runWithCancel (file:///C:/Users/murzi/Desktop/project/project_goods/frontend/node_modules/@vitest/runner/dist/chunk-artifact.js:2323:10)\n    at file:///C:/Users/murzi/Desktop/project/project_goods/frontend/node_modules/@vitest/runner/dist/chunk-artifact.js:2305:20\n    at new Promise (<anonymous>)\n    at runWithTimeout (file:///C:/Users/murzi/Desktop/project/project_goods/frontend/node_modules/@vitest/runner/dist/chunk-artifact.js:2272:10)\n    at file:///C:/Users/murzi/Desktop/project/project_goods/frontend/node_modules/@vitest/runner/dist/chunk-artifact.js:2955:64"],"meta":{},"tags":[]}],"startTime":1782369352586,"endTime":1782369352599.2773,"status":"failed","message":"","name":"c:/Users/murzi/Desktop/project/project_goods/frontend/src/entities/sale/api/saleApi.test.ts"},{"assertionResults":[{"ancestorTitles":["renderPrintTemplate"],"fullName":"renderPrintTemplate renders supported print variables","status":"passed","title":"renders supported print variables","duration":5.548099999999977,"failureMessages":[],"meta":{},"tags":[]},{"ancestorTitles":["renderPrintTemplate"],"fullName":"renderPrintTemplate renders English empty table fallbacks","status":"passed","title":"renders English empty table fallbacks","duration":1.5368999999991502,"failureMessages":[],"meta":{},"tags":[]},{"ancestorTitles":["renderPrintTemplate"],"fullName":"renderPrintTemplate leaves unknown variables visible","status":"passed","title":"leaves unknown variables visible","duration":0.8071000000018103,"failureMessages":[],"meta":{},"tags":[]},{"ancestorTitles":["renderPrintTemplate"],"fullName":"renderPrintTemplate renders tables and barcode without dropping surrounding html","status":"passed","title":"renders tables and barcode without dropping surrounding html","duration":1.305500000002212,"failureMessages":[],"meta":{},"tags":[]},{"ancestorTitles":["renderPrintTemplate"],"fullName":"renderPrintTemplate uses the explicit barcode value and renders label variables","status":"passed","title":"uses the explicit barcode value and renders label variables","duration":1.066899999997986,"failureMessages":[],"meta":{},"tags":[]},{"ancestorTitles":["renderPrintTemplate"],"fullName":"renderPrintTemplate removes editor token wrappers from rendered output","status":"passed","title":"removes editor token wrappers from rendered output","duration":0.872800000001007,"failureMessages":[],"meta":{},"tags":[]},{"ancestorTitles":["renderPrintLayout"],"fullName":"renderPrintLayout renders supported layout blocks to stable html","status":"passed","title":"renders supported layout blocks to stable html","duration":2.934400000001915,"failureMessages":[],"meta":{},"tags":[]},{"ancestorTitles":["renderPrintLayout"],"fullName":"renderPrintLayout escapes literal html while preserving variables","status":"passed","title":"escapes literal html while preserving variables","duration":0.9260000000031141,"failureMessages":[],"meta":{},"tags":[]},{"ancestorTitles":["renderPrintLayout"],"fullName":"renderPrintLayout renders paragraph level classes for font sizing","status":"passed","title":"renders paragraph level classes for font sizing","duration":1.057199999999284,"failureMessages":[],"meta":{},"tags":[]},{"ancestorTitles":["renderPrintLayout"],"fullName":"renderPrintLayout defaults missing paragraph level to level 3 in rendered output","status":"passed","title":"defaults missing paragraph level to level 3 in rendered output","duration":0.9128999999993539,"failureMessages":[],"meta":{},"tags":[]},{"ancestorTitles":["normalizePrintLayoutBlocks"],"fullName":"normalizePrintLayoutBlocks adds default level 3 to legacy paragraph blocks","status":"passed","title":"adds default level 3 to legacy paragraph blocks","duration":3.3751999999985856,"failureMessages":[],"meta":{},"tags":[]},{"ancestorTitles":["normalizePrintLayoutBlocks"],"fullName":"normalizePrintLayoutBlocks normalizes nested column paragraph blocks","status":"passed","title":"normalizes nested column paragraph blocks","duration":1.342399999997724,"failureMessages":[],"meta":{},"tags":[]},{"ancestorTitles":["normalizePrintFormsForView"],"fullName":"normalizePrintFormsForView normalizes legacy paragraph levels when loading layout forms","status":"passed","title":"normalizes legacy paragraph levels when loading layout forms","duration":2.7013000000006286,"failureMessages":[],"meta":{},"tags":[]},{"ancestorTitles":["normalizePrintFormsForView"],"fullName":"normalizePrintFormsForView generates content from layout blocks","status":"passed","title":"generates content from layout blocks","duration":2.487600000000384,"failureMessages":[],"meta":{},"tags":[]},{"ancestorTitles":["normalizePrintFormsForView"],"fullName":"normalizePrintFormsForView keeps legacy custom html unchanged","status":"passed","title":"keeps legacy custom html unchanged","duration":1.3226999999969848,"failureMessages":[],"meta":{},"tags":[]},{"ancestorTitles":["normalizePrintFormsForView"],"fullName":"normalizePrintFormsForView adds the default label size to label forms","status":"passed","title":"adds the default label size to label forms","duration":1.1827999999986787,"failureMessages":[],"meta":{},"tags":[]},{"ancestorTitles":["normalizePrintFormsForView"],"fullName":"normalizePrintFormsForView keeps the built-in barcode default horizontal and label-focused","status":"passed","title":"keeps the built-in barcode default horizontal and label-focused","duration":1.5341000000007625,"failureMessages":[],"meta":{},"tags":[]},{"ancestorTitles":["normalizePrintFormsForView"],"fullName":"normalizePrintFormsForView default Barcode form: page size label, 40x25mm, landscape, renders inside .print-label","status":"passed","title":"default Barcode form: page size label, 40x25mm, landscape, renders inside .print-label","duration":1.364899999996851,"failureMessages":[],"meta":{},"tags":[]},{"ancestorTitles":["normalizePrintFormsForView"],"fullName":"normalizePrintFormsForView updates the old built-in barcode form without replacing custom barcode forms","status":"passed","title":"updates the old built-in barcode form without replacing custom barcode forms","duration":1.5490000000027067,"failureMessages":[],"meta":{},"tags":[]},{"ancestorTitles":["normalizePrintFormsForView"],"fullName":"normalizePrintFormsForView updates recognizable legacy standard forms only","status":"passed","title":"updates recognizable legacy standard forms only","duration":1.350399999999354,"failureMessages":[],"meta":{},"tags":[]},{"ancestorTitles":["normalizePrintFormsForView"],"fullName":"normalizePrintFormsForView keeps built-in defaults in English","status":"passed","title":"keeps built-in defaults in English","duration":0.8149999999986903,"failureMessages":[],"meta":{},"tags":[]},{"ancestorTitles":["normalizePrintFormsForView"],"fullName":"normalizePrintFormsForView keeps invoice defaults aligned with client requisites","status":"passed","title":"keeps invoice defaults aligned with client requisites","duration":1.146600000000035,"failureMessages":[],"meta":{},"tags":[]}],"startTime":1782369359394,"endTime":1782369359433.1465,"status":"passed","message":"","name":"c:/Users/murzi/Desktop/project/project_goods/frontend/src/entities/settings/model/printForms.test.ts"},{"assertionResults":[{"ancestorTitles":["supplier phone form helpers"],"fullName":"supplier phone form helpers reads phones array and falls back to legacy phone","status":"passed","title":"reads phones array and falls back to legacy phone","duration":5.32640000000174,"failureMessages":[],"meta":{},"tags":[]},{"ancestorTitles":["supplier phone form helpers"],"fullName":"supplier phone form helpers maps supplier to form with phones list","status":"passed","title":"maps supplier to form with phones list","duration":1.151400000002468,"failureMessages":[],"meta":{},"tags":[]},{"ancestorTitles":["supplier phone form helpers"],"fullName":"supplier phone form helpers mapSupplierFormToPayload keeps primary first and dedupes phones","status":"passed","title":"mapSupplierFormToPayload keeps primary first and dedupes phones","duration":1.7792000000008557,"failureMessages":[],"meta":{},"tags":[]}],"startTime":1782369360304,"endTime":1782369360312.7793,"status":"passed","message":"","name":"c:/Users/murzi/Desktop/project/project_goods/frontend/src/entities/supplier/model/forms.test.ts"},{"assertionResults":[{"ancestorTitles":["dashboard-navigation"],"fullName":"dashboard-navigation parses and builds a round-trip location","status":"passed","title":"parses and builds a round-trip location","duration":11.643899999999121,"failureMessages":[],"meta":{},"tags":[]},{"ancestorTitles":["dashboard-navigation"],"fullName":"dashboard-navigation derives orders tab from createOrder when ordersTab is absent","status":"passed","title":"derives orders tab from createOrder when ordersTab is absent","duration":1.3961999999992258,"failureMessages":[],"meta":{},"tags":[]},{"ancestorTitles":["dashboard-navigation"],"fullName":"dashboard-navigation keeps accounting tab only on the accounting page","status":"passed","title":"keeps accounting tab only on the accounting page","duration":1.3649999999979627,"failureMessages":[],"meta":{},"tags":[]},{"ancestorTitles":["dashboard-navigation"],"fullName":"dashboard-navigation builds sidebar hrefs through getDashboardHref","status":"passed","title":"builds sidebar hrefs through getDashboardHref","duration":1.2663999999967928,"failureMessages":[],"meta":{},"tags":[]},{"ancestorTitles":["dashboard-navigation"],"fullName":"dashboard-navigation uses pushState by default and replaceState when requested","status":"passed","title":"uses pushState by default and replaceState when requested","duration":7.335000000002765,"failureMessages":[],"meta":{},"tags":[]},{"ancestorTitles":["dashboard-navigation"],"fullName":"dashboard-navigation skips history updates when the href is unchanged","status":"passed","title":"skips history updates when the href is unchanged","duration":2.4752000000007683,"failureMessages":[],"meta":{},"tags":[]}],"startTime":1782369359370,"endTime":1782369359396.475,"status":"passed","message":"","name":"c:/Users/murzi/Desktop/project/project_goods/frontend/src/pages/dashboard/model/dashboard-navigation.test.ts"},{"assertionResults":[{"ancestorTitles":["DashboardPage sync control"],"fullName":"DashboardPage sync control hard reloads the app when Last sync is clicked","status":"failed","title":"hard reloads the app when Last sync is clicked","duration":7.943199999997887,"failureMessages":["TypeError: __vite_ssr_import_0__.vi.mocked(...).mockResolvedValue is not a function\n    at C:/Users/murzi/Desktop/project/project_goods/frontend/src/pages/dashboard/ui/DashboardPage.test.tsx:205:35\n    at file:///C:/Users/murzi/Desktop/project/project_goods/frontend/node_modules/@vitest/runner/dist/chunk-artifact.js:302:11\n    at file:///C:/Users/murzi/Desktop/project/project_goods/frontend/node_modules/@vitest/runner/dist/chunk-artifact.js:1903:26\n    at file:///C:/Users/murzi/Desktop/project/project_goods/frontend/node_modules/@vitest/runner/dist/chunk-artifact.js:2326:20\n    at new Promise (<anonymous>)\n    at runWithCancel (file:///C:/Users/murzi/Desktop/project/project_goods/frontend/node_modules/@vitest/runner/dist/chunk-artifact.js:2323:10)\n    at file:///C:/Users/murzi/Desktop/project/project_goods/frontend/node_modules/@vitest/runner/dist/chunk-artifact.js:2305:20\n    at new Promise (<anonymous>)\n    at runWithTimeout (file:///C:/Users/murzi/Desktop/project/project_goods/frontend/node_modules/@vitest/runner/dist/chunk-artifact.js:2272:10)\n    at file:///C:/Users/murzi/Desktop/project/project_goods/frontend/node_modules/@vitest/runner/dist/chunk-artifact.js:2955:64"],"meta":{},"tags":[]},{"ancestorTitles":["DashboardPage auth recovery"],"fullName":"DashboardPage auth recovery keeps the workspace open when session check returns 401 and a snapshot exists","status":"failed","title":"keeps the workspace open when session check returns 401 and a snapshot exists","duration":1.7137000000002445,"failureMessages":["TypeError: __vite_ssr_import_0__.vi.mocked(...).mockRejectedValue is not a function\n    at C:/Users/murzi/Desktop/project/project_goods/frontend/src/pages/dashboard/ui/DashboardPage.test.tsx:221:35\n    at file:///C:/Users/murzi/Desktop/project/project_goods/frontend/node_modules/@vitest/runner/dist/chunk-artifact.js:302:11\n    at file:///C:/Users/murzi/Desktop/project/project_goods/frontend/node_modules/@vitest/runner/dist/chunk-artifact.js:1903:26\n    at file:///C:/Users/murzi/Desktop/project/project_goods/frontend/node_modules/@vitest/runner/dist/chunk-artifact.js:2326:20\n    at new Promise (<anonymous>)\n    at runWithCancel (file:///C:/Users/murzi/Desktop/project/project_goods/frontend/node_modules/@vitest/runner/dist/chunk-artifact.js:2323:10)\n    at file:///C:/Users/murzi/Desktop/project/project_goods/frontend/node_modules/@vitest/runner/dist/chunk-artifact.js:2305:20\n    at new Promise (<anonymous>)\n    at runWithTimeout (file:///C:/Users/murzi/Desktop/project/project_goods/frontend/node_modules/@vitest/runner/dist/chunk-artifact.js:2272:10)\n    at file:///C:/Users/murzi/Desktop/project/project_goods/frontend/node_modules/@vitest/runner/dist/chunk-artifact.js:2955:64"],"meta":{},"tags":[]},{"ancestorTitles":["DashboardPage browser history"],"fullName":"DashboardPage browser history pushes history entries for in-app navigation and restores state on popstate","status":"failed","title":"pushes history entries for in-app navigation and restores state on popstate","duration":3.089400000000751,"failureMessages":["TypeError: __vite_ssr_import_0__.vi.mocked(...).mockResolvedValue is not a function\n    at C:/Users/murzi/Desktop/project/project_goods/frontend/src/pages/dashboard/ui/DashboardPage.test.tsx:250:35\n    at file:///C:/Users/murzi/Desktop/project/project_goods/frontend/node_modules/@vitest/runner/dist/chunk-artifact.js:302:11\n    at file:///C:/Users/murzi/Desktop/project/project_goods/frontend/node_modules/@vitest/runner/dist/chunk-artifact.js:1903:26\n    at file:///C:/Users/murzi/Desktop/project/project_goods/frontend/node_modules/@vitest/runner/dist/chunk-artifact.js:2326:20\n    at new Promise (<anonymous>)\n    at runWithCancel (file:///C:/Users/murzi/Desktop/project/project_goods/frontend/node_modules/@vitest/runner/dist/chunk-artifact.js:2323:10)\n    at file:///C:/Users/murzi/Desktop/project/project_goods/frontend/node_modules/@vitest/runner/dist/chunk-artifact.js:2305:20\n    at new Promise (<anonymous>)\n    at runWithTimeout (file:///C:/Users/murzi/Desktop/project/project_goods/frontend/node_modules/@vitest/runner/dist/chunk-artifact.js:2272:10)\n    at file:///C:/Users/murzi/Desktop/project/project_goods/frontend/node_modules/@vitest/runner/dist/chunk-artifact.js:2955:64"],"meta":{},"tags":[]},{"ancestorTitles":["DashboardPage last sync reload"],"fullName":"DashboardPage last sync reload clicking Last sync hard reloads the page and preserves login state","status":"failed","title":"clicking Last sync hard reloads the page and preserves login state","duration":1.7652000000016415,"failureMessages":["TypeError: __vite_ssr_import_0__.vi.mocked(...).mockResolvedValue is not a function\n    at C:/Users/murzi/Desktop/project/project_goods/frontend/src/pages/dashboard/ui/DashboardPage.test.tsx:279:35\n    at file:///C:/Users/murzi/Desktop/project/project_goods/frontend/node_modules/@vitest/runner/dist/chunk-artifact.js:302:11\n    at file:///C:/Users/murzi/Desktop/project/project_goods/frontend/node_modules/@vitest/runner/dist/chunk-artifact.js:1903:26\n    at file:///C:/Users/murzi/Desktop/project/project_goods/frontend/node_modules/@vitest/runner/dist/chunk-artifact.js:2326:20\n    at new Promise (<anonymous>)\n    at runWithCancel (file:///C:/Users/murzi/Desktop/project/project_goods/frontend/node_modules/@vitest/runner/dist/chunk-artifact.js:2323:10)\n    at file:///C:/Users/murzi/Desktop/project/project_goods/frontend/node_modules/@vitest/runner/dist/chunk-artifact.js:2305:20\n    at new Promise (<anonymous>)\n    at runWithTimeout (file:///C:/Users/murzi/Desktop/project/project_goods/frontend/node_modules/@vitest/runner/dist/chunk-artifact.js:2272:10)\n    at file:///C:/Users/murzi/Desktop/project/project_goods/frontend/node_modules/@vitest/runner/dist/chunk-artifact.js:2955:64"],"meta":{},"tags":[]}],"startTime":1782369355547,"endTime":1782369355562.7651,"status":"failed","message":"","name":"c:/Users/murzi/Desktop/project/project_goods/frontend/src/pages/dashboard/ui/DashboardPage.test.tsx"},{"assertionResults":[{"ancestorTitles":["accounting model helpers"],"fullName":"accounting model helpers summarizes cashbox totals and finance overview rows","status":"passed","title":"summarizes cashbox totals and finance overview rows","duration":6.5833999999995285,"failureMessages":[],"meta":{},"tags":[]},{"ancestorTitles":["accounting model helpers"],"fullName":"accounting model helpers calculates balance after each transaction from current balances","status":"passed","title":"calculates balance after each transaction from current balances","duration":2.4170000000012806,"failureMessages":[],"meta":{},"tags":[]},{"ancestorTitles":["accounting model helpers"],"fullName":"accounting model helpers filters, sorts, and counts active transaction filters","status":"passed","title":"filters, sorts, and counts active transaction filters","duration":1.1379999999990105,"failureMessages":[],"meta":{},"tags":[]},{"ancestorTitles":["accounting model helpers"],"fullName":"accounting model helpers normalizes currency activity maps without dropping required defaults","status":"passed","title":"normalizes currency activity maps without dropping required defaults","duration":0.799299999998766,"failureMessages":[],"meta":{},"tags":[]},{"ancestorTitles":["accounting model helpers"],"fullName":"accounting model helpers hides disabled empty USD balances and shows existing disabled USD as withdraw-only","status":"passed","title":"hides disabled empty USD balances and shows existing disabled USD as withdraw-only","duration":1.307199999999284,"failureMessages":[],"meta":{},"tags":[]},{"ancestorTitles":["accounting model helpers"],"fullName":"accounting model helpers allows transaction currencies according to per-cashbox currency settings","status":"passed","title":"allows transaction currencies according to per-cashbox currency settings","duration":1.0221999999994296,"failureMessages":[],"meta":{},"tags":[]},{"ancestorTitles":["accounting model helpers"],"fullName":"accounting model helpers allows cancelling an eligible transfer on the same business day","status":"passed","title":"allows cancelling an eligible transfer on the same business day","duration":2.630300000000716,"failureMessages":[],"meta":{},"tags":[]},{"ancestorTitles":["accounting model helpers"],"fullName":"accounting model helpers hides cancellation for transfers from a previous business day","status":"passed","title":"hides cancellation for transfers from a previous business day","duration":1.5300999999999476,"failureMessages":[],"meta":{},"tags":[]},{"ancestorTitles":["accounting model helpers"],"fullName":"accounting model helpers rejects cancellation for ineligible transaction states","status":"passed","title":"rejects cancellation for ineligible transaction states","duration":1.0185999999994237,"failureMessages":[],"meta":{},"tags":[]},{"ancestorTitles":["accounting model helpers"],"fullName":"accounting model helpers validates whether a transfer can be performed between two different cashboxes","status":"passed","title":"validates whether a transfer can be performed between two different cashboxes","duration":1.0498000000006869,"failureMessages":[],"meta":{},"tags":[]},{"ancestorTitles":["accounting model helpers"],"fullName":"accounting model helpers parses order token only from documented payment/refund note patterns","status":"passed","title":"parses order token only from documented payment/refund note patterns","duration":1.7120999999970081,"failureMessages":[],"meta":{},"tags":[]}],"startTime":1782369359011,"endTime":1782369359032.7122,"status":"passed","message":"","name":"c:/Users/murzi/Desktop/project/project_goods/frontend/src/widgets/dashboard/model/accounting.test.ts"},{"assertionResults":[{"ancestorTitles":["analytics-date-range"],"fullName":"analytics-date-range validates and normalizes date ranges","status":"passed","title":"validates and normalizes date ranges","duration":5.57300000000032,"failureMessages":[],"meta":{},"tags":[]},{"ancestorTitles":["analytics-date-range"],"fullName":"analytics-date-range counts active date filters","status":"passed","title":"counts active date filters","duration":1.2228999999970256,"failureMessages":[],"meta":{},"tags":[]},{"ancestorTitles":["analytics-date-range"],"fullName":"analytics-date-range filters sales by date range","status":"passed","title":"filters sales by date range","duration":0.7564999999995052,"failureMessages":[],"meta":{},"tags":[]},{"ancestorTitles":["analytics-date-range"],"fullName":"analytics-date-range formats date range labels","status":"passed","title":"formats date range labels","duration":1.476699999999255,"failureMessages":[],"meta":{},"tags":[]}],"startTime":1782369359167,"endTime":1782369359176.4768,"status":"passed","message":"","name":"c:/Users/murzi/Desktop/project/project_goods/frontend/src/widgets/dashboard/model/analytics-date-range.test.ts"},{"assertionResults":[{"ancestorTitles":["getStoredClientCardTab"],"fullName":"getStoredClientCardTab restores devices tab from local storage","status":"passed","title":"restores devices tab from local storage","duration":4.71900000000096,"failureMessages":[],"meta":{},"tags":[]},{"ancestorTitles":["getClientStatsMap"],"fullName":"getClientStatsMap uses line items and discounts instead of salePrice * quantity","status":"passed","title":"uses line items and discounts instead of salePrice * quantity","duration":1.0684000000001106,"failureMessages":[],"meta":{},"tags":[]},{"ancestorTitles":["getClientStatsMap"],"fullName":"getClientStatsMap aggregates multiple sales for the same client","status":"passed","title":"aggregates multiple sales for the same client","duration":0.9884000000020023,"failureMessages":[],"meta":{},"tags":[]}],"startTime":1782369360710,"endTime":1782369360717.9883,"status":"passed","message":"","name":"c:/Users/murzi/Desktop/project/project_goods/frontend/src/widgets/dashboard/model/clients-workspace.test.ts"},{"assertionResults":[{"ancestorTitles":["create order product helpers"],"fullName":"create order product helpers prioritizes exact serial stock matches","status":"passed","title":"prioritizes exact serial stock matches","duration":12.461300000002666,"failureMessages":[],"meta":{},"tags":[]},{"ancestorTitles":["create order product helpers"],"fullName":"create order product helpers returns stock article/name matches before catalog fallback","status":"passed","title":"returns stock article/name matches before catalog fallback","duration":2.7462999999988824,"failureMessages":[],"meta":{},"tags":[]},{"ancestorTitles":["create order product helpers"],"fullName":"create order product helpers excludes occupied and unavailable stock suggestions","status":"passed","title":"excludes occupied and unavailable stock suggestions","duration":3.6415999999990163,"failureMessages":[],"meta":{},"tags":[]},{"ancestorTitles":["create order product helpers"],"fullName":"create order product helpers hides catalog fallback that duplicates an unavailable stock model","status":"passed","title":"hides catalog fallback that duplicates an unavailable stock model","duration":1.1751000000003842,"failureMessages":[],"meta":{},"tags":[]},{"ancestorTitles":["create order product helpers"],"fullName":"create order product helpers keeps catalog fallback for catalog-only products","status":"passed","title":"keeps catalog fallback for catalog-only products","duration":1.7199000000000524,"failureMessages":[],"meta":{},"tags":[]},{"ancestorTitles":["create order product helpers"],"fullName":"create order product helpers maps create-order sale items to linked line items","status":"passed","title":"maps create-order sale items to linked line items","duration":1.1004000000029919,"failureMessages":[],"meta":{},"tags":[]},{"ancestorTitles":["create order product helpers"],"fullName":"create order product helpers keeps catalog product ids separate from stock product ids","status":"passed","title":"keeps catalog product ids separate from stock product ids","duration":0.9038000000000466,"failureMessages":[],"meta":{},"tags":[]}],"startTime":1782369359478,"endTime":1782369359501.9038,"status":"passed","message":"","name":"c:/Users/murzi/Desktop/project/project_goods/frontend/src/widgets/dashboard/model/create-order-products.test.ts"},{"assertionResults":[{"ancestorTitles":["getEffectiveDashboardWidgetSettings"],"fullName":"getEffectiveDashboardWidgetSettings defaults collapsed to false","status":"passed","title":"defaults collapsed to false","duration":4.332999999998719,"failureMessages":[],"meta":{},"tags":[]},{"ancestorTitles":["getEffectiveDashboardWidgetSettings"],"fullName":"getEffectiveDashboardWidgetSettings reads collapsed override when provided","status":"passed","title":"reads collapsed override when provided","duration":0.5563000000001921,"failureMessages":[],"meta":{},"tags":[]}],"startTime":1782369361156,"endTime":1782369361161.5564,"status":"passed","message":"","name":"c:/Users/murzi/Desktop/project/project_goods/frontend/src/widgets/dashboard/model/dashboard-widget-settings.test.ts"},{"assertionResults":[{"ancestorTitles":["patchLineItemsById"],"fullName":"patchLineItemsById updates only service by id and does not touch product with same filtered index","status":"passed","title":"updates only service by id and does not touch product with same filtered index","duration":5.588499999998021,"failureMessages":[],"meta":{},"tags":[]},{"ancestorTitles":["canRemoveLineItemAfterPayment"],"fullName":"canRemoveLineItemAfterPayment allows removal after a partial refund leaves paid amount matching the next total","status":"passed","title":"allows removal after a partial refund leaves paid amount matching the next total","duration":1.1754000000000815,"failureMessages":[],"meta":{},"tags":[]},{"ancestorTitles":["canRemoveLineItemAfterPayment"],"fullName":"canRemoveLineItemAfterPayment blocks removal when the paid amount would exceed the next total","status":"passed","title":"blocks removal when the paid amount would exceed the next total","duration":0.6517999999996391,"failureMessages":[],"meta":{},"tags":[]},{"ancestorTitles":["canRemoveLineItemAfterPayment"],"fullName":"canRemoveLineItemAfterPayment allows removal for an unpaid order","status":"passed","title":"allows removal for an unpaid order","duration":0.6450999999979103,"failureMessages":[],"meta":{},"tags":[]},{"ancestorTitles":["canRemoveLineItemAfterPayment"],"fullName":"canRemoveLineItemAfterPayment does not treat bound serials as a payment blocker","status":"passed","title":"does not treat bound serials as a payment blocker","duration":0.6080000000001746,"failureMessages":[],"meta":{},"tags":[]}],"startTime":1782369360306,"endTime":1782369360315.608,"status":"passed","message":"","name":"c:/Users/murzi/Desktop/project/project_goods/frontend/src/widgets/dashboard/model/line-item-ops.test.ts"},{"assertionResults":[{"ancestorTitles":["shouldCreateMissingServiceOnSubmit"],"fullName":"shouldCreateMissingServiceOnSubmit returns true for a missing service without selected id and exact suggestion","status":"passed","title":"returns true for a missing service without selected id and exact suggestion","duration":4.591899999999441,"failureMessages":[],"meta":{},"tags":[]},{"ancestorTitles":["shouldCreateMissingServiceOnSubmit"],"fullName":"shouldCreateMissingServiceOnSubmit returns false when service is already selected","status":"passed","title":"returns false when service is already selected","duration":0.5974999999998545,"failureMessages":[],"meta":{},"tags":[]},{"ancestorTitles":["shouldCreateMissingServiceOnSubmit"],"fullName":"shouldCreateMissingServiceOnSubmit returns false when exact suggestion exists (case-insensitive)","status":"passed","title":"returns false when exact suggestion exists (case-insensitive)","duration":0.5100999999995111,"failureMessages":[],"meta":{},"tags":[]},{"ancestorTitles":["buildMissingServicePayload"],"fullName":"buildMissingServicePayload builds payload with trimmed name and string price","status":"passed","title":"builds payload with trimmed name and string price","duration":3.054099999997561,"failureMessages":[],"meta":{},"tags":[]}],"startTime":1782369360368,"endTime":1782369360377.0542,"status":"passed","message":"","name":"c:/Users/murzi/Desktop/project/project_goods/frontend/src/widgets/dashboard/model/missingService.test.ts"},{"assertionResults":[{"ancestorTitles":["order line serial helpers"],"fullName":"order line serial helpers marks serials already bound to the current sale as unavailable","status":"passed","title":"marks serials already bound to the current sale as unavailable","duration":5.078799999999319,"failureMessages":[],"meta":{},"tags":[]},{"ancestorTitles":["order line serial helpers"],"fullName":"order line serial helpers builds atomic serialized product line items","status":"passed","title":"builds atomic serialized product line items","duration":0.9945999999981723,"failureMessages":[],"meta":{},"tags":[]}],"startTime":1782369360852,"endTime":1782369360857.9946,"status":"passed","message":"","name":"c:/Users/murzi/Desktop/project/project_goods/frontend/src/widgets/dashboard/model/order-line-serials.test.ts"},{"assertionResults":[{"ancestorTitles":["product model aggregation"],"fullName":"product model aggregation matches products by exact normalized name and aggregates stock by warehouse","status":"passed","title":"matches products by exact normalized name and aggregates stock by warehouse","duration":7.766400000000431,"failureMessages":[],"meta":{},"tags":[]},{"ancestorTitles":["product model aggregation"],"fullName":"product model aggregation returns an empty read-only model when no stock rows match","status":"passed","title":"returns an empty read-only model when no stock rows match","duration":0.9551999999966938,"failureMessages":[],"meta":{},"tags":[]},{"ancestorTitles":["product model aggregation"],"fullName":"product model aggregation maps modal price fields to the model update payload","status":"passed","title":"maps modal price fields to the model update payload","duration":0.9108000000014727,"failureMessages":[],"meta":{},"tags":[]}],"startTime":1782369360181,"endTime":1782369360190.911,"status":"passed","message":"","name":"c:/Users/murzi/Desktop/project/project_goods/frontend/src/widgets/dashboard/model/product-model.test.ts"},{"assertionResults":[{"ancestorTitles":["rapid-sale-line-items"],"fullName":"rapid-sale-line-items returns only selectable stock suggestions","status":"passed","title":"returns only selectable stock suggestions","duration":8.515599999998813,"failureMessages":[],"meta":{},"tags":[]},{"ancestorTitles":["rapid-sale-line-items"],"fullName":"rapid-sale-line-items builds mixed product and service line items","status":"passed","title":"builds mixed product and service line items","duration":2.1503000000011525,"failureMessages":[],"meta":{},"tags":[]},{"ancestorTitles":["rapid-sale-line-items"],"fullName":"rapid-sale-line-items validates draft requirements","status":"passed","title":"validates draft requirements","duration":0.7966999999989639,"failureMessages":[],"meta":{},"tags":[]}],"startTime":1782369359875,"endTime":1782369359886.7966,"status":"passed","message":"","name":"c:/Users/murzi/Desktop/project/project_goods/frontend/src/widgets/dashboard/model/rapid-sale-line-items.test.ts"},{"assertionResults":[{"ancestorTitles":["sale-client-display"],"fullName":"sale-client-display shows rapid sale label for rapid sales","status":"passed","title":"shows rapid sale label for rapid sales","duration":5.899900000000343,"failureMessages":[],"meta":{},"tags":[]},{"ancestorTitles":["sale-client-display"],"fullName":"sale-client-display includes rapid sale search aliases","status":"passed","title":"includes rapid sale search aliases","duration":2.4461000000010245,"failureMessages":[],"meta":{},"tags":[]}],"startTime":1782369360775,"endTime":1782369360783.446,"status":"passed","message":"","name":"c:/Users/murzi/Desktop/project/project_goods/frontend/src/widgets/dashboard/model/sale-client-display.test.ts"},{"assertionResults":[{"ancestorTitles":["sales analytics"],"fullName":"sales analytics uses line items and discounts for sale totals","status":"passed","title":"uses line items and discounts for sale totals","duration":4.826099999998405,"failureMessages":[],"meta":{},"tags":[]},{"ancestorTitles":["sales analytics"],"fullName":"sales analytics builds current-month revenue, payment and stock metrics","status":"passed","title":"builds current-month revenue, payment and stock metrics","duration":13.652999999998428,"failureMessages":[],"meta":{},"tags":[]},{"ancestorTitles":["sales analytics"],"fullName":"sales analytics filters analytics by custom date range with a single chart series","status":"passed","title":"filters analytics by custom date range with a single chart series","duration":7.760099999999511,"failureMessages":[],"meta":{},"tags":[]},{"ancestorTitles":["sales analytics"],"fullName":"sales analytics returns stable empty-state values without records","status":"passed","title":"returns stable empty-state values without records","duration":2.5930999999982305,"failureMessages":[],"meta":{},"tags":[]}],"startTime":1782369359410,"endTime":1782369359438.593,"status":"passed","message":"","name":"c:/Users/murzi/Desktop/project/project_goods/frontend/src/widgets/dashboard/model/sales-analytics.test.ts"},{"assertionResults":[{"ancestorTitles":["settings panel model"],"fullName":"settings panel model validates required and optional company fields","status":"passed","title":"validates required and optional company fields","duration":6.674199999997654,"failureMessages":[],"meta":{},"tags":[]},{"ancestorTitles":["settings panel model"],"fullName":"settings panel model uses company fields in preview values and falls back to demo data","status":"passed","title":"uses company fields in preview values and falls back to demo data","duration":4.450099999998201,"failureMessages":[],"meta":{},"tags":[]},{"ancestorTitles":["settings panel model"],"fullName":"settings panel model exposes company, print form, dashboard and backup tabs","status":"passed","title":"exposes company, print form, dashboard and backup tabs","duration":1.1799000000028173,"failureMessages":[],"meta":{},"tags":[]},{"ancestorTitles":["settings panel model"],"fullName":"settings panel model reads a stored visible tab and falls back for hidden or invalid values","status":"passed","title":"reads a stored visible tab and falls back for hidden or invalid values","duration":1.4059999999990396,"failureMessages":[],"meta":{},"tags":[]},{"ancestorTitles":["settings panel model"],"fullName":"settings panel model falls back when localStorage is unavailable","status":"passed","title":"falls back when localStorage is unavailable","duration":2.9632000000019616,"failureMessages":[],"meta":{},"tags":[]}],"startTime":1782369359608,"endTime":1782369359624.9631,"status":"passed","message":"","name":"c:/Users/murzi/Desktop/project/project_goods/frontend/src/widgets/dashboard/model/settings-panel.test.ts"},{"assertionResults":[{"ancestorTitles":["stock balance"],"fullName":"stock balance hides issued stock by strict product id","status":"passed","title":"hides issued stock by strict product id","duration":8.863800000002811,"failureMessages":[],"meta":{},"tags":[]},{"ancestorTitles":["stock balance"],"fullName":"stock balance hides issued stock by exact serial only","status":"passed","title":"hides issued stock by exact serial only","duration":1.095099999998638,"failureMessages":[],"meta":{},"tags":[]},{"ancestorTitles":["stock balance"],"fullName":"stock balance does not link stock by similar product names","status":"passed","title":"does not link stock by similar product names","duration":1.0828000000001339,"failureMessages":[],"meta":{},"tags":[]},{"ancestorTitles":["stock balance"],"fullName":"stock balance maps warehouse and location by id, purchase place, then fallback","status":"passed","title":"maps warehouse and location by id, purchase place, then fallback","duration":3.120200000001205,"failureMessages":[],"meta":{},"tags":[]},{"ancestorTitles":["stock balance"],"fullName":"stock balance uses supplier order supplier before purchase place fallback","status":"passed","title":"uses supplier order supplier before purchase place fallback","duration":1.1674999999995634,"failureMessages":[],"meta":{},"tags":[]},{"ancestorTitles":["stock balance"],"fullName":"stock balance links supplier order only through exact product provenance","status":"passed","title":"links supplier order only through exact product provenance","duration":1.5319999999992433,"failureMessages":[],"meta":{},"tags":[]},{"ancestorTitles":["stock balance"],"fullName":"stock balance does not infer supplier order from matching name or catalog product","status":"passed","title":"does not infer supplier order from matching name or catalog product","duration":0.8207000000002154,"failureMessages":[],"meta":{},"tags":[]},{"ancestorTitles":["stock balance"],"fullName":"stock balance ignores product provenance that points to a missing supplier order item","status":"passed","title":"ignores product provenance that points to a missing supplier order item","duration":0.7231999999967229,"failureMessages":[],"meta":{},"tags":[]}],"startTime":1782369359940,"endTime":1782369359958.7231,"status":"passed","message":"","name":"c:/Users/murzi/Desktop/project/project_goods/frontend/src/widgets/dashboard/model/stock-balance.test.ts"},{"assertionResults":[{"ancestorTitles":["supplier-order-utils"],"fullName":"supplier-order-utils builds supplier order number with item postfix","status":"passed","title":"builds supplier order number with item postfix","duration":5.342000000000553,"failureMessages":[],"meta":{},"tags":[]},{"ancestorTitles":["supplier-order-utils"],"fullName":"supplier-order-utils updates only selected item and keeps others unchanged","status":"passed","title":"updates only selected item and keeps others unchanged","duration":5.736100000001898,"failureMessages":[],"meta":{},"tags":[]},{"ancestorTitles":["supplier-order-utils"],"fullName":"supplier-order-utils returns active supplier suggestions by name or phone","status":"passed","title":"returns active supplier suggestions by name or phone","duration":1.47269999999844,"failureMessages":[],"meta":{},"tags":[]},{"ancestorTitles":["supplier-order-utils"],"fullName":"supplier-order-utils builds totals and outstanding amount","status":"passed","title":"builds totals and outstanding amount","duration":3.154100000003382,"failureMessages":[],"meta":{},"tags":[]},{"ancestorTitles":["supplier-order-utils"],"fullName":"supplier-order-utils finds popular products by quantity, value, and frequency","status":"passed","title":"finds popular products by quantity, value, and frequency","duration":1.4788000000007742,"failureMessages":[],"meta":{},"tags":[]},{"ancestorTitles":["supplier-order-utils"],"fullName":"supplier-order-utils detects low and high unit prices plus product price ranges","status":"passed","title":"detects low and high unit prices plus product price ranges","duration":1.7229999999981374,"failureMessages":[],"meta":{},"tags":[]},{"ancestorTitles":["supplier-order-utils"],"fullName":"supplier-order-utils summarizes supplier spend and pending amount","status":"passed","title":"summarizes supplier spend and pending amount","duration":1.0220999999983178,"failureMessages":[],"meta":{},"tags":[]},{"ancestorTitles":["supplier-order-utils"],"fullName":"supplier-order-utils calculates overdue and late-risk orders with an injected date","status":"passed","title":"calculates overdue and late-risk orders with an injected date","duration":0.9873000000006869,"failureMessages":[],"meta":{},"tags":[]},{"ancestorTitles":["supplier-order-utils"],"fullName":"supplier-order-utils returns empty analytics for no supplier orders","status":"passed","title":"returns empty analytics for no supplier orders","duration":1.5686000000023341,"failureMessages":[],"meta":{},"tags":[]}],"startTime":1782369359443,"endTime":1782369359465.5686,"status":"passed","message":"","name":"c:/Users/murzi/Desktop/project/project_goods/frontend/src/widgets/dashboard/model/supplier-order-utils.test.ts"},{"assertionResults":[{"ancestorTitles":["supplier-orders-workspace"],"fullName":"supplier-orders-workspace parses persisted filters with legacy deliveryDate fallback","status":"passed","title":"parses persisted filters with legacy deliveryDate fallback","duration":6.913200000002689,"failureMessages":[],"meta":{},"tags":[]},{"ancestorTitles":["supplier-orders-workspace"],"fullName":"supplier-orders-workspace falls back to default filters for invalid persisted JSON","status":"passed","title":"falls back to default filters for invalid persisted JSON","duration":0.878099999998085,"failureMessages":[],"meta":{},"tags":[]},{"ancestorTitles":["supplier-orders-workspace"],"fullName":"supplier-orders-workspace normalizes persisted columns to known keys only","status":"passed","title":"normalizes persisted columns to known keys only","duration":1.1911000000000058,"failureMessages":[],"meta":{},"tags":[]},{"ancestorTitles":["supplier-orders-workspace"],"fullName":"supplier-orders-workspace filters by query, status, payment status, and date range","status":"passed","title":"filters by query, status, payment status, and date range","duration":1.4085000000013679,"failureMessages":[],"meta":{},"tags":[]},{"ancestorTitles":["supplier-orders-workspace"],"fullName":"supplier-orders-workspace filters to starred supplier orders only","status":"passed","title":"filters to starred supplier orders only","duration":0.7957999999998719,"failureMessages":[],"meta":{},"tags":[]},{"ancestorTitles":["supplier-orders-workspace"],"fullName":"supplier-orders-workspace builds grouped item rows with display numbers","status":"passed","title":"builds grouped item rows with display numbers","duration":1.0355000000017753,"failureMessages":[],"meta":{},"tags":[]}],"startTime":1782369360014,"endTime":1782369360026.0354,"status":"passed","message":"","name":"c:/Users/murzi/Desktop/project/project_goods/frontend/src/widgets/dashboard/model/supplier-orders-workspace.test.ts"},{"assertionResults":[{"ancestorTitles":["warehouse information"],"fullName":"warehouse information counts location usage from all product records","status":"passed","title":"counts location usage from all product records","duration":6.133999999998196,"failureMessages":[],"meta":{},"tags":[]},{"ancestorTitles":["warehouse information"],"fullName":"warehouse information groups products, locations and suppliers including inactive warehouses","status":"passed","title":"groups products, locations and suppliers including inactive warehouses","duration":8.538999999997031,"failureMessages":[],"meta":{},"tags":[]},{"ancestorTitles":["warehouse information"],"fullName":"warehouse information filters stock rows by purchase date and updates summaries","status":"passed","title":"filters stock rows by purchase date and updates summaries","duration":4.1150999999990745,"failureMessages":[],"meta":{},"tags":[]},{"ancestorTitles":["warehouse information"],"fullName":"warehouse information sorts latest purchase date ascending and descending","status":"passed","title":"sorts latest purchase date ascending and descending","duration":1.637800000000425,"failureMessages":[],"meta":{},"tags":[]},{"ancestorTitles":["warehouse information"],"fullName":"warehouse information matches supplier filters by partial supplier text","status":"passed","title":"matches supplier filters by partial supplier text","duration":1.3047999999980675,"failureMessages":[],"meta":{},"tags":[]}],"startTime":1782369359834,"endTime":1782369359856.3047,"status":"passed","message":"","name":"c:/Users/murzi/Desktop/project/project_goods/frontend/src/widgets/dashboard/model/warehouse-information.test.ts"},{"assertionResults":[{"ancestorTitles":["warehouse-panel receipts filtering"],"fullName":"warehouse-panel receipts filtering keeps only receipts linked to starred supplier orders","status":"passed","title":"keeps only receipts linked to starred supplier orders","duration":5.468400000001566,"failureMessages":[],"meta":{},"tags":[]}],"startTime":1782369361191,"endTime":1782369361196.4685,"status":"passed","message":"","name":"c:/Users/murzi/Desktop/project/project_goods/frontend/src/widgets/dashboard/model/warehouse-panel.test.ts"},{"assertionResults":[{"ancestorTitles":["weather-scene-params"],"fullName":"weather-scene-params resolves wind tiers from km/h speed","status":"passed","title":"resolves wind tiers from km/h speed","duration":5.309800000002724,"failureMessages":[],"meta":{},"tags":[]},{"ancestorTitles":["weather-scene-params"],"fullName":"weather-scene-params maps wind direction to compass points","status":"passed","title":"maps wind direction to compass points","duration":1.070400000000518,"failureMessages":[],"meta":{},"tags":[]},{"ancestorTitles":["weather-scene-params"],"fullName":"weather-scene-params scales rain and snow particle counts by intensity","status":"passed","title":"scales rain and snow particle counts by intensity","duration":1.5054999999993015,"failureMessages":[],"meta":{},"tags":[]},{"ancestorTitles":["weather-scene-params"],"fullName":"weather-scene-params enables wind streaks and slant for windy conditions","status":"passed","title":"enables wind streaks and slant for windy conditions","duration":4.132200000000012,"failureMessages":[],"meta":{},"tags":[]}],"startTime":1782369359999,"endTime":1782369360011.132,"status":"passed","message":"","name":"c:/Users/murzi/Desktop/project/project_goods/frontend/src/widgets/dashboard/model/weather-scene-params.test.ts"},{"assertionResults":[{"ancestorTitles":["AccountingCashboxesView"],"fullName":"AccountingCashboxesView renders totals, cashbox balances, management controls and action callbacks","status":"passed","title":"renders totals, cashbox balances, management controls and action callbacks","duration":574.844000000001,"failureMessages":[],"meta":{},"tags":[]},{"ancestorTitles":["AccountingCashboxesView"],"fullName":"AccountingCashboxesView scrolls the operation panel into view when starting a cashbox transaction","status":"passed","title":"scrolls the operation panel into view when starting a cashbox transaction","duration":164.75640000000203,"failureMessages":[],"meta":{},"tags":[]},{"ancestorTitles":["AccountingCashboxesView"],"fullName":"AccountingCashboxesView hides unauthorized controls and renders empty balances","status":"passed","title":"hides unauthorized controls and renders empty balances","duration":31.50460000000021,"failureMessages":[],"meta":{},"tags":[]},{"ancestorTitles":["AccountingCas
[...]
ailures","duration":220.76469999999972,"failureMessages":[],"meta":{},"tags":[]},{"ancestorTitles":["useAccountingPreferences"],"fullName":"useAccountingPreferences falls back when stored target memory is malformed","status":"passed","title":"falls back when stored target memory is malformed","duration":10.153800000000047,"failureMessages":[],"meta":{},"tags":[]}],"startTime":1782369357421,"endTime":1782369358152.1538,"status":"passed","message":"","name":"c:/Users/murzi/Desktop/project/project_goods/frontend/src/widgets/dashboard/ui/useAccountingPreferences.test.tsx"},{"assertionResults":[{"ancestorTitles":["ReceiptsTable favorites"],"fullName":"ReceiptsTable favorites calls the favorite handler for linked supplier-order receipts","status":"passed","title":"calls the favorite handler for linked supplier-order receipts","duration":175.6849000000002,"failureMessages":[],"meta":{},"tags":[]},{"ancestorTitles":["ReceiptsTable favorites"],"fullName":"ReceiptsTable favorites does not render a star button for manual receipt rows","status":"passed","title":"does not render a star button for manual receipt rows","duration":35.24140000000261,"failureMessages":[],"meta":{},"tags":[]}],"startTime":1782369358362,"endTime":1782369358573.2415,"status":"passed","message":"","name":"c:/Users/murzi/Desktop/project/project_goods/frontend/src/widgets/dashboard/ui/WarehouseTables.test.tsx"},{"assertionResults":[{"ancestorTitles":["WarehouseToolbar serial printing"],"fullName":"WarehouseToolbar serial printing enables selected serial printing when selected rows have serial numbers","status":"passed","title":"enables selected serial printing when selected rows have serial numbers","duration":260.1241000000009,"failureMessages":[],"meta":{},"tags":[]},{"ancestorTitles":["WarehouseToolbar serial printing"],"fullName":"WarehouseToolbar serial printing keeps selected serial printing disabled without serial numbers","status":"passed","title":"keeps selected serial printing disabled without serial numbers","duration":76.76889999999912,"failureMessages":[],"meta":{},"tags":[]},{"ancestorTitles":["WarehouseToolbar serial printing"],"fullName":"WarehouseToolbar serial printing renders translated warehouse toolbar labels","status":"passed","title":"renders translated warehouse toolbar labels","duration":92.52520000000004,"failureMessages":[],"meta":{},"tags":[]},{"ancestorTitles":["WarehouseToolbar serial printing"],"fullName":"WarehouseToolbar serial printing updates warehouse toolbar labels when language changes","status":"passed","title":"updates warehouse toolbar labels when language changes","duration":134.0106999999989,"failureMessages":[],"meta":{},"tags":[]},{"ancestorTitles":["WarehouseToolbar serial printing"],"fullName":"WarehouseToolbar serial printing clears selected stock rows from the toolbar counter","status":"passed","title":"clears selected stock rows from the toolbar counter","duration":79.74629999999888,"failureMessages":[],"meta":{},"tags":[]}],"startTime":1782369356888,"endTime":1782369357531.7463,"status":"passed","message":"","name":"c:/Users/murzi/Desktop/project/project_goods/frontend/src/widgets/dashboard/ui/WarehouseToolbar.test.tsx"},{"assertionResults":[{"ancestorTitles":["WeatherAnimatedScene"],"fullName":"WeatherAnimatedScene renders sky layers for every condition","status":"passed","title":"renders sky layers for every condition","duration":58.4272000000019,"failureMessages":[],"meta":{},"tags":[]},{"ancestorTitles":["WeatherAnimatedScene"],"fullName":"WeatherAnimatedScene renders sun and svg rays for clear","status":"passed","title":"renders sun and svg rays for clear","duration":17.196100000001024,"failureMessages":[],"meta":{},"tags":[]},{"ancestorTitles":["WeatherAnimatedScene"],"fullName":"WeatherAnimatedScene renders sun glow, rays, and clouds for partly-cloudy","status":"passed","title":"renders sun glow, rays, and clouds for partly-cloudy","duration":19.919799999999668,"failureMessages":[],"meta":{},"tags":[]},{"ancestorTitles":["WeatherAnimatedScene"],"fullName":"WeatherAnimatedScene renders clouds without sun for cloudy","status":"passed","title":"renders clouds without sun for cloudy","duration":8.573099999997794,"failureMessages":[],"meta":{},"tags":[]},{"ancestorTitles":["WeatherAnimatedScene"],"fullName":"WeatherAnimatedScene renders rain drops for rain","status":"passed","title":"renders rain drops for rain","duration":16.03099999999904,"failureMessages":[],"meta":{},"tags":[]},{"ancestorTitles":["WeatherAnimatedScene"],"fullName":"WeatherAnimatedScene marks animated scenes for css-driven motion","status":"passed","title":"marks animated scenes for css-driven motion","duration":9.113400000002002,"failureMessages":[],"meta":{},"tags":[]},{"ancestorTitles":["WeatherAnimatedScene"],"fullName":"WeatherAnimatedScene renders fog scene elements","status":"passed","title":"renders fog scene elements","duration":7.605100000000675,"failureMessages":[],"meta":{},"tags":[]},{"ancestorTitles":["WeatherAnimatedScene"],"fullName":"WeatherAnimatedScene renders snow scene elements","status":"passed","title":"renders snow scene elements","duration":18.97769999999946,"failureMessages":[],"meta":{},"tags":[]},{"ancestorTitles":["WeatherAnimatedScene"],"fullName":"WeatherAnimatedScene renders thunder scene elements","status":"passed","title":"renders thunder scene elements","duration":17.113099999998667,"failureMessages":[],"meta":{},"tags":[]},{"ancestorTitles":["WeatherAnimatedScene"],"fullName":"WeatherAnimatedScene applies intensity and wind modifiers for openweather-like payloads","status":"passed","title":"applies intensity and wind modifiers for openweather-like payloads","duration":19.751499999998487,"failureMessages":[],"meta":{},"tags":[]}],"startTime":1782369358286,"endTime":1782369358479.7515,"status":"passed","message":"","name":"c:/Users/murzi/Desktop/project/project_goods/frontend/src/widgets/dashboard/ui/WeatherAnimatedScene.test.tsx"},{"assertionResults":[{"ancestorTitles":["WeatherVisual"],"fullName":"WeatherVisual renders animated scene with wind and intensity metadata","status":"failed","title":"renders animated scene with wind and intensity metadata","duration":142.45859999999993,"failureMessages":["TestingLibraryElementError: Unable to find an element with the text: /Wind 24 km\\/h E/. This could be because the text is broken up by multiple elements. In this case, you can provide a function for your text matcher to make your matcher more flexible.\n\nIgnored nodes: comments, script, style\n\u001b[36m<body>\u001b[39m\n  \u001b[36m<div>\u001b[39m\n    \u001b[36m<article\u001b[39m\n      \u001b[33mclass\u001b[39m=\u001b[32m\"weather-visual weather-visual-rain weather-visual--intensity-heavy weather-visual--animated weather-visual-hero\"\u001b[39m\n    \u001b[36m>\u001b[39m\n      \u001b[36m<div\u001b[39m\n        \u001b[33mclass\u001b[39m=\u001b[32m\"weather-visual-media\"\u001b[39m\n      \u001b[36m>\u001b[39m\n        \u001b[36m<div\u001b[39m\n          \u001b[33maria-hidden\u001b[39m=\u001b[32m\"true\"\u001b[39m\n          \u001b[33mclass\u001b[39m=\u001b[32m\"weather-scene weather-scene-rain weather-scene--intensity-heavy weather-scene--wind-breezy weather-scene-hero weather-scene--animated\"\u001b[39m\n          \u001b[33mdata-weather-condition\u001b[39m=\u001b[32m\"rain\"\u001b[39m\n          \u001b[33mdata-weather-intensity\u001b[39m=\u001b[32m\"heavy\"\u001b[39m\n          \u001b[33mstyle\u001b[39m=\u001b[32m\"--weather-wind-slant: 14deg; --weather-wind-drift-x: 5px; --weather-wind-speed: 24; --weather-cloud-drift-duration: 7.5s; --weather-rain-duration: 0.55s; --weather-snow-duration: 2s; --weather-lightning-duration: 3.2s;\"\u001b[39m\n        \u001b[36m>\u001b[39m\n          \u001b[36m<svg\u001b[39m\n            \u001b[33maria-hidden\u001b[39m=\u001b[32m\"true\"\u001b[39m\n            \u001b[33mclass\u001b[39m=\u001b[32m\"weather-scene-sky-fallback\"\u001b[39m\n            \u001b[33mpreserveAspectRatio\u001b[39m=\u001b[32m\"none\"\u001b[39m\n            \u001b[33mviewBox\u001b[39m=\u001b[32m\"0 0 100 100\"\u001b[39m\n          \u001b[36m>\u001b[39m\n            \u001b[36m<defs>\u001b[39m\n              \u001b[36m<lineargradient\u001b[39m\n                \u001b[33mid\u001b[39m=\u001b[32m\"weather-scene-sky-rain-heavy\"\u001b[39m\n                \u001b[33mx1\u001b[39m=\u001b[32m\"0\"\u001b[39m\n                \u001b[33mx2\u001b[39m=\u001b[32m\"0\"\u001b[39m\n                \u001b[33my1\u001b[39m=\u001b[32m\"0\"\u001b[39m\n                \u001b[33my2\u001b[39m=\u001b[32m\"1\"\u001b[39m\n              \u001b[36m>\u001b[39m\n                \u001b[36m<stop\u001b[39m\n                  \u001b[33moffset\u001b[39m=\u001b[32m\"0%\"\u001b[39m\n                  \u001b[33mstop-color\u001b[39m=\u001b[32m\"#334155\"\u001b[39m\n                \u001b[36m/>\u001b[39m\n                \u001b[36m<stop\u001b[39m\n                  \u001b[33moffset\u001b[39m=\u001b[32m\"55%\"\u001b[39m\n                  \u001b[33mstop-color\u001b[39m=\u001b[32m\"#475569\"\u001b[39m\n                \u001b[36m/>\u001b[39m\n                \u001b[36m<stop\u001b[39m\n                  \u001b[33moffset\u001b[39m=\u001b[32m\"100%\"\u001b[39m\n                  \u001b[33mstop-color\u001b[39m=\u001b[32m\"#64748b\"\u001b[39m\n                \u001b[36m/>\u001b[39m\n              \u001b[36m</lineargradient>\u001b[39m\n            \u001b[36m</defs>\u001b[39m\n            \u001b[36m<rect\u001b[39m\n              \u001b[33mfill\u001b[39m=\u001b[32m\"url(#weather-scene-sky-rain-heavy)\"\u001b[39m\n              \u001b[33mheight\u001b[39m=\u001b[32m\"100\"\u001b[39m\n              \u001b[33mwidth\u001b[39m=\u001b[32m\"100\"\u001b[39m\n            \u001b[36m/>\u001b[39m\n          \u001b[36m</svg>\u001b[39m\n          \u001b[36m<div\u001b[39m\n            \u001b[33mclass\u001b[39m=\u001b[32m\"weather-scene-sky\"\u001b[39m\n          \u001b[36m/>\u001b[39m\n          \u001b[36m<div\u001b[39m\n            \u001b[33mclass\u001b[39m=\u001b[32m\"weather-scene-cloud weather-scene-cloud-a weather-scene-cloud-dark\"\u001b[39m\n          \u001b[36m/>\u001b[39m\n          \u001b[36m<div\u001b[39m\n            \u001b[33mclass\u001b[39m=\u001b[32m\"weather-scene-cloud weather-scene-cloud-b weather-scene-cloud-dark\"\u001b[39m\n          \u001b[36m/>\u001b[39m\n          \u001b[36m<div\u001b[39m\n            \u001b[33mclass\u001b[39m=\u001b[32m\"weather-scene-rain\"\u001b[39m\n          \u001b[36m>\u001b[39m\n            \u001b[36m<span\u001b[39m\n              \u001b[33mclass\u001b[39m=\u001b[32m\"weather-scene-rain-drop\"\u001b[39m\n              \u001b[33mstyle\u001b[39m=\u001b[32m\"left: 4%; animation-delay: 0s;\"\u001b[39m\n            \u001b[36m/>\u001b[39m\n            \u001b[36m<span\u001b[39m\n              \u001b[33mclass\u001b[39m=\u001b[32m\"weather-scene-rain-drop\"\u001b[39m\n              \u001b[33mstyle\u001b[39m=\u001b[32m\"left: 8.285714285714285%; animation-delay: 0.1s;\"\u001b[39m\n            \u001b[36m/>\u001b[39m\n            \u001b[36m<span\u001b[39m\n              \u001b[33mclass\u001b[39m=\u001b[32m\"weather-scene-rain-drop\"\u001b[39m\n              \u001b[33mstyle\u001b[39m=\u001b[32m\"left: 12.571428571428571%; animation-delay: 0.2s;\"\u001b[39m\n            \u001b[36m/>\u001b[39m\n            \u001b[36m<span\u001b[39m\n              \u001b[33mclass\u001b[39m=\u001b[32m\"weather-scene-rain-drop\"\u001b[39m\n              \u001b[33mstyle\u001b[39m=\u001b[32m\"left: 16.857142857142858%; animation-delay: 0.30000000000000004s;\"\u001b[39m\n            \u001b[36m/>\u001b[39m\n            \u001b[36m<span\u001b[39m\n              \u001b[33mclass\u001b[39m=\u001b[32m\"weather-scene-rain-drop\"\u001b[39m\n              \u001b[33mstyle\u001b[39m=\u001b[32m\"left: 21.142857142857142%; animation-delay: 0.4s;\"\u001b[39m\n            \u001b[36m/>\u001b[39m\n            \u001b[36m<span\u001b[39m\n              \u001b[33mclass\u001b[39m=\u001b[32m\"weather-scene-rain-drop\"\u001b[39m\n              \u001b[33mstyle\u001b[39m=\u001b[32m\"left: 25.428571428571427%; animation-delay: 0.5s;\"\u001b[39m\n            \u001b[36m/>\u001b[39m\n            \u001b[36m<span\u001b[39m\n              \u001b[33mclass\u001b[39m=\u001b[32m\"weather-scene-rain-drop\"\u001b[39m\n              \u001b[33mstyle\u001b[39m=\u001b[32m\"left: 29.714285714285715%; animation-delay: 0.6000000000000001s;\"\u001b[39m\n            \u001b[36m/>\u001b[39m\n            \u001b[36m<span\u001b[39m\n              \u001b[33mclass\u001b[39m=\u001b[32m\"weather-scene-rain-drop\"\u001b[39m\n              \u001b[33mstyle\u001b[39m=\u001b[32m\"left: 34%; animation-delay: 0.7000000000000001s;\"\u001b[39m\n            \u001b[36m/>\u001b[39m\n            \u001b[36m<span\u001b[39m\n              \u001b[33mclass\u001b[39m=\u001b[32m\"weather-scene-rain-drop\"\u001b[39m\n              \u001b[33mstyle\u001b[39m=\u001b[32m\"left: 38.285714285714285%; animation-delay: 0.8s;\"\u001b[39m\n            \u001b[36m/>\u001b[39m\n            \u001b[36m<span\u001b[39m\n              \u001b[33mclass\u001b[39m=\u001b[32m\"weather-scene-rain-drop\"\u001b[39m\n              \u001b[33mstyle\u001b[39m=\u001b[32m\"left: 42.57142857142857%; animation-delay: 0.9s;\"\u001b[39m\n            \u001b[36m/>\u001b[39m\n            \u001b[36m<span\u001b[39m\n              \u001b[33mclass\u001b[39m=\u001b[32m\"weather-scene-rain-drop\"\u001b[39m\n              \u001b[33mstyle\u001b[39m=\u001b[32m\"left: 46.857142857142854%; animation-delay: 1s;\"\u001b[39m\n            \u001b[36m/>\u001b[39m\n            \u001b[36m<span\u001b[39m\n              \u001b[33mclass\u001b[39m=\u001b[32m\"weather-scene-rain-drop\"\u001b[39m\n              \u001b[33mstyle\u001b[39m=\u001b[32m\"left: 51.14285714285714%; animation-delay: 1.1s;\"\u001b[39m\n            \u001b[36m/>\u001b[39m\n            \u001b[36m<span\u001b[39m\n              \u001b[33mclass\u001b[39m=\u001b[32m\"weather-scene-rain-drop\"\u001b[39m\n              \u001b[33mstyle\u001b[39m=\u001b[32m\"left: 55.42857142857143%; animation-delay: 1.2000000000000002s;\"\u001b[39m\n            \u001b[36m/>\u001b[39m\n            \u001b[36m<span\u001b[39m\n              \u001b[33mclass\u001b[39m=\u001b[32m\"weather-scene-rain-drop\"\u001b[39m\n              \u001b[33mstyle\u001b[39m=\u001b[32m\"left: 59.714285714285715%; animation-delay: 1.3s;\"\u001b[39m\n            \u001b[36m/>\u001b[39m\n            \u001b[36m<span\u001b[39m\n              \u001b[33mclass\u001b[39m=\u001b[32m\"weather-scene-rain-drop\"\u001b[39m\n              \u001b[33mstyle\u001b[39m=\u001b[32m\"left: 64%; animation-delay: 1.4000000000000001s;\"\u001b[39m\n            \u001b[36m/>\u001b[39m\n            \u001b[36m<span\u001b[39m\n              \u001b[33mclass\u001b[39m=\u001b[32m\"weather-scene-rain-drop\"\u001b[39m\n              \u001b[33mstyle\u001b[39m=\u001b[32m\"left: 68.28571428571428%; animation-delay: 1.5s;\"\u001b[39m\n            \u001b[36m/>\u001b[39m\n            \u001b[36m<span\u001b[39m\n              \u001b[33mclass\u001b[39m=\u001b[32m\"weather-scene-rain-drop\"\u001b[39m\n              \u001b[33mstyle\u001b[39m=\u001b[32m\"left: 72.57142857142857%; animation-delay: 1.6s;\"\u001b[39m\n            \u001b[36m/>\u001b[39m\n            \u001b[36m<span\u001b[39m\n              \u001b[33mclass\u001b[39m=\u001b[32m\"weather-scene-rain-drop\"\u001b[39m\n              \u001b[33mstyle\u001b[39m=\u001b[32m\"left: 76.85714285714286%; animation-delay: 1.7000000000000002s;\"\u001b[39m\n            \u001b[36m/>\u001b[39m\n            \u001b[36m<span\u001b[39m\n              \u001b[33mclass\u001b[39m=\u001b[32m\"weather-scene-rain-drop\"\u001b[39m\n              \u001b[33mstyle\u001b[39m=\u001b[32m\"left: 81.14285714285714%; animation-delay: 1.8s;\"\u001b[39m\n            \u001b[36m/>\u001b[39m\n            \u001b[36m<span\u001b[39m\n              \u001b[33mclass\u001b[39m=\u001b[32m\"weather-scene-rain-drop\"\u001b[39m\n              \u001b[33mstyle\u001b[39m=\u001b[32m\"left: 85.42857142857143%; animation-delay: 1.9000000000000001s;\"\u001b[39m\n            \u001b[36m/>\u001b[39m\n            \u001b[36m<span\u001b[39m\n              \u001b[33mclass\u001b[39m=\u001b[32m\"weather-scene-rain-drop\"\u001b[39m\n              \u001b[33mstyle\u001b[39m=\u001b[32m\"left: 89.71428571428571%; animation-delay: 2s;\"\u001b[39m\n            \u001b[36m/>\u001b[39m\n            \u001b[36m<span\u001b[39m\n              \u001b[33mclass\u001b[39m=\u001b[32m\"weather-scene-rain-drop\"\u001b[39m\n              \u001b[33mstyle\u001b[39m=\u001b[32m\"left: 94%; animation-delay: 2.1s;\"\u001b[39m\n            \u001b[36m/>\u001b[39m\n          \u001b[36m</div>\u001b[39m\n        \u001b[36m</div>\u001b[39m\n      \u001b[36m</div>\u001b[39m\n      \u001b[36m<div\u001b[39m\n        \u001b[33mclass\u001b[39m=\u001b[32m\"weather-visual-copy\"\u001b[39m\n      \u001b[36m>\u001b[39m\n        \u001b[36m<span\u001b[39m\n          \u001b[33mclass\u001b[39m=\u001b[32m\"metric-label\"\u001b[39m\n        \u001b[36m>\u001b[39m\n          \u001b[0mToday\u001b[0m\n        \u001b[36m</span>\u001b[39m\n        \u001b[36m<strong\u001b[39m\n          \u001b[33mclass\u001b[39m=\u001b[32m\"weather-visual-temperature\"\u001b[39m\n        \u001b[36m>\u001b[39m\n          \u001b[0m18\u001b[0m\n          \u001b[0m°C\u001b[0m\n        \u001b[36m</strong>\u001b[39m\n        \u001b[36m<p\u001b[39m\n          \u001b[33mclass\u001b[39m=\u001b[32m\"weather-visual-meta\"\u001b[39m\n        \u001b[36m>\u001b[39m\n          \u001b[0manalytics.marketWeather.humidity\u001b[0m\n        \u001b[36m</p>\u001b[39m\n        \u001b[36m<p\u001b[39m\n          \u001b[33mclass\u001b[39m=\u001b[32m\"weather-visual-meta\"\u001b[39m\n        \u001b[36m>\u001b[39m\n          \u001b[0manalytics.marketWeather.windWithDirection\u001b[0m\n          \u001b[0manalytics.marketWeather.windGust\u001b[0m\n        \u001b[36m</p>\u001b[39m\n        \u001b[36m<p\u001b[39m\n          \u001b[33mclass\u001b[39m=\u001b[32m\"weather-visual-meta\"\u001b[39m\n        \u001b[36m>\u001b[39m\n          \u001b[0mrain\u001b[0m\n        \u001b[36m</p>\u001b[39m\n      \u001b[36m</div>\u001b[39m\n    \u001b[36m</article>\u001b[39m\n  \u001b[36m</div>\u001b[39m\n\u001b[36m</body>\u001b[39m\n    at Object.getElementError (c:\\Users\\murzi\\Desktop\\project\\project_goods\\frontend\\node_modules\\@testing-library\\dom\\dist\\config.js:37:19)\n    at c:\\Users\\murzi\\Desktop\\project\\project_goods\\frontend\\node_modules\\@testing-library\\dom\\dist\\query-helpers.js:76:38\n    at c:\\Users\\murzi\\Desktop\\project\\project_goods\\frontend\\node_modules\\@testing-library\\dom\\dist\\query-helpers.js:52:17\n    at c:\\Users\\murzi\\Desktop\\project\\project_goods\\frontend\\node_modules\\@testing-library\\dom\\dist\\query-helpers.js:95:19\n    at C:/Users/murzi/Desktop/project/project_goods/frontend/src/widgets/dashboard/ui/WeatherVisual.test.tsx:50:19\n    at file:///C:/Users/murzi/Desktop/project/project_goods/frontend/node_modules/@vitest/runner/dist/chunk-artifact.js:302:11\n    at file:///C:/Users/murzi/Desktop/project/project_goods/frontend/node_modules/@vitest/runner/dist/chunk-artifact.js:1903:26\n    at file:///C:/Users/murzi/Desktop/project/project_goods/frontend/node_modules/@vitest/runner/dist/chunk-artifact.js:2326:20\n    at new Promise (<anonymous>)\n    at runWithCancel (file:///C:/Users/murzi/Desktop/project/project_goods/frontend/node_modules/@vitest/runner/dist/chunk-artifact.js:2323:10)"],"meta":{},"tags":[]},{"ancestorTitles":["WeatherVisual"],"fullName":"WeatherVisual uses static icon in compact mode even when animated is enabled","status":"passed","title":"uses static icon in compact mode even when animated is enabled","duration":37.960000000000946,"failureMessages":[],"meta":{},"tags":[]}],"startTime":1782369351612,"endTime":1782369351792.96,"status":"failed","message":"","name":"c:/Users/murzi/Desktop/project/project_goods/frontend/src/widgets/dashboard/ui/WeatherVisual.test.tsx"}]}